Start calculation for 5 hidden nodes.
Epoch 0:	Train 1.2909671068191528	Val 1.476104497909546	Test 0.9956820011138916
Epoch 500:	Train 0.5391661524772644	Val 1.4126766920089722	Test 1.0761951208114624
Epoch 1000:	Train 0.3379206955432892	Val 1.6098442077636719	Test 1.0090255737304688
Epoch 1500:	Train 0.24028900265693665	Val 1.6946868896484375	Test 1.0073699951171875
Epoch 2000:	Train 0.19246244430541992	Val 1.8802067041397095	Test 0.9896705746650696
Epoch 2500:	Train 0.16240891814231873	Val 2.186988592147827	Test 0.9547107815742493
Epoch 3000:	Train 0.14562571048736572	Val 2.5954749584198	Test 0.9165136814117432
Epoch 3500:	Train 0.11744345724582672	Val 3.081233501434326	Test 0.8825076222419739
Epoch 4000:	Train 0.09499146044254303	Val 3.591681718826294	Test 0.8620333075523376
Epoch 4500:	Train 0.083378367125988	Val 4.024577617645264	Test 0.8490700721740723
Epoch 5000:	Train 0.07209703326225281	Val 4.311160087585449	Test 0.8402705192565918
Epoch 5500:	Train 0.06158622354269028	Val 4.426769256591797	Test 0.8336163759231567
Epoch 6000:	Train 0.05649145692586899	Val 4.389952182769775	Test 0.8305372595787048
Epoch 6500:	Train 0.051828525960445404	Val 4.28701114654541	Test 0.8323443531990051
Epoch 7000:	Train 0.04602339491248131	Val 4.174746990203857	Test 0.8330007791519165
Epoch 7500:	Train 0.042347751557826996	Val 4.029026985168457	Test 0.8390663862228394
Epoch 8000:	Train 0.0375744067132473	Val 3.8809986114501953	Test 0.8409805297851562
Epoch 8500:	Train 0.036683909595012665	Val 3.714632511138916	Test 0.8436185717582703
Epoch 9000:	Train 0.03255539759993553	Val 3.5469517707824707	Test 0.8501124382019043
Epoch 9500:	Train 0.029336249455809593	Val 3.3464882373809814	Test 0.8537134528160095
Epoch 10000:	Train 0.027407396584749222	Val 3.153282880783081	Test 0.856609582901001
Epoch 10500:	Train 0.025259966030716896	Val 2.9583325386047363	Test 0.8651353716850281
Epoch 11000:	Train 0.022204717621207237	Val 2.7480626106262207	Test 0.8697869777679443
Epoch 11500:	Train 0.02092318795621395	Val 2.5378949642181396	Test 0.874274730682373
Epoch 12000:	Train 0.019916333258152008	Val 2.3302714824676514	Test 0.8759201169013977
Epoch 12500:	Train 0.018111679702997208	Val 2.1341991424560547	Test 0.8766610026359558
Epoch 13000:	Train 0.017231322824954987	Val 1.9489238262176514	Test 0.8746250867843628
Epoch 13500:	Train 0.015678761526942253	Val 1.7721773386001587	Test 0.8713949918746948
Epoch 14000:	Train 0.015329776331782341	Val 1.610955834388733	Test 0.8672133088111877
Epoch 14500:	Train 0.01491441112011671	Val 1.4697285890579224	Test 0.8619981408119202
Epoch 15000:	Train 0.014964340254664421	Val 1.3483095169067383	Test 0.8569697141647339
Epoch 15500:	Train 0.014055830426514149	Val 1.2558910846710205	Test 0.8526064157485962
Epoch 16000:	Train 0.013255429454147816	Val 1.1921164989471436	Test 0.8480116724967957
Epoch 16500:	Train 0.013351078145205975	Val 1.1516149044036865	Test 0.8442384004592896
Epoch 17000:	Train 0.012683376669883728	Val 1.1226600408554077	Test 0.8399858474731445
Epoch 17500:	Train 0.012544815428555012	Val 1.095855712890625	Test 0.8343867063522339
Epoch 18000:	Train 0.012888562865555286	Val 1.0794336795806885	Test 0.8277356624603271
Epoch 18500:	Train 0.011991503648459911	Val 1.0578789710998535	Test 0.8208012580871582
Epoch 19000:	Train 0.011175170540809631	Val 1.042898416519165	Test 0.8124110102653503
Epoch 19500:	Train 0.01057969219982624	Val 1.0211479663848877	Test 0.8021255135536194
Epoch 20000:	Train 0.010726945474743843	Val 1.0046346187591553	Test 0.7914932370185852
Start calculation for 10 hidden nodes.
Epoch 0:	Train 1.2618149518966675	Val 1.3883529901504517	Test 0.9862951636314392
Epoch 500:	Train 0.40901684761047363	Val 1.6268558502197266	Test 1.0459673404693604
Epoch 1000:	Train 0.21904580295085907	Val 1.7372318506240845	Test 1.063279390335083
Epoch 1500:	Train 0.15609030425548553	Val 1.8061654567718506	Test 1.050362229347229
Epoch 2000:	Train 0.12281516939401627	Val 1.9349113702774048	Test 0.9938501715660095
Epoch 2500:	Train 0.09895047545433044	Val 2.1478919982910156	Test 0.9420656561851501
Epoch 3000:	Train 0.08594244718551636	Val 2.418900966644287	Test 0.8953506946563721
Epoch 3500:	Train 0.07251262664794922	Val 2.696730852127075	Test 0.8580971956253052
Epoch 4000:	Train 0.06134006381034851	Val 2.896087646484375	Test 0.8340513110160828
Epoch 4500:	Train 0.05164651945233345	Val 2.933037519454956	Test 0.8202817440032959
Epoch 5000:	Train 0.04410461708903313	Val 2.762423038482666	Test 0.8149240016937256
Epoch 5500:	Train 0.037027757614851	Val 2.502678871154785	Test 0.808722972869873
Epoch 6000:	Train 0.031961482018232346	Val 2.2241103649139404	Test 0.791710376739502
Epoch 6500:	Train 0.0270784143358469	Val 1.987046241760254	Test 0.7668306231498718
Epoch 7000:	Train 0.02340836264193058	Val 1.7748092412948608	Test 0.7391207814216614
Epoch 7500:	Train 0.020222220569849014	Val 1.5925500392913818	Test 0.7206873893737793
Epoch 8000:	Train 0.01797318272292614	Val 1.4284031391143799	Test 0.7130054235458374
Epoch 8500:	Train 0.01595636084675789	Val 1.2965415716171265	Test 0.7095087766647339
Epoch 9000:	Train 0.01412617601454258	Val 1.1937792301177979	Test 0.7059636116027832
Epoch 9500:	Train 0.013399344868957996	Val 1.1274144649505615	Test 0.7100604772567749
Epoch 10000:	Train 0.012218060903251171	Val 1.0729771852493286	Test 0.7160388827323914
Epoch 10500:	Train 0.011673137545585632	Val 1.0440819263458252	Test 0.724522590637207
Epoch 11000:	Train 0.010607217438519001	Val 1.019683837890625	Test 0.7335638999938965
Epoch 11500:	Train 0.009635663591325283	Val 0.9929030537605286	Test 0.7416619062423706
Epoch 12000:	Train 0.008523809723556042	Val 0.964791476726532	Test 0.7439579367637634
Epoch 12500:	Train 0.00799727812409401	Val 0.9397937655448914	Test 0.742339015007019
Epoch 13000:	Train 0.007152243051677942	Val 0.9123793840408325	Test 0.7354046106338501
Epoch 13500:	Train 0.0065810708329081535	Val 0.8844812512397766	Test 0.7260136604309082
Epoch 14000:	Train 0.006059837993234396	Val 0.859402060508728	Test 0.7133932113647461
Epoch 14500:	Train 0.005630876868963242	Val 0.8355798721313477	Test 0.6999512314796448
Epoch 15000:	Train 0.005314541514962912	Val 0.8082992434501648	Test 0.6869292259216309
Epoch 15500:	Train 0.005163560155779123	Val 0.7824821472167969	Test 0.6740267872810364
Epoch 16000:	Train 0.0046973200514912605	Val 0.7523962259292603	Test 0.6643736362457275
Epoch 16500:	Train 0.004599722567945719	Val 0.7212980389595032	Test 0.6589683890342712
Epoch 17000:	Train 0.004394860938191414	Val 0.6891636848449707	Test 0.653562068939209
Epoch 17500:	Train 0.004103146493434906	Val 0.6573386192321777	Test 0.6470776200294495
Epoch 18000:	Train 0.004039600491523743	Val 0.6239628791809082	Test 0.6403903961181641
Epoch 18500:	Train 0.003672321094200015	Val 0.5965393781661987	Test 0.6316074132919312
Epoch 19000:	Train 0.0034976184833794832	Val 0.5624850988388062	Test 0.623384952545166
Epoch 19500:	Train 0.0034429137594997883	Val 0.5339072942733765	Test 0.6140246391296387
Epoch 20000:	Train 0.0031701866537332535	Val 0.5087547302246094	Test 0.6041014194488525
Start calculation for 20 hidden nodes.
Epoch 0:	Train 1.4735691547393799	Val 1.5032579898834229	Test 1.0631846189498901
Epoch 500:	Train 0.30235475301742554	Val 1.6144155263900757	Test 1.0363227128982544
Epoch 1000:	Train 0.15495063364505768	Val 1.8444534540176392	Test 1.0333447456359863
Epoch 1500:	Train 0.10821403563022614	Val 2.324026107788086	Test 0.9869155883789062
Epoch 2000:	Train 0.08692706376314163	Val 3.0292105674743652	Test 0.9480500221252441
Epoch 2500:	Train 0.06999217718839645	Val 3.9175467491149902	Test 0.9051089286804199
Epoch 3000:	Train 0.057373709976673126	Val 4.860457897186279	Test 0.8664153218269348
Epoch 3500:	Train 0.04680899903178215	Val 5.777630805969238	Test 0.853512704372406
Epoch 4000:	Train 0.038469575345516205	Val 6.382554054260254	Test 0.8538018465042114
Epoch 4500:	Train 0.033611588180065155	Val 6.635622978210449	Test 0.847333550453186
Epoch 5000:	Train 0.029497314244508743	Val 6.543928623199463	Test 0.8311662673950195
Epoch 5500:	Train 0.027081239968538284	Val 6.2465667724609375	Test 0.813258707523346
Epoch 6000:	Train 0.024050472304224968	Val 5.883055686950684	Test 0.7850547432899475
Epoch 6500:	Train 0.02217109315097332	Val 5.419956207275391	Test 0.7500754594802856
Epoch 7000:	Train 0.020390845835208893	Val 4.923220157623291	Test 0.7106508016586304
Epoch 7500:	Train 0.017713744193315506	Val 4.429360866546631	Test 0.6782134771347046
Epoch 8000:	Train 0.015980351716279984	Val 3.894998073577881	Test 0.6498150825500488
Epoch 8500:	Train 0.014226609840989113	Val 3.4029903411865234	Test 0.6297094821929932
Epoch 9000:	Train 0.012412012554705143	Val 2.940650463104248	Test 0.6160474419593811
Epoch 9500:	Train 0.010577875189483166	Val 2.469160556793213	Test 0.6044623851776123
Epoch 10000:	Train 0.009031197056174278	Val 2.058671236038208	Test 0.5973175168037415
Epoch 10500:	Train 0.007933896966278553	Val 1.693359136581421	Test 0.5917761921882629
Epoch 11000:	Train 0.006851685233414173	Val 1.3734052181243896	Test 0.5871955752372742
Epoch 11500:	Train 0.005809135269373655	Val 1.0958774089813232	Test 0.5820627808570862
Epoch 12000:	Train 0.005514000542461872	Val 0.872840404510498	Test 0.5766744613647461
Epoch 12500:	Train 0.005093311425298452	Val 0.6996797323226929	Test 0.5749873518943787
Epoch 13000:	Train 0.004679610021412373	Val 0.5900324583053589	Test 0.5770102739334106
Epoch 13500:	Train 0.004338168539106846	Val 0.5223722457885742	Test 0.5817970633506775
Epoch 14000:	Train 0.004094727337360382	Val 0.48265743255615234	Test 0.5879231095314026
Epoch 14500:	Train 0.0038124769926071167	Val 0.45817843079566956	Test 0.590785801410675
Epoch 15000:	Train 0.003544130828231573	Val 0.4354186952114105	Test 0.590805172920227
Epoch 15500:	Train 0.0033171321265399456	Val 0.414945125579834	Test 0.5902906060218811
Epoch 16000:	Train 0.003145776689052582	Val 0.39387908577919006	Test 0.5877580046653748
Epoch 16500:	Train 0.0029407001566141844	Val 0.38174185156822205	Test 0.5855292081832886
Epoch 17000:	Train 0.0028386744670569897	Val 0.3634646236896515	Test 0.5834337472915649
Epoch 17500:	Train 0.0027231902349740267	Val 0.3477958142757416	Test 0.5799850821495056
Epoch 18000:	Train 0.0025770654901862144	Val 0.3314874470233917	Test 0.5779556035995483
Epoch 18500:	Train 0.0025846443604677916	Val 0.31909093260765076	Test 0.5767377614974976
Epoch 19000:	Train 0.0023694841656833887	Val 0.303656667470932	Test 0.5752074718475342
Epoch 19500:	Train 0.0022862297482788563	Val 0.2881489396095276	Test 0.574326753616333
Epoch 20000:	Train 0.002038718434050679	Val 0.27413350343704224	Test 0.5750508308410645
Start calculation for 50 hidden nodes.
Epoch 0:	Train 1.2290217876434326	Val 1.4735115766525269	Test 1.0518996715545654
Epoch 500:	Train 0.16875353455543518	Val 1.9747440814971924	Test 1.127538800239563
Epoch 1000:	Train 0.09410615265369415	Val 2.3069024085998535	Test 0.9585794806480408
Epoch 1500:	Train 0.07280653715133667	Val 2.9895882606506348	Test 0.8183127641677856
Epoch 2000:	Train 0.053273756057024	Val 3.735304594039917	Test 0.6832787990570068
Epoch 2500:	Train 0.0385054349899292	Val 4.1451826095581055	Test 0.5777412056922913
Epoch 3000:	Train 0.02881818450987339	Val 3.9194350242614746	Test 0.5151116251945496
Epoch 3500:	Train 0.022676561027765274	Val 3.3132457733154297	Test 0.4737468659877777
Epoch 4000:	Train 0.018216069787740707	Val 2.6018519401550293	Test 0.4394238293170929
Epoch 4500:	Train 0.015352320857346058	Val 2.0010359287261963	Test 0.4130973815917969
Epoch 5000:	Train 0.012931650504469872	Val 1.4985679388046265	Test 0.3969140350818634
Epoch 5500:	Train 0.011570975184440613	Val 1.148262619972229	Test 0.3921029567718506
Epoch 6000:	Train 0.010336801409721375	Val 0.8872097730636597	Test 0.3969905376434326
Epoch 6500:	Train 0.009077987633645535	Val 0.7134812474250793	Test 0.41216108202934265
Epoch 7000:	Train 0.008195541799068451	Val 0.6102621555328369	Test 0.4365336298942566
Epoch 7500:	Train 0.007264807820320129	Val 0.5685762166976929	Test 0.46745580434799194
Epoch 8000:	Train 0.0067063262686133385	Val 0.5660567283630371	Test 0.500839352607727
Epoch 8500:	Train 0.006092472467571497	Val 0.5931686162948608	Test 0.5340386629104614
Epoch 9000:	Train 0.005641118623316288	Val 0.6400771141052246	Test 0.5659326314926147
Epoch 9500:	Train 0.005115758161991835	Val 0.6977693438529968	Test 0.5879351496696472
Epoch 10000:	Train 0.004814461804926395	Val 0.7721378207206726	Test 0.6039387583732605
Epoch 10500:	Train 0.004482722841203213	Val 0.8415845036506653	Test 0.6109840869903564
Epoch 11000:	Train 0.004201012663543224	Val 0.9018207788467407	Test 0.610344648361206
Epoch 11500:	Train 0.00399706419557333	Val 0.9657659530639648	Test 0.6009924411773682
Epoch 12000:	Train 0.0037578872870653868	Val 1.01736581325531	Test 0.5878831744194031
Epoch 12500:	Train 0.003595881164073944	Val 1.0606609582901	Test 0.5716878771781921
Epoch 13000:	Train 0.003401404246687889	Val 1.0907232761383057	Test 0.5539746284484863
Epoch 13500:	Train 0.003166173119097948	Val 1.1112555265426636	Test 0.536312460899353
Epoch 14000:	Train 0.0030334845650941133	Val 1.1251463890075684	Test 0.5186313390731812
Epoch 14500:	Train 0.003000891301780939	Val 1.1488920450210571	Test 0.5002810955047607
Epoch 15000:	Train 0.002793487859889865	Val 1.149395227432251	Test 0.4810885787010193
Epoch 15500:	Train 0.0026356333401054144	Val 1.1462191343307495	Test 0.4631221294403076
Epoch 16000:	Train 0.002538335043936968	Val 1.1510058641433716	Test 0.44819971919059753
Epoch 16500:	Train 0.00243821507319808	Val 1.154750943183899	Test 0.4324674904346466
Epoch 17000:	Train 0.0021834473591297865	Val 1.1439392566680908	Test 0.4170844554901123
Epoch 17500:	Train 0.002284612040966749	Val 1.1420791149139404	Test 0.4039088487625122
Epoch 18000:	Train 0.0021042581647634506	Val 1.135719895362854	Test 0.39424043893814087
Epoch 18500:	Train 0.0020031139720231295	Val 1.1360483169555664	Test 0.38321563601493835
Epoch 19000:	Train 0.0019126305123791099	Val 1.124754548072815	Test 0.3742956817150116
Epoch 19500:	Train 0.001928046578541398	Val 1.1240942478179932	Test 0.3679845929145813
Epoch 20000:	Train 0.0017374251037836075	Val 1.1188322305679321	Test 0.3600706160068512
Epoch 20500:	Train 0.0017424548277631402	Val 1.1216728687286377	Test 0.3542729616165161
Epoch 21000:	Train 0.0015281843952834606	Val 1.1159467697143555	Test 0.3518126308917999
Epoch 21500:	Train 0.0015344454441219568	Val 1.1059232950210571	Test 0.34715113043785095
Epoch 22000:	Train 0.0014485807623714209	Val 1.1019012928009033	Test 0.3450002074241638
Epoch 22500:	Train 0.0014347161632031202	Val 1.0984582901000977	Test 0.34319445490837097
Epoch 23000:	Train 0.0013505660463124514	Val 1.1066248416900635	Test 0.3426368236541748
Epoch 23500:	Train 0.0012340025277808309	Val 1.0932047367095947	Test 0.34331488609313965
Epoch 24000:	Train 0.0012495405972003937	Val 1.0930842161178589	Test 0.3417949080467224
Epoch 24500:	Train 0.0012184421066194773	Val 1.0847384929656982	Test 0.34446603059768677
Epoch 25000:	Train 0.0011149310739710927	Val 1.0802719593048096	Test 0.34444865584373474
Epoch 25500:	Train 0.001067129778675735	Val 1.0778343677520752	Test 0.34639790654182434
Epoch 26000:	Train 0.0010318368440493941	Val 1.0770647525787354	Test 0.3466559946537018
Epoch 26500:	Train 0.0010637268424034119	Val 1.078052043914795	Test 0.3492529094219208
Epoch 27000:	Train 0.0010313845705240965	Val 1.0865514278411865	Test 0.35125887393951416
Epoch 27500:	Train 0.0010080586653202772	Val 1.0795855522155762	Test 0.3517087697982788
Epoch 28000:	Train 0.0009298132499679923	Val 1.0831280946731567	Test 0.3534662127494812
Epoch 28500:	Train 0.0009437502594664693	Val 1.0756292343139648	Test 0.35338377952575684
Epoch 29000:	Train 0.0009109790553338826	Val 1.0889437198638916	Test 0.35530364513397217
Epoch 29500:	Train 0.0008935594232752919	Val 1.0901731252670288	Test 0.35565197467803955
Epoch 30000:	Train 0.0008911251206882298	Val 1.0969858169555664	Test 0.35592150688171387
Epoch 30500:	Train 0.0008316276362165809	Val 1.0987200736999512	Test 0.35689616203308105
Epoch 31000:	Train 0.0007947622798383236	Val 1.1109821796417236	Test 0.35782691836357117
Epoch 31500:	Train 0.000822542526293546	Val 1.1189720630645752	Test 0.35713255405426025
Epoch 32000:	Train 0.0007858864846639335	Val 1.1294094324111938	Test 0.3578169047832489
Epoch 32500:	Train 0.0008155236719176173	Val 1.1390551328659058	Test 0.3557107448577881
Epoch 33000:	Train 0.0007510959403589368	Val 1.1444975137710571	Test 0.3555035889148712
Epoch 33500:	Train 0.0007742542657069862	Val 1.1662051677703857	Test 0.35486090183258057
Epoch 34000:	Train 0.0007235790835693479	Val 1.1828014850616455	Test 0.3555471897125244
Epoch 34500:	Train 0.0007220993866212666	Val 1.1914494037628174	Test 0.35381269454956055
Epoch 35000:	Train 0.0006485860794782639	Val 1.205881953239441	Test 0.351737916469574
Epoch 35500:	Train 0.0006639863131567836	Val 1.2251856327056885	Test 0.3501793146133423
Epoch 36000:	Train 0.0006868538912385702	Val 1.250545620918274	Test 0.34840404987335205
Epoch 36500:	Train 0.0007239172700792551	Val 1.2640058994293213	Test 0.3467070460319519
Epoch 37000:	Train 0.0006036064587533474	Val 1.2808139324188232	Test 0.34471750259399414
Epoch 37500:	Train 0.0006182192591950297	Val 1.308475375175476	Test 0.3429064154624939
Epoch 38000:	Train 0.0006019016727805138	Val 1.320681095123291	Test 0.340213418006897
Epoch 38500:	Train 0.0006238176138140261	Val 1.3433644771575928	Test 0.3368391692638397
Epoch 39000:	Train 0.0006160029442980886	Val 1.3665789365768433	Test 0.3343750238418579
Epoch 39500:	Train 0.0005608807550743222	Val 1.386587381362915	Test 0.3310694992542267
Epoch 40000:	Train 0.0005671619437634945	Val 1.4090081453323364	Test 0.32899218797683716
Epoch 40500:	Train 0.0005713308346457779	Val 1.4174530506134033	Test 0.3260643482208252
Epoch 41000:	Train 0.0005444783600978553	Val 1.4436668157577515	Test 0.3255157768726349
Epoch 41500:	Train 0.0005422512767836452	Val 1.4586442708969116	Test 0.3226918578147888
Epoch 42000:	Train 0.0004988362197764218	Val 1.4694737195968628	Test 0.3212352395057678
Epoch 42500:	Train 0.00047404970973730087	Val 1.4911978244781494	Test 0.31960830092430115
Epoch 43000:	Train 0.000456057779956609	Val 1.5125410556793213	Test 0.31871962547302246
Epoch 43500:	Train 0.0005249244277365506	Val 1.5202162265777588	Test 0.3158853352069855
Epoch 44000:	Train 0.0004805301723536104	Val 1.5455561876296997	Test 0.3163154125213623
Epoch 44500:	Train 0.0004610488540492952	Val 1.558724045753479	Test 0.31387999653816223
Epoch 45000:	Train 0.0004723710590042174	Val 1.5721542835235596	Test 0.31245338916778564
Epoch 45500:	Train 0.00045510116615332663	Val 1.5917798280715942	Test 0.3118268549442291
Epoch 46000:	Train 0.0004415028670337051	Val 1.6038135290145874	Test 0.3097323179244995
Epoch 46500:	Train 0.00042762368684634566	Val 1.6182210445404053	Test 0.30787694454193115
Epoch 47000:	Train 0.0003949776291847229	Val 1.6387548446655273	Test 0.30739665031433105
Epoch 47500:	Train 0.0003812881768681109	Val 1.6577342748641968	Test 0.3069123327732086
Epoch 48000:	Train 0.00039071752689778805	Val 1.6750860214233398	Test 0.3053548336029053
Epoch 48500:	Train 0.00035805528750643134	Val 1.6844513416290283	Test 0.3037486672401428
Epoch 49000:	Train 0.0003871828375849873	Val 1.6951525211334229	Test 0.3025147616863251
Epoch 49500:	Train 0.0003625052631832659	Val 1.7162199020385742	Test 0.3016820251941681
Epoch 50000:	Train 0.0003805136657319963	Val 1.728492021560669	Test 0.30004826188087463
Epoch 50500:	Train 0.0003231699229218066	Val 1.7388010025024414	Test 0.29906922578811646
Epoch 51000:	Train 0.00038909484283067286	Val 1.7557401657104492	Test 0.2976013123989105
Epoch 51500:	Train 0.0003152548451907933	Val 1.7625659704208374	Test 0.29824256896972656
Epoch 52000:	Train 0.0003073532716371119	Val 1.777478575706482	Test 0.2970878779888153
Epoch 52500:	Train 0.0002877018414437771	Val 1.794677495956421	Test 0.29653000831604004
Epoch 53000:	Train 0.0002758846094366163	Val 1.8032299280166626	Test 0.2961046099662781
Epoch 53500:	Train 0.00028696094523184	Val 1.8135576248168945	Test 0.2953539192676544
Epoch 54000:	Train 0.0002849937882274389	Val 1.8267829418182373	Test 0.2937438189983368
Epoch 54500:	Train 0.00027722195954993367	Val 1.8392953872680664	Test 0.29373452067375183
Epoch 55000:	Train 0.0002561414730735123	Val 1.8397420644760132	Test 0.2938416004180908
Epoch 55500:	Train 0.00027595629217103124	Val 1.8554290533065796	Test 0.29248756170272827
Epoch 56000:	Train 0.00026948057347908616	Val 1.863782286643982	Test 0.29232871532440186
Epoch 56500:	Train 0.0002467330195941031	Val 1.8793865442276	Test 0.29242581129074097
Epoch 57000:	Train 0.00025758089032024145	Val 1.8995716571807861	Test 0.2914073169231415
Epoch 57500:	Train 0.0002648749796207994	Val 1.8954308032989502	Test 0.29032111167907715
Epoch 58000:	Train 0.00024949078215286136	Val 1.9072691202163696	Test 0.2906584143638611
Epoch 58500:	Train 0.0002220398746430874	Val 1.9197883605957031	Test 0.2899017632007599
Epoch 59000:	Train 0.00023352968855760992	Val 1.9252700805664062	Test 0.2890477180480957
Epoch 59500:	Train 0.00019534835882950574	Val 1.9336919784545898	Test 0.2895433008670807
Epoch 60000:	Train 0.0001959955261554569	Val 1.9458484649658203	Test 0.2882605791091919
Epoch 60500:	Train 0.000203519914066419	Val 1.9450769424438477	Test 0.28863757848739624
Epoch 61000:	Train 0.00021296751219779253	Val 1.9600290060043335	Test 0.28660714626312256
Epoch 61500:	Train 0.00018724254914559424	Val 1.9602521657943726	Test 0.2871364951133728
Epoch 62000:	Train 0.00017527963791508228	Val 1.9685232639312744	Test 0.2871038019657135
Epoch 62500:	Train 0.00019381483434699476	Val 1.9655383825302124	Test 0.28477394580841064
Epoch 63000:	Train 0.0001774541597114876	Val 1.9764795303344727	Test 0.2848474085330963
Epoch 63500:	Train 0.00017156850663013756	Val 1.9818599224090576	Test 0.28485292196273804
Epoch 64000:	Train 0.00018275136244483292	Val 1.9918485879898071	Test 0.2843095660209656
Epoch 64500:	Train 0.00018969704979099333	Val 1.9824033975601196	Test 0.2826788127422333
Epoch 65000:	Train 0.00019444314239080995	Val 1.9952888488769531	Test 0.28365224599838257
Epoch 65500:	Train 0.0001635114458622411	Val 2.002943277359009	Test 0.28310561180114746
Epoch 66000:	Train 0.00015045635518617928	Val 2.004810094833374	Test 0.2824442684650421
Epoch 66500:	Train 0.00019809397053904831	Val 2.001312255859375	Test 0.2817876935005188
Epoch 67000:	Train 0.00013935995229985565	Val 2.007720708847046	Test 0.28055644035339355
Epoch 67500:	Train 0.00012958605657331645	Val 2.014026165008545	Test 0.2802670896053314
Epoch 68000:	Train 0.00012115061690565199	Val 2.013075113296509	Test 0.28053322434425354
Epoch 68500:	Train 0.00016281529678963125	Val 2.01845383644104	Test 0.27882859110832214
Epoch 69000:	Train 0.00011551319767022505	Val 2.019794225692749	Test 0.279828816652298
Epoch 69500:	Train 0.00020912953186780214	Val 2.0189287662506104	Test 0.280804842710495
Epoch 70000:	Train 0.00012297771172598004	Val 2.015058994293213	Test 0.27862614393234253
Start calculation for 100 hidden nodes.
Epoch 0:	Train 1.0736219882965088	Val 1.0358619689941406	Test 1.0447498559951782
Epoch 500:	Train 0.11933015286922455	Val 2.3688762187957764	Test 1.0658135414123535
Epoch 1000:	Train 0.07046747207641602	Val 3.0514979362487793	Test 0.7228237986564636
Epoch 1500:	Train 0.04359770938754082	Val 3.811892032623291	Test 0.4938550889492035
Epoch 2000:	Train 0.028845587745308876	Val 3.7026329040527344	Test 0.41287243366241455
Epoch 2500:	Train 0.021021714434027672	Val 2.8388493061065674	Test 0.41486334800720215
Epoch 3000:	Train 0.01706637069582939	Val 2.008357524871826	Test 0.4177747368812561
Epoch 3500:	Train 0.015048476867377758	Val 1.5135890245437622	Test 0.4162355661392212
Epoch 4000:	Train 0.013048321008682251	Val 1.3264286518096924	Test 0.40734487771987915
Epoch 4500:	Train 0.011856066063046455	Val 1.4021762609481812	Test 0.3970848023891449
Epoch 5000:	Train 0.010470042005181313	Val 1.6925503015518188	Test 0.3853488564491272
Epoch 5500:	Train 0.00947016291320324	Val 2.143186092376709	Test 0.3748200833797455
Epoch 6000:	Train 0.008927920833230019	Val 2.683170795440674	Test 0.36472320556640625
Epoch 6500:	Train 0.008012334816157818	Val 3.3182320594787598	Test 0.36027002334594727
Epoch 7000:	Train 0.007003618869930506	Val 3.938075304031372	Test 0.35685646533966064
Epoch 7500:	Train 0.006428995635360479	Val 4.496947288513184	Test 0.35270029306411743
Epoch 8000:	Train 0.0057839700020849705	Val 5.057018756866455	Test 0.353369802236557
Epoch 8500:	Train 0.005398218985646963	Val 5.654587745666504	Test 0.3503599166870117
Epoch 9000:	Train 0.005035921931266785	Val 6.177496910095215	Test 0.3501549959182739
Epoch 9500:	Train 0.0045440103858709335	Val 6.699832916259766	Test 0.34891408681869507
Epoch 10000:	Train 0.004131654743105173	Val 7.099804878234863	Test 0.3401443064212799
Epoch 10500:	Train 0.0038023944944143295	Val 7.542758941650391	Test 0.3323819935321808
Epoch 11000:	Train 0.003484342247247696	Val 7.948813438415527	Test 0.31914761662483215
Epoch 11500:	Train 0.003329851198941469	Val 8.26350212097168	Test 0.3083202838897705
Epoch 12000:	Train 0.0030480711720883846	Val 8.590249061584473	Test 0.29606789350509644
Epoch 12500:	Train 0.0028448193334043026	Val 8.940640449523926	Test 0.2850191593170166
Epoch 13000:	Train 0.0026227200869470835	Val 9.213727951049805	Test 0.27858027815818787
Epoch 13500:	Train 0.0023744581267237663	Val 9.404722213745117	Test 0.2702001929283142
Epoch 14000:	Train 0.0022042603231966496	Val 9.674416542053223	Test 0.26535525918006897
Epoch 14500:	Train 0.0023152329958975315	Val 9.881773948669434	Test 0.26127511262893677
Epoch 15000:	Train 0.002076484262943268	Val 10.04985523223877	Test 0.2584165334701538
Epoch 15500:	Train 0.001971014542505145	Val 10.161115646362305	Test 0.25885510444641113
Epoch 16000:	Train 0.001889150240458548	Val 10.322942733764648	Test 0.25730082392692566
Epoch 16500:	Train 0.0018020771676674485	Val 10.395952224731445	Test 0.2584734857082367
Epoch 17000:	Train 0.0017742679920047522	Val 10.426057815551758	Test 0.2605701982975006
Epoch 17500:	Train 0.0016993016470223665	Val 10.476888656616211	Test 0.2636144459247589
Epoch 18000:	Train 0.0016985295806080103	Val 10.560050964355469	Test 0.26599955558776855
Epoch 18500:	Train 0.0014895808417350054	Val 10.612091064453125	Test 0.271869033575058
Epoch 19000:	Train 0.0014988171169534326	Val 10.626252174377441	Test 0.2771966755390167
Epoch 19500:	Train 0.0014191464288160205	Val 10.644566535949707	Test 0.2821269929409027
Epoch 20000:	Train 0.0013824516208842397	Val 10.617310523986816	Test 0.28855690360069275
Epoch 20500:	Train 0.0012546826619654894	Val 10.629125595092773	Test 0.2915801703929901
Epoch 21000:	Train 0.0013472302816808224	Val 10.634031295776367	Test 0.2971866726875305
Epoch 21500:	Train 0.0012482613092288375	Val 10.519159317016602	Test 0.3032285273075104
Epoch 22000:	Train 0.001340341754257679	Val 10.465778350830078	Test 0.306031197309494
Epoch 22500:	Train 0.0011442352551966906	Val 10.451223373413086	Test 0.3111592233181
Epoch 23000:	Train 0.0011985329911112785	Val 10.425107955932617	Test 0.3168835937976837
Epoch 23500:	Train 0.0011057003866881132	Val 10.312056541442871	Test 0.32190755009651184
Epoch 24000:	Train 0.001168426824733615	Val 10.249312400817871	Test 0.3242870271205902
Epoch 24500:	Train 0.0010242059361189604	Val 10.117643356323242	Test 0.3292994499206543
Epoch 25000:	Train 0.0009706398705020547	Val 10.05880069732666	Test 0.33127084374427795
Epoch 25500:	Train 0.0012013840023428202	Val 9.979731559753418	Test 0.3347311317920685
Epoch 26000:	Train 0.0010191176552325487	Val 9.866168975830078	Test 0.3393467962741852
Epoch 26500:	Train 0.0009675257606431842	Val 9.70313549041748	Test 0.3384420871734619
Epoch 27000:	Train 0.0009526833891868591	Val 9.661761283874512	Test 0.34234559535980225
Epoch 27500:	Train 0.001005853759124875	Val 9.539599418640137	Test 0.3426735997200012
Epoch 28000:	Train 0.0009550758404657245	Val 9.438997268676758	Test 0.34488847851753235
Epoch 28500:	Train 0.0009651050786487758	Val 9.313708305358887	Test 0.34482163190841675
Epoch 29000:	Train 0.0008916859515011311	Val 9.27236270904541	Test 0.349934458732605
Epoch 29500:	Train 0.00100822770036757	Val 9.10435676574707	Test 0.3470780849456787
Epoch 30000:	Train 0.0010206412989646196	Val 9.055944442749023	Test 0.3500123918056488
Epoch 30500:	Train 0.0008190184598788619	Val 8.964025497436523	Test 0.35102325677871704
Epoch 31000:	Train 0.0009054457768797874	Val 8.847057342529297	Test 0.3504922389984131
Epoch 31500:	Train 0.0008092086645774543	Val 8.69090461730957	Test 0.3512791395187378
Epoch 32000:	Train 0.0007524788379669189	Val 8.614152908325195	Test 0.35088834166526794
Epoch 32500:	Train 0.0007652616477571428	Val 8.508094787597656	Test 0.35103967785835266
Epoch 33000:	Train 0.0010464629158377647	Val 8.410892486572266	Test 0.34861472249031067
Epoch 33500:	Train 0.000856144935823977	Val 8.264547348022461	Test 0.35007020831108093
Epoch 34000:	Train 0.0007211443735286593	Val 8.151174545288086	Test 0.349575936794281
Epoch 34500:	Train 0.0007952850428409874	Val 8.104242324829102	Test 0.3483000099658966
Epoch 35000:	Train 0.0007660052506253123	Val 7.957043647766113	Test 0.349836528301239
Epoch 35500:	Train 0.0006425711326301098	Val 7.861983299255371	Test 0.34852027893066406
Epoch 36000:	Train 0.0007154282066039741	Val 7.716538906097412	Test 0.344196081161499
Epoch 36500:	Train 0.0007009411929175258	Val 7.66162109375	Test 0.3471391797065735
Epoch 37000:	Train 0.0007007188396528363	Val 7.564948081970215	Test 0.3468613624572754
Epoch 37500:	Train 0.0007224736036732793	Val 7.456184387207031	Test 0.34537631273269653
Epoch 38000:	Train 0.000613492215052247	Val 7.3475751876831055	Test 0.3454093337059021
Epoch 38500:	Train 0.0007642986020073295	Val 7.273124694824219	Test 0.34387072920799255
Epoch 39000:	Train 0.0005662383628077805	Val 7.126236915588379	Test 0.3444775640964508
Epoch 39500:	Train 0.0006431119400076568	Val 7.067288398742676	Test 0.34587669372558594
Epoch 40000:	Train 0.0006308172596618533	Val 6.932547569274902	Test 0.34319254755973816
Epoch 40500:	Train 0.0006737314397469163	Val 6.838365077972412	Test 0.3425975739955902
Epoch 41000:	Train 0.0006829944904893637	Val 6.730905055999756	Test 0.33994224667549133
Epoch 41500:	Train 0.0006202656659297645	Val 6.609848976135254	Test 0.34346720576286316
Epoch 42000:	Train 0.0005907706217840314	Val 6.544391632080078	Test 0.34036123752593994
Epoch 42500:	Train 0.0005209126393310726	Val 6.4532599449157715	Test 0.33903080224990845
Epoch 43000:	Train 0.0006303135305643082	Val 6.40973424911499	Test 0.3404822051525116
Epoch 43500:	Train 0.000502426119055599	Val 6.298831462860107	Test 0.3404406011104584
Epoch 44000:	Train 0.0005663001793436706	Val 6.2350053787231445	Test 0.33605924248695374
Epoch 44500:	Train 0.0005433405167423189	Val 6.106662750244141	Test 0.33822008967399597
Epoch 45000:	Train 0.0005172424716874957	Val 6.046845436096191	Test 0.3395034372806549
Epoch 45500:	Train 0.0005894393543712795	Val 5.962221145629883	Test 0.34148192405700684
Epoch 46000:	Train 0.0005111905047670007	Val 5.923468589782715	Test 0.3390204906463623
Epoch 46500:	Train 0.0005145029863342643	Val 5.842950820922852	Test 0.33874231576919556
Epoch 47000:	Train 0.0007638761890120804	Val 5.775206089019775	Test 0.3437936007976532
Epoch 47500:	Train 0.0005252643604762852	Val 5.689782619476318	Test 0.3411891460418701
Epoch 48000:	Train 0.000498371955472976	Val 5.639513969421387	Test 0.339156836271286
Epoch 48500:	Train 0.0005031294422224164	Val 5.587413311004639	Test 0.3407547175884247
Epoch 49000:	Train 0.000448823266196996	Val 5.494112491607666	Test 0.33999741077423096
Epoch 49500:	Train 0.00039971605292521417	Val 5.424354076385498	Test 0.3412764072418213
Epoch 50000:	Train 0.00042967527406290174	Val 5.364090919494629	Test 0.3414081633090973
Epoch 50500:	Train 0.0003900375741068274	Val 5.308801651000977	Test 0.34170791506767273
Epoch 51000:	Train 0.0004250141209922731	Val 5.247737407684326	Test 0.3436860144138336
Epoch 51500:	Train 0.0004744617617689073	Val 5.214703559875488	Test 0.342530220746994
Epoch 52000:	Train 0.0003632210136856884	Val 5.140946388244629	Test 0.34363874793052673
Epoch 52500:	Train 0.00042753032175824046	Val 5.090643882751465	Test 0.34313568472862244
Epoch 53000:	Train 0.00041773152770474553	Val 5.010562896728516	Test 0.3430454134941101
Epoch 53500:	Train 0.00037715365760959685	Val 4.964846611022949	Test 0.3432121276855469
Epoch 54000:	Train 0.000439672963693738	Val 4.9329657554626465	Test 0.3447585999965668
Epoch 54500:	Train 0.0004154937923885882	Val 4.886216163635254	Test 0.3440849483013153
Epoch 55000:	Train 0.00036668250686489046	Val 4.827272891998291	Test 0.3435359001159668
Epoch 55500:	Train 0.0003621532232500613	Val 4.7835307121276855	Test 0.346110075712204
Epoch 56000:	Train 0.0003371720667928457	Val 4.7022809982299805	Test 0.3466610312461853
Epoch 56500:	Train 0.00045978277921676636	Val 4.681504726409912	Test 0.3466302454471588
Epoch 57000:	Train 0.000425887992605567	Val 4.634610176086426	Test 0.3478522002696991
Epoch 57500:	Train 0.00031253640190698206	Val 4.592396259307861	Test 0.3475639820098877
Epoch 58000:	Train 0.0002767955884337425	Val 4.537929058074951	Test 0.34787654876708984
Epoch 58500:	Train 0.00035517947981134057	Val 4.5002217292785645	Test 0.3490198254585266
Epoch 59000:	Train 0.0006327073788270354	Val 4.446256160736084	Test 0.3461213707923889
Epoch 59500:	Train 0.00044716778211295605	Val 4.405413627624512	Test 0.34891241788864136
Epoch 60000:	Train 0.0002806101110763848	Val 4.372304916381836	Test 0.34831497073173523
Epoch 60500:	Train 0.0004489950370043516	Val 4.3174729347229	Test 0.35033154487609863
Epoch 61000:	Train 0.00026517745573073626	Val 4.270745277404785	Test 0.35075142979621887
Epoch 61500:	Train 0.0002963380829896778	Val 4.2617082595825195	Test 0.35216599702835083
Epoch 62000:	Train 0.00025685192667879164	Val 4.207947731018066	Test 0.35183849930763245
Epoch 62500:	Train 0.00038994773058220744	Val 4.170846939086914	Test 0.3530914783477783
Epoch 63000:	Train 0.0003589913831092417	Val 4.1229472160339355	Test 0.3533102571964264
Epoch 63500:	Train 0.0002576919214334339	Val 4.085704326629639	Test 0.35381829738616943
Epoch 64000:	Train 0.00032091623870655894	Val 4.07602071762085	Test 0.3530420660972595
Epoch 64500:	Train 0.0002706024097278714	Val 3.990654468536377	Test 0.35334908962249756
Epoch 65000:	Train 0.00026134945801459253	Val 3.9764907360076904	Test 0.35281696915626526
Epoch 65500:	Train 0.0002557031693868339	Val 3.929272413253784	Test 0.3521720767021179
Epoch 66000:	Train 0.0003103683702647686	Val 3.9066131114959717	Test 0.35400769114494324
Epoch 66500:	Train 0.0002313231088919565	Val 3.8773913383483887	Test 0.35367777943611145
Epoch 67000:	Train 0.0002420236123725772	Val 3.8312125205993652	Test 0.3527534008026123
Epoch 67500:	Train 0.0002740327618084848	Val 3.800631046295166	Test 0.35248568654060364
Epoch 68000:	Train 0.00024574794224463403	Val 3.771688938140869	Test 0.3535899221897125
Epoch 68500:	Train 0.00021793176711071283	Val 3.7428505420684814	Test 0.35332006216049194
Epoch 69000:	Train 0.00023374368902295828	Val 3.7154228687286377	Test 0.353801965713501
Epoch 69500:	Train 0.00022476352751255035	Val 3.679647445678711	Test 0.35289740562438965
Epoch 70000:	Train 0.0003927148936782032	Val 3.6552891731262207	Test 0.3551389276981354
Start calculation for 1 points.
Epoch 0:	Train 0.7069790363311768	Val 0.7069790363311768	Test 1.0305895805358887
Epoch 500:	Train 0.0	Val 0.0	Test 1.508931040763855
Epoch 1000:	Train 0.0	Val 0.0	Test 1.508931040763855
Epoch 1500:	Train 0.0	Val 0.0	Test 1.508931040763855
Epoch 2000:	Train 0.0	Val 0.0	Test 1.508931040763855
Epoch 2500:	Train 0.0	Val 0.0	Test 1.508931040763855
Epoch 3000:	Train 0.0	Val 0.0	Test 1.508931040763855
Epoch 3500:	Train 0.0	Val 0.0	Test 1.508931040763855
Epoch 4000:	Train 0.0	Val 0.0	Test 1.508931040763855
Epoch 4500:	Train 0.0	Val 0.0	Test 1.508931040763855
Epoch 5000:	Train 0.0	Val 0.0	Test 1.508931040763855
Epoch 5500:	Train 0.0	Val 0.0	Test 1.508931040763855
Epoch 6000:	Train 0.0	Val 0.0	Test 1.508931040763855
Epoch 6500:	Train 0.0	Val 0.0	Test 1.508931040763855
Epoch 7000:	Train 0.0	Val 0.0	Test 1.508931040763855
Epoch 7500:	Train 0.0	Val 0.0	Test 1.508931040763855
Epoch 8000:	Train 0.0	Val 0.0	Test 1.508931040763855
Traceback (most recent call last):
  File "/var/spool/slurmd/job91508/slurm_script", line 370, in <module>
    results_limited_data.append([n_points_train_val, str(train_result.drop(columns=["nets", "opts"])), time.time() - starttime])
AttributeError: 'dict' object has no attribute 'drop'
