Model save: checkpoints_dim-10_ntrain-2500_lossfn-error_seed-1683/best.pkl
Epoch 0	Iteration 0
Train score = 10.0	Test score = 1.9444316625595093
Model save: checkpoints_dim-10_ntrain-2500_lossfn-error_seed-1683/best.pkl
Epoch 40	Iteration 200
Train score = 0.06657560169696808	Test score = 0.7161826491355896
Model save: checkpoints_dim-10_ntrain-2500_lossfn-error_seed-1683/best.pkl
Epoch 80	Iteration 400
Train score = 0.062045712023973465	Test score = 0.6969781517982483
Model save: checkpoints_dim-10_ntrain-2500_lossfn-error_seed-1683/best.pkl
Epoch 120	Iteration 600
Train score = 0.048456788063049316	Test score = 0.5644814372062683
Model save: checkpoints_dim-10_ntrain-2500_lossfn-error_seed-1683/best.pkl
Epoch 160	Iteration 800
Train score = 0.04411856457591057	Test score = 0.5336193442344666
Model save: checkpoints_dim-10_ntrain-2500_lossfn-error_seed-1683/best.pkl
Epoch 200	Iteration 1000
Train score = 0.038808632642030716	Test score = 0.5135215520858765
Epoch 240	Iteration 1200
Train score = 0.030881907790899277	Test score = 0.5246967673301697
Epoch 280	Iteration 1400
Train score = 0.023240577429533005	Test score = 0.5461114645004272
Epoch 320	Iteration 1600
Train score = 0.017548691481351852	Test score = 0.5547038316726685
Epoch 360	Iteration 1800
Train score = 0.013648482970893383	Test score = 0.5573194026947021
Epoch 400	Iteration 2000
Train score = 0.010729457251727581	Test score = 0.5637324452400208
Epoch 440	Iteration 2200
Train score = 0.008699005469679832	Test score = 0.5708125829696655
Epoch 480	Iteration 2400
Train score = 0.007065324578434229	Test score = 0.5745036602020264
Epoch 520	Iteration 2600
Train score = 0.005802018102258444	Test score = 0.5837438702583313
Epoch 560	Iteration 2800
Train score = 0.004707727115601301	Test score = 0.5901135802268982
Epoch 600	Iteration 3000
Train score = 0.0038854957092553377	Test score = 0.6012852191925049
Epoch 640	Iteration 3200
Train score = 0.0032144852448254824	Test score = 0.6120847463607788
Epoch 680	Iteration 3400
Train score = 0.00264263735152781	Test score = 0.6221214532852173
Epoch 720	Iteration 3600
Train score = 0.0021600399632006884	Test score = 0.6305176615715027
Epoch 760	Iteration 3800
Train score = 0.0017813179874792695	Test score = 0.6450449824333191
Epoch 800	Iteration 4000
Train score = 0.0014461978571489453	Test score = 0.6515277624130249
Epoch 840	Iteration 4200
Train score = 0.0011876601492986083	Test score = 0.662497878074646
Epoch 880	Iteration 4400
Train score = 0.0009632625733502209	Test score = 0.6713995337486267
Epoch 920	Iteration 4600
Train score = 0.0007622952689416707	Test score = 0.6823146343231201
Epoch 960	Iteration 4800
Train score = 0.0006166269304230809	Test score = 0.6899380087852478
Epoch 1000	Iteration 5000
Train score = 0.0004994721384719014	Test score = 0.6973080039024353
Epoch 1040	Iteration 5200
Train score = 0.0004003740905318409	Test score = 0.7052112221717834
Epoch 1080	Iteration 5400
Train score = 0.00032297387951985	Test score = 0.7117070555686951
Epoch 1120	Iteration 5600
Train score = 0.0002623536274768412	Test score = 0.7189974188804626
Epoch 1160	Iteration 5800
Train score = 0.0001995864586206153	Test score = 0.7244590520858765
Epoch 1200	Iteration 6000
Train score = 0.0001576856302563101	Test score = 0.7306855320930481
Epoch 1240	Iteration 6200
Train score = 0.00012810283806174994	Test score = 0.7347632050514221
Epoch 1280	Iteration 6400
Train score = 9.506147034699097e-05	Test score = 0.739506721496582
Epoch 1320	Iteration 6600
Train score = 7.746605842839926e-05	Test score = 0.7434580326080322
Epoch 1360	Iteration 6800
Train score = 5.936917295912281e-05	Test score = 0.7469106912612915
Epoch 1400	Iteration 7000
Train score = 4.848108073929325e-05	Test score = 0.7503415942192078
Epoch 1440	Iteration 7200
Train score = 4.107617860427126e-05	Test score = 0.7534964084625244
Epoch 1480	Iteration 7400
Train score = 3.084225318161771e-05	Test score = 0.7560675144195557
Epoch 1520	Iteration 7600
Train score = 3.076282882830128e-05	Test score = 0.7571347951889038
Epoch 1560	Iteration 7800
Train score = 2.431887151033152e-05	Test score = 0.7591188549995422
Epoch 1600	Iteration 8000
Train score = 2.919749022112228e-05	Test score = 0.7607003450393677
Epoch 1640	Iteration 8200
Train score = 2.690441942831967e-05	Test score = 0.761164665222168
Epoch 1680	Iteration 8400
Train score = 5.5364791478496045e-05	Test score = 0.7606099247932434
Epoch 1720	Iteration 8600
Train score = 2.3720378521829844e-05	Test score = 0.7612797021865845
Epoch 1760	Iteration 8800
Train score = 3.6160723539069295e-05	Test score = 0.7617247700691223
Epoch 1800	Iteration 9000
Train score = 2.7687474357662722e-05	Test score = 0.7604275345802307
Epoch 1840	Iteration 9200
Train score = 2.60987326328177e-05	Test score = 0.7616094350814819
Epoch 1880	Iteration 9400
Train score = 2.314921403012704e-05	Test score = 0.7619343996047974
Epoch 1920	Iteration 9600
Train score = 5.071178384241648e-05	Test score = 0.7614328265190125
Epoch 1960	Iteration 9800
Train score = 1.9729730411199853e-05	Test score = 0.760037362575531
Epoch 2000	Iteration 10000
Train score = 2.625966226332821e-05	Test score = 0.759850263595581
Epoch 2040	Iteration 10200
Train score = 3.966478107031435e-05	Test score = 0.7585086226463318
Epoch 2080	Iteration 10400
Train score = 2.5191620807163417e-05	Test score = 0.758776843547821
Epoch 2120	Iteration 10600
Train score = 1.8780719983624294e-05	Test score = 0.7582314014434814
Epoch 2160	Iteration 10800
Train score = 2.4598290110589005e-05	Test score = 0.7580981254577637
Epoch 2200	Iteration 11000
Train score = 5.866093124495819e-05	Test score = 0.7573891878128052
Epoch 2240	Iteration 11200
Train score = 3.207071131328121e-05	Test score = 0.7556490898132324
Epoch 2280	Iteration 11400
Train score = 2.4246875909739174e-05	Test score = 0.7567041516304016
Epoch 2320	Iteration 11600
Train score = 2.1725249098381028e-05	Test score = 0.7551414370536804
Epoch 2360	Iteration 11800
Train score = 8.432586764683947e-05	Test score = 0.755791425704956
Epoch 2400	Iteration 12000
Train score = 2.9226288461359218e-05	Test score = 0.7542283535003662
Epoch 2440	Iteration 12200
Train score = 2.0981195120839402e-05	Test score = 0.7539716362953186
Epoch 2480	Iteration 12400
Train score = 3.960984031436965e-05	Test score = 0.7523807883262634
Epoch 2520	Iteration 12600
Train score = 2.7959893486695364e-05	Test score = 0.7531864643096924
Epoch 2560	Iteration 12800
Train score = 2.5655253921286203e-05	Test score = 0.7532946467399597
Epoch 2600	Iteration 13000
Train score = 3.9902017306303605e-05	Test score = 0.7511292099952698
Epoch 2640	Iteration 13200
Train score = 1.6323940144502558e-05	Test score = 0.7517103552818298
Epoch 2680	Iteration 13400
Train score = 1.6139667422976345e-05	Test score = 0.751336395740509
Epoch 2720	Iteration 13600
Train score = 4.7777790314285085e-05	Test score = 0.749359667301178
Epoch 2760	Iteration 13800
Train score = 1.868875915533863e-05	Test score = 0.7490679025650024
Epoch 2800	Iteration 14000
Train score = 1.1295723197690677e-05	Test score = 0.7484779357910156
Epoch 2840	Iteration 14200
Train score = 1.9951748981839046e-05	Test score = 0.7481709718704224
Epoch 2880	Iteration 14400
Train score = 5.423558104666881e-05	Test score = 0.7477816939353943
Epoch 2920	Iteration 14600
Train score = 2.4151971956598572e-05	Test score = 0.7465642094612122
Epoch 2960	Iteration 14800
Train score = 8.160875950125046e-06	Test score = 0.7466878890991211
Epoch 3000	Iteration 15000
Train score = 2.9343773348955438e-05	Test score = 0.747108519077301
Epoch 3040	Iteration 15200
Train score = 3.5431359719950706e-05	Test score = 0.7452603578567505
Epoch 3080	Iteration 15400
Train score = 1.1986736353719607e-05	Test score = 0.7448418736457825
Epoch 3120	Iteration 15600
Train score = 1.739831168379169e-05	Test score = 0.7455205917358398
Epoch 3160	Iteration 15800
Train score = 5.73396282561589e-05	Test score = 0.7438209056854248
Epoch 3200	Iteration 16000
Train score = 3.654476677183993e-05	Test score = 0.7427261471748352
Epoch 3240	Iteration 16200
Train score = 1.659089684835635e-05	Test score = 0.7426796555519104
Epoch 3280	Iteration 16400
Train score = 1.6237736417679116e-05	Test score = 0.7425596714019775
Epoch 3320	Iteration 16600
Train score = 4.217901732772589e-05	Test score = 0.7430348992347717
Epoch 3360	Iteration 16800
Train score = 2.9698587241000496e-05	Test score = 0.7407070994377136
Epoch 3400	Iteration 17000
Train score = 2.6388714104541577e-05	Test score = 0.7408373355865479
Epoch 3440	Iteration 17200
Train score = 2.3122487618820742e-05	Test score = 0.7398797869682312
Epoch 3480	Iteration 17400
Train score = 4.721269942820072e-05	Test score = 0.7397966384887695
Epoch 3520	Iteration 17600
Train score = 2.593310819065664e-05	Test score = 0.7403925657272339
Epoch 3560	Iteration 17800
Train score = 1.4605220712837763e-05	Test score = 0.7391446828842163
Epoch 3600	Iteration 18000
Train score = 6.008195850881748e-05	Test score = 0.7380476593971252
Epoch 3640	Iteration 18200
Train score = 1.6443280401290394e-05	Test score = 0.7375144958496094
Epoch 3680	Iteration 18400
Train score = 6.626898539252579e-06	Test score = 0.7378956079483032
Epoch 3720	Iteration 18600
Train score = 5.717909516533837e-05	Test score = 0.7371899485588074
Epoch 3760	Iteration 18800
Train score = 3.163879955536686e-05	Test score = 0.7361484169960022
Epoch 3800	Iteration 19000
Train score = 1.4328475117508788e-05	Test score = 0.7354771494865417
Epoch 3840	Iteration 19200
Train score = 1.15429447760107e-05	Test score = 0.7354203462600708
Epoch 3880	Iteration 19400
Train score = 6.225222023203969e-05	Test score = 0.7355465888977051
Epoch 3920	Iteration 19600
Train score = 1.4834424291620962e-05	Test score = 0.7335888743400574
Epoch 3960	Iteration 19800
Train score = 7.701590220676735e-06	Test score = 0.7336352467536926
Epoch 4000	Iteration 20000
Train score = 2.492692510713823e-05	Test score = 0.7342954874038696
Model save: checkpoints_dim-10_ntrain-2500_lossfn-error_seed-1683/final.pkl
Model save: checkpoints_dim-10_ntrain-2500_lossfn-norm_seed-1683/best.pkl
Epoch 0	Iteration 0
Train score = 10.0	Test score = 1.7784873247146606
Model save: checkpoints_dim-10_ntrain-2500_lossfn-norm_seed-1683/best.pkl
Epoch 40	Iteration 200
Train score = 0.06660419702529907	Test score = 0.7154121994972229
Model save: checkpoints_dim-10_ntrain-2500_lossfn-norm_seed-1683/best.pkl
Epoch 80	Iteration 400
Train score = 0.06186384707689285	Test score = 0.695164144039154
Model save: checkpoints_dim-10_ntrain-2500_lossfn-norm_seed-1683/best.pkl
Epoch 120	Iteration 600
Train score = 0.048369500786066055	Test score = 0.5637601613998413
Model save: checkpoints_dim-10_ntrain-2500_lossfn-norm_seed-1683/best.pkl
Epoch 160	Iteration 800
Train score = 0.04347485303878784	Test score = 0.5258601903915405
Model save: checkpoints_dim-10_ntrain-2500_lossfn-norm_seed-1683/best.pkl
Epoch 200	Iteration 1000
Train score = 0.03895444795489311	Test score = 0.5098461508750916
Epoch 240	Iteration 1200
Train score = 0.031205767765641212	Test score = 0.5151703953742981
Epoch 280	Iteration 1400
Train score = 0.023503854870796204	Test score = 0.5351955890655518
Epoch 320	Iteration 1600
Train score = 0.018015142530202866	Test score = 0.5496904850006104
Epoch 360	Iteration 1800
Train score = 0.01397827547043562	Test score = 0.5554949045181274
Epoch 400	Iteration 2000
Train score = 0.01099336240440607	Test score = 0.5592647194862366
Epoch 440	Iteration 2200
Train score = 0.008771946653723717	Test score = 0.5619025826454163
Epoch 480	Iteration 2400
Train score = 0.0070364526472985744	Test score = 0.5574911832809448
Epoch 520	Iteration 2600
Train score = 0.005677093751728535	Test score = 0.5603965520858765
Epoch 560	Iteration 2800
Train score = 0.004639542195945978	Test score = 0.5632404685020447
Epoch 600	Iteration 3000
Train score = 0.0038447962142527103	Test score = 0.5718972086906433
Epoch 640	Iteration 3200
Train score = 0.003138729138299823	Test score = 0.5801352262496948
Epoch 680	Iteration 3400
Train score = 0.002565414411947131	Test score = 0.588263750076294
Epoch 720	Iteration 3600
Train score = 0.0021199947223067284	Test score = 0.5991613864898682
Epoch 760	Iteration 3800
Train score = 0.0017383008962497115	Test score = 0.6107238531112671
Epoch 800	Iteration 4000
Train score = 0.0013973625609651208	Test score = 0.6212635636329651
Epoch 840	Iteration 4200
Train score = 0.001173259923234582	Test score = 0.6323462128639221
Epoch 880	Iteration 4400
Train score = 0.0009444683673791587	Test score = 0.6430515646934509
Epoch 920	Iteration 4600
Train score = 0.0007658771937713027	Test score = 0.6529008746147156
Epoch 960	Iteration 4800
Train score = 0.000617277983110398	Test score = 0.662696897983551
Epoch 1000	Iteration 5000
Train score = 0.0004937336198054254	Test score = 0.6715006828308105
Epoch 1040	Iteration 5200
Train score = 0.00041493921889923513	Test score = 0.6802855730056763
Epoch 1080	Iteration 5400
Train score = 0.0003227970446459949	Test score = 0.6880050301551819
Epoch 1120	Iteration 5600
Train score = 0.0002535239327698946	Test score = 0.6949150562286377
Epoch 1160	Iteration 5800
Train score = 0.0001986198767554015	Test score = 0.7007526755332947
Epoch 1200	Iteration 6000
Train score = 0.0001558366056997329	Test score = 0.7080268263816833
Epoch 1240	Iteration 6200
Train score = 0.0001237626711372286	Test score = 0.7135273814201355
Epoch 1280	Iteration 6400
Train score = 9.619246702641249e-05	Test score = 0.7183043360710144
Epoch 1320	Iteration 6600
Train score = 8.011140016606078e-05	Test score = 0.7226921319961548
Epoch 1360	Iteration 6800
Train score = 6.257054337766021e-05	Test score = 0.72658771276474
Epoch 1400	Iteration 7000
Train score = 4.8892805352807045e-05	Test score = 0.7302055954933167
Epoch 1440	Iteration 7200
Train score = 3.8713311369065195e-05	Test score = 0.7332276701927185
Epoch 1480	Iteration 7400
Train score = 3.199605271220207e-05	Test score = 0.7361435890197754
Epoch 1520	Iteration 7600
Train score = 2.959430821647402e-05	Test score = 0.7374588251113892
Epoch 1560	Iteration 7800
Train score = 2.3267502911039628e-05	Test score = 0.7399059534072876
Epoch 1600	Iteration 8000
Train score = 2.5986268155975267e-05	Test score = 0.7406486868858337
Epoch 1640	Iteration 8200
Train score = 3.961632683058269e-05	Test score = 0.7422369718551636
Epoch 1680	Iteration 8400
Train score = 4.711799920187332e-05	Test score = 0.7432300448417664
Epoch 1720	Iteration 8600
Train score = 1.8970193195855245e-05	Test score = 0.7430399656295776
Epoch 1760	Iteration 8800
Train score = 3.5454013413982466e-05	Test score = 0.7432149052619934
Epoch 1800	Iteration 9000
Train score = 5.8130419347435236e-05	Test score = 0.7426286339759827
Epoch 1840	Iteration 9200
Train score = 2.7832740670419298e-05	Test score = 0.7423313856124878
Epoch 1880	Iteration 9400
Train score = 2.3784527002135292e-05	Test score = 0.7440834641456604
Epoch 1920	Iteration 9600
Train score = 6.88405561959371e-05	Test score = 0.7413337230682373
Epoch 1960	Iteration 9800
Train score = 3.0811344913672656e-05	Test score = 0.7417849898338318
Epoch 2000	Iteration 10000
Train score = 3.481483872747049e-05	Test score = 0.7413601279258728
Epoch 2040	Iteration 10200
Train score = 2.19869107240811e-05	Test score = 0.7416337728500366
Epoch 2080	Iteration 10400
Train score = 5.707066156901419e-05	Test score = 0.7402830719947815
Epoch 2120	Iteration 10600
Train score = 2.2376294509740546e-05	Test score = 0.7399152517318726
Epoch 2160	Iteration 10800
Train score = 1.4186092812451534e-05	Test score = 0.7402519583702087
Epoch 2200	Iteration 11000
Train score = 3.6040037230122834e-05	Test score = 0.7408959269523621
Epoch 2240	Iteration 11200
Train score = 4.552073005470447e-05	Test score = 0.7393379211425781
Epoch 2280	Iteration 11400
Train score = 1.5333422197727486e-05	Test score = 0.7385076284408569
Epoch 2320	Iteration 11600
Train score = 3.1222618417814374e-05	Test score = 0.7382570505142212
Epoch 2360	Iteration 11800
Train score = 3.2543794077355415e-05	Test score = 0.7364674806594849
Epoch 2400	Iteration 12000
Train score = 3.1179661164060235e-05	Test score = 0.7368022799491882
Epoch 2440	Iteration 12200
Train score = 3.8729147490812466e-05	Test score = 0.7365862131118774
Epoch 2480	Iteration 12400
Train score = 2.564138048910536e-05	Test score = 0.7362428903579712
Epoch 2520	Iteration 12600
Train score = 2.8307948014116846e-05	Test score = 0.7358726263046265
Epoch 2560	Iteration 12800
Train score = 2.0633855456253514e-05	Test score = 0.7346786260604858
Epoch 2600	Iteration 13000
Train score = 2.9365261070779525e-05	Test score = 0.7356054782867432
Epoch 2640	Iteration 13200
Train score = 5.796398181701079e-05	Test score = 0.7338729500770569
Epoch 2680	Iteration 13400
Train score = 1.8382597772870213e-05	Test score = 0.7337493300437927
Epoch 2720	Iteration 13600
Train score = 9.240054350811988e-05	Test score = 0.7340335845947266
Epoch 2760	Iteration 13800
Train score = 2.926228626165539e-05	Test score = 0.732515275478363
Epoch 2800	Iteration 14000
Train score = 3.073401967412792e-05	Test score = 0.7322599291801453
Epoch 2840	Iteration 14200
Train score = 3.8594436773564667e-05	Test score = 0.731711745262146
Epoch 2880	Iteration 14400
Train score = 3.928932346752845e-05	Test score = 0.729711651802063
Epoch 2920	Iteration 14600
Train score = 3.0673585570184514e-05	Test score = 0.7307337522506714
Epoch 2960	Iteration 14800
Train score = 3.712860416271724e-05	Test score = 0.729703962802887
Epoch 3000	Iteration 15000
Train score = 2.7685833629220724e-05	Test score = 0.7289041876792908
Epoch 3040	Iteration 15200
Train score = 1.1341750905558001e-05	Test score = 0.7288880348205566
Epoch 3080	Iteration 15400
Train score = 6.037302591721527e-05	Test score = 0.7284426689147949
Epoch 3120	Iteration 15600
Train score = 3.895584450219758e-05	Test score = 0.7278559803962708
Epoch 3160	Iteration 15800
Train score = 2.7642974600894377e-05	Test score = 0.7266307473182678
Epoch 3200	Iteration 16000
Train score = 3.2516873034182936e-05	Test score = 0.7276036143302917
Epoch 3240	Iteration 16200
Train score = 2.7250669518252835e-05	Test score = 0.7263681292533875
Epoch 3280	Iteration 16400
Train score = 2.9612423531943932e-05	Test score = 0.7256771326065063
Epoch 3320	Iteration 16600
Train score = 1.7922742699738592e-05	Test score = 0.7256439328193665
Epoch 3360	Iteration 16800
Train score = 2.8251606636331417e-05	Test score = 0.7252071499824524
Epoch 3400	Iteration 17000
Train score = 3.7750105548184365e-05	Test score = 0.7245058417320251
Epoch 3440	Iteration 17200
Train score = 1.1370427273504902e-05	Test score = 0.7244653105735779
Epoch 3480	Iteration 17400
Train score = 5.032217450207099e-05	Test score = 0.723439633846283
Epoch 3520	Iteration 17600
Train score = 5.875230999663472e-05	Test score = 0.7237587571144104
Epoch 3560	Iteration 17800
Train score = 2.0663108443841338e-05	Test score = 0.722974956035614
Epoch 3600	Iteration 18000
Train score = 2.1599287720164284e-05	Test score = 0.7217245101928711
Epoch 3640	Iteration 18200
Train score = 2.046594090643339e-05	Test score = 0.7215480208396912
Epoch 3680	Iteration 18400
Train score = 3.0797011277172714e-05	Test score = 0.7206990718841553
Epoch 3720	Iteration 18600
Train score = 4.1503433749312535e-05	Test score = 0.7204145789146423
Epoch 3760	Iteration 18800
Train score = 1.7399423086317256e-05	Test score = 0.7199351787567139
Epoch 3800	Iteration 19000
Train score = 1.8870236090151593e-05	Test score = 0.7195582389831543
Epoch 3840	Iteration 19200
Train score = 2.7249905542703345e-05	Test score = 0.7194432616233826
Epoch 3880	Iteration 19400
Train score = 4.341951716924086e-05	Test score = 0.7188117504119873
Epoch 3920	Iteration 19600
Train score = 2.9218077543191612e-05	Test score = 0.7174344658851624
Epoch 3960	Iteration 19800
Train score = 1.8649621779331937e-05	Test score = 0.7175144553184509
Epoch 4000	Iteration 20000
Train score = 3.3731397707015276e-05	Test score = 0.7167874574661255
Model save: checkpoints_dim-10_ntrain-2500_lossfn-norm_seed-1683/final.pkl
Model save: checkpoints_dim-10_ntrain-2500_lossfn-det_seed-1683/best.pkl
Epoch 0	Iteration 0
Train score = 10.0	Test score = 1.6085543632507324
Model save: checkpoints_dim-10_ntrain-2500_lossfn-det_seed-1683/best.pkl
Epoch 40	Iteration 200
Train score = 0.5665005445480347	Test score = 0.7156363129615784
Model save: checkpoints_dim-10_ntrain-2500_lossfn-det_seed-1683/best.pkl
Epoch 80	Iteration 400
Train score = 0.5603920221328735	Test score = 0.6817400455474854
Epoch 120	Iteration 600
Train score = 0.542624294757843	Test score = 0.6959279775619507
Epoch 160	Iteration 800
Train score = 0.4103066921234131	Test score = 1.176270842552185
Epoch 200	Iteration 1000
Train score = 0.3293154239654541	Test score = 1.369067668914795
Epoch 240	Iteration 1200
Train score = 0.27761030197143555	Test score = 1.443543553352356
Epoch 280	Iteration 1400
Train score = 0.23551969230175018	Test score = 1.4910837411880493
Epoch 320	Iteration 1600
Train score = 0.2059684693813324	Test score = 1.4853748083114624
Epoch 360	Iteration 1800
Train score = 0.18287141621112823	Test score = 1.4768002033233643
Epoch 400	Iteration 2000
Train score = 0.1654696762561798	Test score = 1.4516186714172363
Epoch 440	Iteration 2200
Train score = 0.14890296757221222	Test score = 1.4404014348983765
Epoch 480	Iteration 2400
Train score = 0.14017504453659058	Test score = 1.4074331521987915
Epoch 520	Iteration 2600
Train score = 0.13354399800300598	Test score = 1.3975048065185547
Epoch 560	Iteration 2800
Train score = 0.11961238086223602	Test score = 1.3823049068450928
Epoch 600	Iteration 3000
Train score = 0.11407507956027985	Test score = 1.3701255321502686
Epoch 640	Iteration 3200
Train score = 0.10795862972736359	Test score = 1.350666880607605
Epoch 680	Iteration 3400
Train score = 0.10211250931024551	Test score = 1.339453101158142
Epoch 720	Iteration 3600
Train score = 0.10270844399929047	Test score = 1.3295232057571411
Epoch 760	Iteration 3800
Train score = 0.09362752735614777	Test score = 1.3145033121109009
Epoch 800	Iteration 4000
Train score = 0.08985729515552521	Test score = 1.307262897491455
Epoch 840	Iteration 4200
Train score = 0.08569406718015671	Test score = 1.3040459156036377
Epoch 880	Iteration 4400
Train score = 0.08226706832647324	Test score = 1.3015801906585693
Epoch 920	Iteration 4600
Train score = 0.0830230563879013	Test score = 1.298509955406189
Epoch 960	Iteration 4800
Train score = 0.08150212466716766	Test score = 1.292494297027588
Epoch 1000	Iteration 5000
Train score = 0.07428833097219467	Test score = 1.2926043272018433
Epoch 1040	Iteration 5200
Train score = 0.070885568857193	Test score = 1.29155695438385
Epoch 1080	Iteration 5400
Train score = 0.06855887174606323	Test score = 1.2916337251663208
Epoch 1120	Iteration 5600
Train score = 0.06659769266843796	Test score = 1.2894506454467773
Epoch 1160	Iteration 5800
Train score = 0.06552925705909729	Test score = 1.2952487468719482
Epoch 1200	Iteration 6000
Train score = 0.06443868577480316	Test score = 1.2922533750534058
Epoch 1240	Iteration 6200
Train score = 0.06043750047683716	Test score = 1.3003464937210083
Epoch 1280	Iteration 6400
Train score = 0.05745772644877434	Test score = 1.301612377166748
Epoch 1320	Iteration 6600
Train score = 0.05833536386489868	Test score = 1.3075919151306152
Epoch 1360	Iteration 6800
Train score = 0.05550384521484375	Test score = 1.3066356182098389
Epoch 1400	Iteration 7000
Train score = 0.053460218012332916	Test score = 1.309431791305542
Epoch 1440	Iteration 7200
Train score = 0.053095169365406036	Test score = 1.3173879384994507
Epoch 1480	Iteration 7400
Train score = 0.0534091591835022	Test score = 1.3143328428268433
Epoch 1520	Iteration 7600
Train score = 0.04948561266064644	Test score = 1.3223508596420288
Epoch 1560	Iteration 7800
Train score = 0.04770118370652199	Test score = 1.3269065618515015
Epoch 1600	Iteration 8000
Train score = 0.04643254727125168	Test score = 1.336195707321167
Epoch 1640	Iteration 8200
Train score = 0.042857713997364044	Test score = 1.3320465087890625
Epoch 1680	Iteration 8400
Train score = 0.04601931571960449	Test score = 1.3466910123825073
Epoch 1720	Iteration 8600
Train score = 0.043961625546216965	Test score = 1.3442418575286865
Epoch 1760	Iteration 8800
Train score = 0.0399593710899353	Test score = 1.3451802730560303
Epoch 1800	Iteration 9000
Train score = 0.04047619551420212	Test score = 1.3581172227859497
Epoch 1840	Iteration 9200
Train score = 0.0400417223572731	Test score = 1.3558603525161743
Epoch 1880	Iteration 9400
Train score = 0.03845791891217232	Test score = 1.3608323335647583
Epoch 1920	Iteration 9600
Train score = 0.037681274116039276	Test score = 1.3622896671295166
Epoch 1960	Iteration 9800
Train score = 0.03751490265130997	Test score = 1.3697683811187744
Epoch 2000	Iteration 10000
Train score = 0.033236607909202576	Test score = 1.3727445602416992
Epoch 2040	Iteration 10200
Train score = 0.035586439073085785	Test score = 1.3734077215194702
Epoch 2080	Iteration 10400
Train score = 0.031951431185007095	Test score = 1.3850724697113037
Epoch 2120	Iteration 10600
Train score = 0.033404335379600525	Test score = 1.3895363807678223
Epoch 2160	Iteration 10800
Train score = 0.03199169784784317	Test score = 1.3922985792160034
Epoch 2200	Iteration 11000
Train score = 0.03204556554555893	Test score = 1.396011471748352
Epoch 2240	Iteration 11200
Train score = 0.032044418156147	Test score = 1.397993803024292
Epoch 2280	Iteration 11400
Train score = 0.03088321164250374	Test score = 1.3883700370788574
Epoch 2320	Iteration 11600
Train score = 0.027991052716970444	Test score = 1.4048089981079102
Epoch 2360	Iteration 11800
Train score = 0.02858995832502842	Test score = 1.4099303483963013
Epoch 2400	Iteration 12000
Train score = 0.027490366250276566	Test score = 1.4107649326324463
Epoch 2440	Iteration 12200
Train score = 0.027634549885988235	Test score = 1.408193588256836
Epoch 2480	Iteration 12400
Train score = 0.026979321613907814	Test score = 1.4234827756881714
Epoch 2520	Iteration 12600
Train score = 0.025086969137191772	Test score = 1.4209409952163696
Epoch 2560	Iteration 12800
Train score = 0.02441057749092579	Test score = 1.4295769929885864
Epoch 2600	Iteration 13000
Train score = 0.032884057611227036	Test score = 1.4292964935302734
Epoch 2640	Iteration 13200
Train score = 0.023258639499545097	Test score = 1.4271446466445923
Epoch 2680	Iteration 13400
Train score = 0.025104645639657974	Test score = 1.4339827299118042
Epoch 2720	Iteration 13600
Train score = 0.02357904240489006	Test score = 1.437196135520935
Epoch 2760	Iteration 13800
Train score = 0.027375077828764915	Test score = 1.434938907623291
Epoch 2800	Iteration 14000
Train score = 0.02320564165711403	Test score = 1.4338823556900024
Epoch 2840	Iteration 14200
Train score = 0.02098214626312256	Test score = 1.4371154308319092
Epoch 2880	Iteration 14400
Train score = 0.024060990661382675	Test score = 1.4509178400039673
Epoch 2920	Iteration 14600
Train score = 0.02080863155424595	Test score = 1.4449598789215088
Epoch 2960	Iteration 14800
Train score = 0.02345120534300804	Test score = 1.4522989988327026
Epoch 3000	Iteration 15000
Train score = 0.02019650861620903	Test score = 1.4455270767211914
Epoch 3040	Iteration 15200
Train score = 0.020452693104743958	Test score = 1.4511632919311523
Epoch 3080	Iteration 15400
Train score = 0.0218319334089756	Test score = 1.4463342428207397
Epoch 3120	Iteration 15600
Train score = 0.01841380074620247	Test score = 1.4530166387557983
Epoch 3160	Iteration 15800
Train score = 0.02053549326956272	Test score = 1.4603726863861084
Epoch 3200	Iteration 16000
Train score = 0.021135231480002403	Test score = 1.4607758522033691
Epoch 3240	Iteration 16200
Train score = 0.01887497864663601	Test score = 1.4560699462890625
Epoch 3280	Iteration 16400
Train score = 0.02003900147974491	Test score = 1.4673161506652832
Epoch 3320	Iteration 16600
Train score = 0.016575897112488747	Test score = 1.4623568058013916
Epoch 3360	Iteration 16800
Train score = 0.01738179661333561	Test score = 1.4725546836853027
Epoch 3400	Iteration 17000
Train score = 0.020140375941991806	Test score = 1.4638903141021729
Epoch 3440	Iteration 17200
Train score = 0.01584676280617714	Test score = 1.477125883102417
Epoch 3480	Iteration 17400
Train score = 0.019262298941612244	Test score = 1.4703471660614014
Epoch 3520	Iteration 17600
Train score = 0.0174091886729002	Test score = 1.4627023935317993
Epoch 3560	Iteration 17800
Train score = 0.015980081632733345	Test score = 1.471999168395996
Epoch 3600	Iteration 18000
Train score = 0.01578919216990471	Test score = 1.470717191696167
Epoch 3640	Iteration 18200
Train score = 0.01637592539191246	Test score = 1.4744912385940552
Epoch 3680	Iteration 18400
Train score = 0.019828159362077713	Test score = 1.4566880464553833
Epoch 3720	Iteration 18600
Train score = 0.01422758400440216	Test score = 1.470312476158142
Epoch 3760	Iteration 18800
Train score = 0.013738436624407768	Test score = 1.481341004371643
Epoch 3800	Iteration 19000
Train score = 0.01590590924024582	Test score = 1.484009861946106
Epoch 3840	Iteration 19200
Train score = 0.015523831360042095	Test score = 1.4825387001037598
Epoch 3880	Iteration 19400
Train score = 0.015977203845977783	Test score = 1.4793583154678345
Epoch 3920	Iteration 19600
Train score = 0.013634959235787392	Test score = 1.4841525554656982
Epoch 3960	Iteration 19800
Train score = 0.01746262051165104	Test score = 1.4870829582214355
Epoch 4000	Iteration 20000
Train score = 0.014528727158904076	Test score = 1.4773132801055908
Model save: checkpoints_dim-10_ntrain-2500_lossfn-det_seed-1683/final.pkl
Model save: checkpoints_dim-10_ntrain-2500_lossfn-detnorm_seed-1683/best.pkl
Epoch 0	Iteration 0
Train score = 10.0	Test score = 1.8156163692474365
Epoch 40	Iteration 200
Train score = 0.19269517064094543	Test score = 1.9374269247055054
Model save: checkpoints_dim-10_ntrain-2500_lossfn-detnorm_seed-1683/best.pkl
Epoch 80	Iteration 400
Train score = 0.17608170211315155	Test score = 1.8010586500167847
Model save: checkpoints_dim-10_ntrain-2500_lossfn-detnorm_seed-1683/best.pkl
Epoch 120	Iteration 600
Train score = 0.1691925972700119	Test score = 1.6529724597930908
Model save: checkpoints_dim-10_ntrain-2500_lossfn-detnorm_seed-1683/best.pkl
Epoch 160	Iteration 800
Train score = 0.1539231240749359	Test score = 1.5967299938201904
Model save: checkpoints_dim-10_ntrain-2500_lossfn-detnorm_seed-1683/best.pkl
Epoch 200	Iteration 1000
Train score = 0.1478300541639328	Test score = 1.5517253875732422
Model save: checkpoints_dim-10_ntrain-2500_lossfn-detnorm_seed-1683/best.pkl
Epoch 240	Iteration 1200
Train score = 0.14309099316596985	Test score = 1.5248669385910034
Model save: checkpoints_dim-10_ntrain-2500_lossfn-detnorm_seed-1683/best.pkl
Epoch 280	Iteration 1400
Train score = 0.1385994553565979	Test score = 1.4797121286392212
Model save: checkpoints_dim-10_ntrain-2500_lossfn-detnorm_seed-1683/best.pkl
Epoch 320	Iteration 1600
Train score = 0.13468046486377716	Test score = 1.449800968170166
Epoch 360	Iteration 1800
Train score = 0.13077101111412048	Test score = 1.4522331953048706
Model save: checkpoints_dim-10_ntrain-2500_lossfn-detnorm_seed-1683/best.pkl
Epoch 400	Iteration 2000
Train score = 0.1252991259098053	Test score = 1.4243477582931519
Model save: checkpoints_dim-10_ntrain-2500_lossfn-detnorm_seed-1683/best.pkl
Epoch 440	Iteration 2200
Train score = 0.12113034725189209	Test score = 1.396154761314392
Model save: checkpoints_dim-10_ntrain-2500_lossfn-detnorm_seed-1683/best.pkl
Epoch 480	Iteration 2400
Train score = 0.11553490161895752	Test score = 1.3755755424499512
Model save: checkpoints_dim-10_ntrain-2500_lossfn-detnorm_seed-1683/best.pkl
Epoch 520	Iteration 2600
Train score = 0.1106533631682396	Test score = 1.35542631149292
Model save: checkpoints_dim-10_ntrain-2500_lossfn-detnorm_seed-1683/best.pkl
Epoch 560	Iteration 2800
Train score = 0.10591773688793182	Test score = 1.3408273458480835
Model save: checkpoints_dim-10_ntrain-2500_lossfn-detnorm_seed-1683/best.pkl
Epoch 600	Iteration 3000
Train score = 0.10137313604354858	Test score = 1.3282549381256104
Model save: checkpoints_dim-10_ntrain-2500_lossfn-detnorm_seed-1683/best.pkl
Epoch 640	Iteration 3200
Train score = 0.0970168262720108	Test score = 1.3272961378097534
Model save: checkpoints_dim-10_ntrain-2500_lossfn-detnorm_seed-1683/best.pkl
Epoch 680	Iteration 3400
Train score = 0.09265726804733276	Test score = 1.3127683401107788
Model save: checkpoints_dim-10_ntrain-2500_lossfn-detnorm_seed-1683/best.pkl
Epoch 720	Iteration 3600
Train score = 0.08863942325115204	Test score = 1.3108410835266113
Epoch 760	Iteration 3800
Train score = 0.08435522019863129	Test score = 1.3206084966659546
Model save: checkpoints_dim-10_ntrain-2500_lossfn-detnorm_seed-1683/best.pkl
Epoch 800	Iteration 4000
Train score = 0.0815277248620987	Test score = 1.3085386753082275
Epoch 840	Iteration 4200
Train score = 0.07729844748973846	Test score = 1.3376456499099731
Epoch 880	Iteration 4400
Train score = 0.074553944170475	Test score = 1.3168195486068726
Epoch 920	Iteration 4600
Train score = 0.06982631981372833	Test score = 1.3500909805297852
Epoch 960	Iteration 4800
Train score = 0.06698627024888992	Test score = 1.3454642295837402
Epoch 1000	Iteration 5000
Train score = 0.06811971217393875	Test score = 1.346889853477478
Epoch 1040	Iteration 5200
Train score = 0.06266268342733383	Test score = 1.357601523399353
Epoch 1080	Iteration 5400
Train score = 0.059527330100536346	Test score = 1.368536114692688
Epoch 1120	Iteration 5600
Train score = 0.05822331830859184	Test score = 1.3802025318145752
Epoch 1160	Iteration 5800
Train score = 0.056818436831235886	Test score = 1.3710585832595825
Epoch 1200	Iteration 6000
Train score = 0.05358576774597168	Test score = 1.3853150606155396
Epoch 1240	Iteration 6200
Train score = 0.05190346762537956	Test score = 1.3925868272781372
Epoch 1280	Iteration 6400
Train score = 0.050992898643016815	Test score = 1.3532975912094116
Epoch 1320	Iteration 6600
Train score = 0.04787764698266983	Test score = 1.3713202476501465
Epoch 1360	Iteration 6800
Train score = 0.046142853796482086	Test score = 1.3877671957015991
Epoch 1400	Iteration 7000
Train score = 0.04558439180254936	Test score = 1.40305757522583
Epoch 1440	Iteration 7200
Train score = 0.046007491648197174	Test score = 1.4080796241760254
Epoch 1480	Iteration 7400
Train score = 0.04423394054174423	Test score = 1.4063795804977417
Epoch 1520	Iteration 7600
Train score = 0.0424715094268322	Test score = 1.4077177047729492
Epoch 1560	Iteration 7800
Train score = 0.04323336482048035	Test score = 1.4110814332962036
Epoch 1600	Iteration 8000
Train score = 0.04072887822985649	Test score = 1.4155255556106567
Epoch 1640	Iteration 8200
Train score = 0.04183023422956467	Test score = 1.406830072402954
Epoch 1680	Iteration 8400
Train score = 0.036018893122673035	Test score = 1.4133505821228027
Epoch 1720	Iteration 8600
Train score = 0.03514530882239342	Test score = 1.4270296096801758
Epoch 1760	Iteration 8800
Train score = 0.12539692223072052	Test score = 1.4663844108581543
Epoch 1800	Iteration 9000
Train score = 0.03409161418676376	Test score = 1.3974509239196777
Epoch 1840	Iteration 9200
Train score = 0.03274613246321678	Test score = 1.4152753353118896
Epoch 1880	Iteration 9400
Train score = 0.03160015866160393	Test score = 1.4299472570419312
Epoch 1920	Iteration 9600
Train score = 0.03234428912401199	Test score = 1.4490408897399902
Epoch 1960	Iteration 9800
Train score = 0.03429977595806122	Test score = 1.4204713106155396
Epoch 2000	Iteration 10000
Train score = 0.02968491241335869	Test score = 1.427821397781372
Epoch 2040	Iteration 10200
Train score = 0.02882872149348259	Test score = 1.4450452327728271
Epoch 2080	Iteration 10400
Train score = 0.033248379826545715	Test score = 1.431591510772705
Epoch 2120	Iteration 10600
Train score = 0.027268966659903526	Test score = 1.442489743232727
Epoch 2160	Iteration 10800
Train score = 0.04949449375271797	Test score = 1.4600744247436523
Epoch 2200	Iteration 11000
Train score = 0.025922495871782303	Test score = 1.4476172924041748
Epoch 2240	Iteration 11200
Train score = 0.025616634637117386	Test score = 1.4659334421157837
Epoch 2280	Iteration 11400
Train score = 0.025629902258515358	Test score = 1.4502837657928467
Epoch 2320	Iteration 11600
Train score = 0.02469203993678093	Test score = 1.4662694931030273
Epoch 2360	Iteration 11800
Train score = 0.027573417872190475	Test score = 1.4690262079238892
Epoch 2400	Iteration 12000
Train score = 0.023399315774440765	Test score = 1.448089361190796
Epoch 2440	Iteration 12200
Train score = 0.02245653048157692	Test score = 1.4679036140441895
Epoch 2480	Iteration 12400
Train score = 0.026716243475675583	Test score = 1.4690848588943481
Epoch 2520	Iteration 12600
Train score = 0.021548481658101082	Test score = 1.472978949546814
Epoch 2560	Iteration 12800
Train score = 0.022617390379309654	Test score = 1.4752037525177002
Epoch 2600	Iteration 13000
Train score = 0.0389111153781414	Test score = 1.4803454875946045
Epoch 2640	Iteration 13200
Train score = 0.020044874399900436	Test score = 1.4724230766296387
Epoch 2680	Iteration 13400
Train score = 0.019923392683267593	Test score = 1.4888416528701782
Epoch 2720	Iteration 13600
Train score = 0.0246735867112875	Test score = 1.4401094913482666
Epoch 2760	Iteration 13800
Train score = 0.018777996301651	Test score = 1.4661529064178467
Epoch 2800	Iteration 14000
Train score = 0.018304411321878433	Test score = 1.4851270914077759
Epoch 2840	Iteration 14200
Train score = 0.03662070631980896	Test score = 1.4791373014450073
Epoch 2880	Iteration 14400
Train score = 0.017500732094049454	Test score = 1.4818782806396484
Epoch 2920	Iteration 14600
Train score = 0.018592167645692825	Test score = 1.5073583126068115
Epoch 2960	Iteration 14800
Train score = 0.020062807947397232	Test score = 1.4935671091079712
Epoch 3000	Iteration 15000
Train score = 0.020045539364218712	Test score = 1.500772476196289
Epoch 3040	Iteration 15200
Train score = 0.01807265914976597	Test score = 1.5013900995254517
Epoch 3080	Iteration 15400
Train score = 0.01718060113489628	Test score = 1.4760388135910034
Epoch 3120	Iteration 15600
Train score = 0.015300164930522442	Test score = 1.4977589845657349
Epoch 3160	Iteration 15800
Train score = 0.01532662846148014	Test score = 1.51521635055542
Epoch 3200	Iteration 16000
Train score = 0.021418562158942223	Test score = 1.4906024932861328
Epoch 3240	Iteration 16200
Train score = 0.014409484341740608	Test score = 1.4982753992080688
Epoch 3280	Iteration 16400
Train score = 0.019207995384931564	Test score = 1.5235111713409424
Epoch 3320	Iteration 16600
Train score = 0.01677018031477928	Test score = 1.5091620683670044
Epoch 3360	Iteration 16800
Train score = 0.0314321406185627	Test score = 1.521111249923706
Epoch 3400	Iteration 17000
Train score = 0.013590296730399132	Test score = 1.5054172277450562
Epoch 3440	Iteration 17200
Train score = 0.014113289304077625	Test score = 1.530072569847107
Epoch 3480	Iteration 17400
Train score = 0.019775018095970154	Test score = 1.525580644607544
Epoch 3520	Iteration 17600
Train score = 0.014057813212275505	Test score = 1.5172967910766602
Epoch 3560	Iteration 17800
Train score = 0.015728559345006943	Test score = 1.5300953388214111
Epoch 3600	Iteration 18000
Train score = 0.014094261452555656	Test score = 1.5278619527816772
Epoch 3640	Iteration 18200
Train score = 0.014695192687213421	Test score = 1.5133864879608154
Epoch 3680	Iteration 18400
Train score = 0.012004334479570389	Test score = 1.525897741317749
Epoch 3720	Iteration 18600
Train score = 0.01762494072318077	Test score = 1.5431091785430908
Epoch 3760	Iteration 18800
Train score = 0.01274433545768261	Test score = 1.5229462385177612
Epoch 3800	Iteration 19000
Train score = 0.012851419858634472	Test score = 1.5376642942428589
Epoch 3840	Iteration 19200
Train score = 0.016030320897698402	Test score = 1.5173941850662231
Epoch 3880	Iteration 19400
Train score = 0.011419114656746387	Test score = 1.5386815071105957
Epoch 3920	Iteration 19600
Train score = 0.020940111950039864	Test score = 1.5386453866958618
Epoch 3960	Iteration 19800
Train score = 0.011833174154162407	Test score = 1.5334895849227905
Epoch 4000	Iteration 20000
Train score = 0.01668289676308632	Test score = 1.5362164974212646
Model save: checkpoints_dim-10_ntrain-2500_lossfn-detnorm_seed-1683/final.pkl
Model save: checkpoints_dim-10_ntrain-5000_lossfn-error_seed-1683/best.pkl
Epoch 0	Iteration 0
Train score = 10.0	Test score = 1.6942219734191895
Model save: checkpoints_dim-10_ntrain-5000_lossfn-error_seed-1683/best.pkl
Epoch 20	Iteration 200
Train score = 0.0679563507437706	Test score = 0.7080163359642029
Model save: checkpoints_dim-10_ntrain-5000_lossfn-error_seed-1683/best.pkl
Epoch 40	Iteration 400
Train score = 0.06350225955247879	Test score = 0.6776097416877747
Model save: checkpoints_dim-10_ntrain-5000_lossfn-error_seed-1683/best.pkl
Epoch 60	Iteration 600
Train score = 0.050184547901153564	Test score = 0.5447025299072266
Model save: checkpoints_dim-10_ntrain-5000_lossfn-error_seed-1683/best.pkl
Epoch 80	Iteration 800
Train score = 0.045192644000053406	Test score = 0.4941636323928833
Model save: checkpoints_dim-10_ntrain-5000_lossfn-error_seed-1683/best.pkl
Epoch 100	Iteration 1000
Train score = 0.04315079376101494	Test score = 0.47499868273735046
Model save: checkpoints_dim-10_ntrain-5000_lossfn-error_seed-1683/best.pkl
Epoch 120	Iteration 1200
Train score = 0.04128899425268173	Test score = 0.4633360505104065
Model save: checkpoints_dim-10_ntrain-5000_lossfn-error_seed-1683/best.pkl
Epoch 140	Iteration 1400
Train score = 0.0392582081258297	Test score = 0.4556502103805542
Model save: checkpoints_dim-10_ntrain-5000_lossfn-error_seed-1683/best.pkl
Epoch 160	Iteration 1600
Train score = 0.03579144924879074	Test score = 0.44222694635391235
Model save: checkpoints_dim-10_ntrain-5000_lossfn-error_seed-1683/best.pkl
Epoch 180	Iteration 1800
Train score = 0.030911818146705627	Test score = 0.42390599846839905
Model save: checkpoints_dim-10_ntrain-5000_lossfn-error_seed-1683/best.pkl
Epoch 200	Iteration 2000
Train score = 0.02595621906220913	Test score = 0.3994485139846802
Model save: checkpoints_dim-10_ntrain-5000_lossfn-error_seed-1683/best.pkl
Epoch 220	Iteration 2200
Train score = 0.02204810455441475	Test score = 0.3850889503955841
Model save: checkpoints_dim-10_ntrain-5000_lossfn-error_seed-1683/best.pkl
Epoch 240	Iteration 2400
Train score = 0.018870847299695015	Test score = 0.36137181520462036
Model save: checkpoints_dim-10_ntrain-5000_lossfn-error_seed-1683/best.pkl
Epoch 260	Iteration 2600
Train score = 0.01610628329217434	Test score = 0.3481060862541199
Model save: checkpoints_dim-10_ntrain-5000_lossfn-error_seed-1683/best.pkl
Epoch 280	Iteration 2800
Train score = 0.014105339534580708	Test score = 0.32324710488319397
Model save: checkpoints_dim-10_ntrain-5000_lossfn-error_seed-1683/best.pkl
Epoch 300	Iteration 3000
Train score = 0.01245240680873394	Test score = 0.3069993853569031
Model save: checkpoints_dim-10_ntrain-5000_lossfn-error_seed-1683/best.pkl
Epoch 320	Iteration 3200
Train score = 0.010938577353954315	Test score = 0.2879849076271057
Model save: checkpoints_dim-10_ntrain-5000_lossfn-error_seed-1683/best.pkl
Epoch 340	Iteration 3400
Train score = 0.00982753001153469	Test score = 0.27414724230766296
Model save: checkpoints_dim-10_ntrain-5000_lossfn-error_seed-1683/best.pkl
Epoch 360	Iteration 3600
Train score = 0.008936528116464615	Test score = 0.2647908329963684
Model save: checkpoints_dim-10_ntrain-5000_lossfn-error_seed-1683/best.pkl
Epoch 380	Iteration 3800
Train score = 0.008164129219949245	Test score = 0.2566963732242584
Model save: checkpoints_dim-10_ntrain-5000_lossfn-error_seed-1683/best.pkl
Epoch 400	Iteration 4000
Train score = 0.007680999580770731	Test score = 0.25117599964141846
Model save: checkpoints_dim-10_ntrain-5000_lossfn-error_seed-1683/best.pkl
Epoch 420	Iteration 4200
Train score = 0.007100882939994335	Test score = 0.24642543494701385
Model save: checkpoints_dim-10_ntrain-5000_lossfn-error_seed-1683/best.pkl
Epoch 440	Iteration 4400
Train score = 0.006687098648399115	Test score = 0.2454420030117035
Model save: checkpoints_dim-10_ntrain-5000_lossfn-error_seed-1683/best.pkl
Epoch 460	Iteration 4600
Train score = 0.00628212234005332	Test score = 0.24132920801639557
Model save: checkpoints_dim-10_ntrain-5000_lossfn-error_seed-1683/best.pkl
Epoch 480	Iteration 4800
Train score = 0.005854848772287369	Test score = 0.2381492704153061
Epoch 500	Iteration 5000
Train score = 0.005549604073166847	Test score = 0.2383379489183426
Model save: checkpoints_dim-10_ntrain-5000_lossfn-error_seed-1683/best.pkl
Epoch 520	Iteration 5200
Train score = 0.005272111855447292	Test score = 0.236429825425148
Epoch 540	Iteration 5400
Train score = 0.005051802843809128	Test score = 0.23733173310756683
Epoch 560	Iteration 5600
Train score = 0.004701137077063322	Test score = 0.23829618096351624
Epoch 580	Iteration 5800
Train score = 0.004520802292972803	Test score = 0.2390863299369812
Epoch 600	Iteration 6000
Train score = 0.004268147051334381	Test score = 0.23754598200321198
Epoch 620	Iteration 6200
Train score = 0.004097542725503445	Test score = 0.2419678121805191
Epoch 640	Iteration 6400
Train score = 0.003841651603579521	Test score = 0.24181519448757172
Epoch 660	Iteration 6600
Train score = 0.0036870960611850023	Test score = 0.24399931728839874
Epoch 680	Iteration 6800
Train score = 0.003477663267403841	Test score = 0.24497699737548828
Epoch 700	Iteration 7000
Train score = 0.003370411228388548	Test score = 0.24746492505073547
Epoch 720	Iteration 7200
Train score = 0.003161229193210602	Test score = 0.24918170273303986
Epoch 740	Iteration 7400
Train score = 0.0030175696592777967	Test score = 0.2525806427001953
Epoch 760	Iteration 7600
Train score = 0.002890222007408738	Test score = 0.25480660796165466
Epoch 780	Iteration 7800
Train score = 0.002775764325633645	Test score = 0.25774314999580383
Epoch 800	Iteration 8000
Train score = 0.0026360168121755123	Test score = 0.25794267654418945
Epoch 820	Iteration 8200
Train score = 0.002560402499511838	Test score = 0.26348745822906494
Epoch 840	Iteration 8400
Train score = 0.00239219656214118	Test score = 0.2648058831691742
Epoch 860	Iteration 8600
Train score = 0.0023149019107222557	Test score = 0.2672138214111328
Epoch 880	Iteration 8800
Train score = 0.002211131388321519	Test score = 0.271034300327301
Epoch 900	Iteration 9000
Train score = 0.0021051664371043444	Test score = 0.27310076355934143
Epoch 920	Iteration 9200
Train score = 0.002038124017417431	Test score = 0.2764829993247986
Epoch 940	Iteration 9400
Train score = 0.0019351847004145384	Test score = 0.28046494722366333
Epoch 960	Iteration 9600
Train score = 0.0018365125870332122	Test score = 0.28300872445106506
Epoch 980	Iteration 9800
Train score = 0.001768246991559863	Test score = 0.285032719373703
Epoch 1000	Iteration 10000
Train score = 0.0017086120788007975	Test score = 0.2886991798877716
Epoch 1020	Iteration 10200
Train score = 0.0016383411129936576	Test score = 0.2925828695297241
Epoch 1040	Iteration 10400
Train score = 0.0015754610067233443	Test score = 0.2932053804397583
Epoch 1060	Iteration 10600
Train score = 0.0015023706946521997	Test score = 0.29697343707084656
Epoch 1080	Iteration 10800
Train score = 0.0014639787841588259	Test score = 0.29946306347846985
Epoch 1100	Iteration 11000
Train score = 0.0013974469620734453	Test score = 0.30345821380615234
Epoch 1120	Iteration 11200
Train score = 0.0013402521144598722	Test score = 0.3066461682319641
Epoch 1140	Iteration 11400
Train score = 0.001277267700061202	Test score = 0.3077555298805237
Epoch 1160	Iteration 11600
Train score = 0.0012318051885813475	Test score = 0.3108910024166107
Epoch 1180	Iteration 11800
Train score = 0.001206322805956006	Test score = 0.3134644627571106
Epoch 1200	Iteration 12000
Train score = 0.0011310374829918146	Test score = 0.31427252292633057
Epoch 1220	Iteration 12200
Train score = 0.0010866615921258926	Test score = 0.31779733300209045
Epoch 1240	Iteration 12400
Train score = 0.001048693316988647	Test score = 0.32177042961120605
Epoch 1260	Iteration 12600
Train score = 0.0010036206804215908	Test score = 0.3216648995876312
Epoch 1280	Iteration 12800
Train score = 0.0009625190868973732	Test score = 0.325885146856308
Epoch 1300	Iteration 13000
Train score = 0.0009291980531997979	Test score = 0.3279390037059784
Epoch 1320	Iteration 13200
Train score = 0.0009028577478602529	Test score = 0.32939523458480835
Epoch 1340	Iteration 13400
Train score = 0.0008582057198509574	Test score = 0.3322488069534302
Epoch 1360	Iteration 13600
Train score = 0.0008419070509262383	Test score = 0.3347553014755249
Epoch 1380	Iteration 13800
Train score = 0.0008195849950425327	Test score = 0.33612707257270813
Epoch 1400	Iteration 14000
Train score = 0.0007760003209114075	Test score = 0.33847177028656006
Epoch 1420	Iteration 14200
Train score = 0.0007491023861803114	Test score = 0.34066540002822876
Epoch 1440	Iteration 14400
Train score = 0.0007138986838981509	Test score = 0.3416150212287903
Epoch 1460	Iteration 14600
Train score = 0.0006990744732320309	Test score = 0.34497886896133423
Epoch 1480	Iteration 14800
Train score = 0.0006782708805985749	Test score = 0.3470044732093811
Epoch 1500	Iteration 15000
Train score = 0.0006622649962082505	Test score = 0.3479069769382477
Epoch 1520	Iteration 15200
Train score = 0.0006272859172895551	Test score = 0.3509202301502228
Epoch 1540	Iteration 15400
Train score = 0.0006025045877322555	Test score = 0.35230618715286255
Epoch 1560	Iteration 15600
Train score = 0.0005818064091727138	Test score = 0.35300564765930176
Epoch 1580	Iteration 15800
Train score = 0.0005589945940300822	Test score = 0.3561287522315979
Epoch 1600	Iteration 16000
Train score = 0.0005287363892421126	Test score = 0.35774505138397217
Epoch 1620	Iteration 16200
Train score = 0.0005344558740034699	Test score = 0.3599916994571686
Epoch 1640	Iteration 16400
Train score = 0.0005089655751362443	Test score = 0.3617651164531708
Epoch 1660	Iteration 16600
Train score = 0.0004989885492250323	Test score = 0.3627787232398987
Epoch 1680	Iteration 16800
Train score = 0.0004779446462634951	Test score = 0.3650853633880615
Epoch 1700	Iteration 17000
Train score = 0.00045664297067560256	Test score = 0.36545929312705994
Epoch 1720	Iteration 17200
Train score = 0.0004464625963009894	Test score = 0.36853986978530884
Epoch 1740	Iteration 17400
Train score = 0.0004272191727068275	Test score = 0.3696054518222809
Epoch 1760	Iteration 17600
Train score = 0.00041743036126717925	Test score = 0.3710063099861145
Epoch 1780	Iteration 17800
Train score = 0.0003855744726024568	Test score = 0.37244975566864014
Epoch 1800	Iteration 18000
Train score = 0.00038654619129374623	Test score = 0.37443891167640686
Epoch 1820	Iteration 18200
Train score = 0.00038898357888683677	Test score = 0.3772019147872925
Epoch 1840	Iteration 18400
Train score = 0.00034585664980113506	Test score = 0.378114253282547
Epoch 1860	Iteration 18600
Train score = 0.00033704977249726653	Test score = 0.37927305698394775
Epoch 1880	Iteration 18800
Train score = 0.00033370190067216754	Test score = 0.380511075258255
Epoch 1900	Iteration 19000
Train score = 0.000330765382386744	Test score = 0.38160601258277893
Epoch 1920	Iteration 19200
Train score = 0.0003169710107613355	Test score = 0.3831543028354645
Epoch 1940	Iteration 19400
Train score = 0.0003075722197536379	Test score = 0.384143203496933
Epoch 1960	Iteration 19600
Train score = 0.0002907814341597259	Test score = 0.38761603832244873
Epoch 1980	Iteration 19800
Train score = 0.0002798835339490324	Test score = 0.38708698749542236
Epoch 2000	Iteration 20000
Train score = 0.0002840146771632135	Test score = 0.3897075951099396
Model save: checkpoints_dim-10_ntrain-5000_lossfn-error_seed-1683/final.pkl
Model save: checkpoints_dim-10_ntrain-5000_lossfn-norm_seed-1683/best.pkl
Epoch 0	Iteration 0
Train score = 10.0	Test score = 1.6175990104675293
Model save: checkpoints_dim-10_ntrain-5000_lossfn-norm_seed-1683/best.pkl
Epoch 20	Iteration 200
Train score = 0.06791961938142776	Test score = 0.709821343421936
Model save: checkpoints_dim-10_ntrain-5000_lossfn-norm_seed-1683/best.pkl
Epoch 40	Iteration 400
Train score = 0.06354805082082748	Test score = 0.6745717525482178
Model save: checkpoints_dim-10_ntrain-5000_lossfn-norm_seed-1683/best.pkl
Epoch 60	Iteration 600
Train score = 0.052072443068027496	Test score = 0.5613200664520264
Model save: checkpoints_dim-10_ntrain-5000_lossfn-norm_seed-1683/best.pkl
Epoch 80	Iteration 800
Train score = 0.04556334763765335	Test score = 0.49895474314689636
Model save: checkpoints_dim-10_ntrain-5000_lossfn-norm_seed-1683/best.pkl
Epoch 100	Iteration 1000
Train score = 0.04366110637784004	Test score = 0.4808815121650696
Model save: checkpoints_dim-10_ntrain-5000_lossfn-norm_seed-1683/best.pkl
Epoch 120	Iteration 1200
Train score = 0.04166293144226074	Test score = 0.46688583493232727
Model save: checkpoints_dim-10_ntrain-5000_lossfn-norm_seed-1683/best.pkl
Epoch 140	Iteration 1400
Train score = 0.039332710206508636	Test score = 0.4552735686302185
Model save: checkpoints_dim-10_ntrain-5000_lossfn-norm_seed-1683/best.pkl
Epoch 160	Iteration 1600
Train score = 0.036019954830408096	Test score = 0.44385749101638794
Model save: checkpoints_dim-10_ntrain-5000_lossfn-norm_seed-1683/best.pkl
Epoch 180	Iteration 1800
Train score = 0.03168347477912903	Test score = 0.43519076704978943
Model save: checkpoints_dim-10_ntrain-5000_lossfn-norm_seed-1683/best.pkl
Epoch 200	Iteration 2000
Train score = 0.026264045387506485	Test score = 0.41163164377212524
Model save: checkpoints_dim-10_ntrain-5000_lossfn-norm_seed-1683/best.pkl
Epoch 220	Iteration 2200
Train score = 0.02124899812042713	Test score = 0.3778393864631653
Model save: checkpoints_dim-10_ntrain-5000_lossfn-norm_seed-1683/best.pkl
Epoch 240	Iteration 2400
Train score = 0.017822101712226868	Test score = 0.3416031002998352
Model save: checkpoints_dim-10_ntrain-5000_lossfn-norm_seed-1683/best.pkl
Epoch 260	Iteration 2600
Train score = 0.015186259523034096	Test score = 0.32637789845466614
Model save: checkpoints_dim-10_ntrain-5000_lossfn-norm_seed-1683/best.pkl
Epoch 280	Iteration 2800
Train score = 0.013286320492625237	Test score = 0.30416810512542725
Model save: checkpoints_dim-10_ntrain-5000_lossfn-norm_seed-1683/best.pkl
Epoch 300	Iteration 3000
Train score = 0.011772073805332184	Test score = 0.28637558221817017
Model save: checkpoints_dim-10_ntrain-5000_lossfn-norm_seed-1683/best.pkl
Epoch 320	Iteration 3200
Train score = 0.01049389410763979	Test score = 0.2712527811527252
Model save: checkpoints_dim-10_ntrain-5000_lossfn-norm_seed-1683/best.pkl
Epoch 340	Iteration 3400
Train score = 0.009565869346261024	Test score = 0.2595473825931549
Model save: checkpoints_dim-10_ntrain-5000_lossfn-norm_seed-1683/best.pkl
Epoch 360	Iteration 3600
Train score = 0.008845957927405834	Test score = 0.252750962972641
Model save: checkpoints_dim-10_ntrain-5000_lossfn-norm_seed-1683/best.pkl
Epoch 380	Iteration 3800
Train score = 0.008115166798233986	Test score = 0.246537446975708
Model save: checkpoints_dim-10_ntrain-5000_lossfn-norm_seed-1683/best.pkl
Epoch 400	Iteration 4000
Train score = 0.0076655312441289425	Test score = 0.242105633020401
Model save: checkpoints_dim-10_ntrain-5000_lossfn-norm_seed-1683/best.pkl
Epoch 420	Iteration 4200
Train score = 0.0071089910343289375	Test score = 0.23784565925598145
Model save: checkpoints_dim-10_ntrain-5000_lossfn-norm_seed-1683/best.pkl
Epoch 440	Iteration 4400
Train score = 0.006700613535940647	Test score = 0.23639121651649475
Model save: checkpoints_dim-10_ntrain-5000_lossfn-norm_seed-1683/best.pkl
Epoch 460	Iteration 4600
Train score = 0.006279169116169214	Test score = 0.23414722084999084
Model save: checkpoints_dim-10_ntrain-5000_lossfn-norm_seed-1683/best.pkl
Epoch 480	Iteration 4800
Train score = 0.0058366176672279835	Test score = 0.2321677803993225
Epoch 500	Iteration 5000
Train score = 0.0055207544937729836	Test score = 0.23305058479309082
Model save: checkpoints_dim-10_ntrain-5000_lossfn-norm_seed-1683/best.pkl
Epoch 520	Iteration 5200
Train score = 0.0052589355036616325	Test score = 0.23018653690814972
Epoch 540	Iteration 5400
Train score = 0.004987408872693777	Test score = 0.23098550736904144
Epoch 560	Iteration 5600
Train score = 0.004699482582509518	Test score = 0.23327817022800446
Epoch 580	Iteration 5800
Train score = 0.004510787315666676	Test score = 0.23455506563186646
Epoch 600	Iteration 6000
Train score = 0.004237242974340916	Test score = 0.2335706353187561
Epoch 620	Iteration 6200
Train score = 0.004019423387944698	Test score = 0.2356858104467392
Epoch 640	Iteration 6400
Train score = 0.003791396738961339	Test score = 0.2370997965335846
Epoch 660	Iteration 6600
Train score = 0.0036264664959162474	Test score = 0.23727034032344818
Epoch 680	Iteration 6800
Train score = 0.003465285524725914	Test score = 0.24105672538280487
Epoch 700	Iteration 7000
Train score = 0.0033265079837292433	Test score = 0.24256443977355957
Epoch 720	Iteration 7200
Train score = 0.003139785025268793	Test score = 0.2441309243440628
Epoch 740	Iteration 7400
Train score = 0.0029877410270273685	Test score = 0.24782589077949524
Epoch 760	Iteration 7600
Train score = 0.0028678218368440866	Test score = 0.24853716790676117
Epoch 780	Iteration 7800
Train score = 0.002709617605432868	Test score = 0.2512776553630829
Epoch 800	Iteration 8000
Train score = 0.0026318177115172148	Test score = 0.25341933965682983
Epoch 820	Iteration 8200
Train score = 0.0025363455060869455	Test score = 0.25723958015441895
Epoch 840	Iteration 8400
Train score = 0.002380030695348978	Test score = 0.2577248215675354
Epoch 860	Iteration 8600
Train score = 0.0023004338145256042	Test score = 0.2608364522457123
Epoch 880	Iteration 8800
Train score = 0.002185515593737364	Test score = 0.2645682394504547
Epoch 900	Iteration 9000
Train score = 0.0020750840194523335	Test score = 0.2660122215747833
Epoch 920	Iteration 9200
Train score = 0.0019972440786659718	Test score = 0.2689265012741089
Epoch 940	Iteration 9400
Train score = 0.0019182529067620635	Test score = 0.27185457944869995
Epoch 960	Iteration 9600
Train score = 0.0018182536587119102	Test score = 0.2746364176273346
Epoch 980	Iteration 9800
Train score = 0.0017748742830008268	Test score = 0.2769947648048401
Epoch 1000	Iteration 10000
Train score = 0.0016736488323658705	Test score = 0.2798942029476166
Epoch 1020	Iteration 10200
Train score = 0.0016245238948613405	Test score = 0.2821362614631653
Epoch 1040	Iteration 10400
Train score = 0.0015647618565708399	Test score = 0.2843429744243622
Epoch 1060	Iteration 10600
Train score = 0.0014821841614320874	Test score = 0.28745728731155396
Epoch 1080	Iteration 10800
Train score = 0.0014408164424821734	Test score = 0.2909999191761017
Epoch 1100	Iteration 11000
Train score = 0.0013542117085307837	Test score = 0.29224079847335815
Epoch 1120	Iteration 11200
Train score = 0.0013134826440364122	Test score = 0.2965761721134186
Epoch 1140	Iteration 11400
Train score = 0.001277600764296949	Test score = 0.2989491820335388
Epoch 1160	Iteration 11600
Train score = 0.0012252125889062881	Test score = 0.3009471595287323
Epoch 1180	Iteration 11800
Train score = 0.0011701749172061682	Test score = 0.30275797843933105
Epoch 1200	Iteration 12000
Train score = 0.0011224881745874882	Test score = 0.3063739240169525
Epoch 1220	Iteration 12200
Train score = 0.00105524982791394	Test score = 0.3093775808811188
Epoch 1240	Iteration 12400
Train score = 0.0010281482245773077	Test score = 0.3109572231769562
Epoch 1260	Iteration 12600
Train score = 0.001009551458992064	Test score = 0.31228142976760864
Epoch 1280	Iteration 12800
Train score = 0.0009683627868071198	Test score = 0.31713029742240906
Epoch 1300	Iteration 13000
Train score = 0.0009027420310303569	Test score = 0.31836894154548645
Epoch 1320	Iteration 13200
Train score = 0.0008768788538873196	Test score = 0.3206002116203308
Epoch 1340	Iteration 13400
Train score = 0.0008402488892897964	Test score = 0.32343289256095886
Epoch 1360	Iteration 13600
Train score = 0.0008283803472295403	Test score = 0.3255097568035126
Epoch 1380	Iteration 13800
Train score = 0.0007888927939347923	Test score = 0.3272343873977661
Epoch 1400	Iteration 14000
Train score = 0.0007626320002600551	Test score = 0.32896098494529724
Epoch 1420	Iteration 14200
Train score = 0.0007183904526755214	Test score = 0.3313921093940735
Epoch 1440	Iteration 14400
Train score = 0.0007054090965539217	Test score = 0.3331357538700104
Epoch 1460	Iteration 14600
Train score = 0.0006752455374225974	Test score = 0.33675241470336914
Epoch 1480	Iteration 14800
Train score = 0.0006756620132364333	Test score = 0.3376372456550598
Epoch 1500	Iteration 15000
Train score = 0.0006503018666990101	Test score = 0.33857497572898865
Epoch 1520	Iteration 15200
Train score = 0.0006148128886707127	Test score = 0.34146803617477417
Epoch 1540	Iteration 15400
Train score = 0.0005841968231834471	Test score = 0.3439263105392456
Epoch 1560	Iteration 15600
Train score = 0.0005744847003370523	Test score = 0.34475040435791016
Epoch 1580	Iteration 15800
Train score = 0.0005375166656449437	Test score = 0.34550097584724426
Epoch 1600	Iteration 16000
Train score = 0.0005437334184534848	Test score = 0.3489759862422943
Epoch 1620	Iteration 16200
Train score = 0.0005192724638618529	Test score = 0.3504423201084137
Epoch 1640	Iteration 16400
Train score = 0.0004899451741948724	Test score = 0.35278528928756714
Epoch 1660	Iteration 16600
Train score = 0.000487009237986058	Test score = 0.3526311218738556
Epoch 1680	Iteration 16800
Train score = 0.00046807233593426645	Test score = 0.3549625277519226
Epoch 1700	Iteration 17000
Train score = 0.00044635310769081116	Test score = 0.3556003272533417
Epoch 1720	Iteration 17200
Train score = 0.0004255503008607775	Test score = 0.35707589983940125
Epoch 1740	Iteration 17400
Train score = 0.0004131926689296961	Test score = 0.3589407205581665
Epoch 1760	Iteration 17600
Train score = 0.0004058032645843923	Test score = 0.3605928122997284
Epoch 1780	Iteration 17800
Train score = 0.0003844618913717568	Test score = 0.36110177636146545
Epoch 1800	Iteration 18000
Train score = 0.0003702226676978171	Test score = 0.36226943135261536
Epoch 1820	Iteration 18200
Train score = 0.0003849811037071049	Test score = 0.36559468507766724
Epoch 1840	Iteration 18400
Train score = 0.000355318421497941	Test score = 0.3655708432197571
Epoch 1860	Iteration 18600
Train score = 0.0003274634073022753	Test score = 0.36783164739608765
Epoch 1880	Iteration 18800
Train score = 0.00033173043630085886	Test score = 0.3691289722919464
Epoch 1900	Iteration 19000
Train score = 0.00031952912104316056	Test score = 0.3707364797592163
Epoch 1920	Iteration 19200
Train score = 0.0003127776726614684	Test score = 0.3721728026866913
Epoch 1940	Iteration 19400
Train score = 0.00029315275605767965	Test score = 0.3723236620426178
Epoch 1960	Iteration 19600
Train score = 0.00029260892188176513	Test score = 0.37312906980514526
Epoch 1980	Iteration 19800
Train score = 0.0002696142764762044	Test score = 0.37580156326293945
Epoch 2000	Iteration 20000
Train score = 0.0002794451720546931	Test score = 0.3759481906890869
Model save: checkpoints_dim-10_ntrain-5000_lossfn-norm_seed-1683/final.pkl
slurmstepd-node4: error: *** JOB 92172 ON node4 CANCELLED AT 2019-04-02T03:28:57 DUE TO TIME LIMIT ***
