Model save: checkpoints/checkpoints_semisupervised/checkpoint_dim-2_ntrain-2_lossfn-error_seed-1683/best.pkl
Epoch 0	Iteration 0
Train score = 10.0	Test score = 0.8586826324462891
Epoch 20000	Iteration 20000
Train score = 1.7663347762209014e-06	Test score = 1.333197832107544
Model save: checkpoints/checkpoints_semisupervised/checkpoint_dim-2_ntrain-2_lossfn-error_seed-1683/final.pkl
Model save: checkpoints/checkpoints_semisupervised/checkpoint_dim-2_ntrain-1_lossfn-error_seed-1683/best.pkl
Epoch 0	Iteration 0
Train score = 10.0	Test score = 0.8771644234657288
Epoch 20000	Iteration 20000
Train score = 0.0	Test score = 1.887161135673523
Model save: checkpoints/checkpoints_semisupervised/checkpoint_dim-2_ntrain-1_lossfn-error_seed-1683/final.pkl
Model save: checkpoints/checkpoints_semisupervised/checkpoint_dim-2_ntrain-6_lossfn-error_seed-1683/best.pkl
Epoch 0	Iteration 0
Train score = 10.0	Test score = 0.8592165112495422
Epoch 20000	Iteration 20000
Train score = 1.4450918683905911e-08	Test score = 1.689640998840332
Model save: checkpoints/checkpoints_semisupervised/checkpoint_dim-2_ntrain-6_lossfn-error_seed-1683/final.pkl
Model save: checkpoints/checkpoints_semisupervised/checkpoint_dim-2_ntrain-5_lossfn-error_seed-1683/best.pkl
Epoch 0	Iteration 0
Train score = 10.0	Test score = 0.8594863414764404
Epoch 20000	Iteration 20000
Train score = 1.0717115401348565e-05	Test score = 1.8411794900894165
Model save: checkpoints/checkpoints_semisupervised/checkpoint_dim-2_ntrain-5_lossfn-error_seed-1683/final.pkl
Model save: checkpoints/checkpoints_semisupervised/checkpoint_dim-2_ntrain-3_lossfn-error_seed-1683/best.pkl
Epoch 0	Iteration 0
Train score = 10.0	Test score = 0.8588147163391113
Epoch 20000	Iteration 20000
Train score = 7.440003457759303e-08	Test score = 1.627558708190918
Model save: checkpoints/checkpoints_semisupervised/checkpoint_dim-2_ntrain-3_lossfn-error_seed-1683/final.pkl
Model save: checkpoints/checkpoints_semisupervised/checkpoint_dim-2_ntrain-4_lossfn-error_seed-1683/best.pkl
Epoch 0	Iteration 0
Train score = 10.0	Test score = 0.8594789505004883
Epoch 20000	Iteration 20000
Train score = 4.2547590450858763e-11	Test score = 1.8676327466964722
Model save: checkpoints/checkpoints_semisupervised/checkpoint_dim-2_ntrain-4_lossfn-error_seed-1683/final.pkl
Model save: checkpoints/checkpoints_semisupervised/checkpoint_dim-2_ntrain-7_lossfn-error_seed-1683/best.pkl
Epoch 0	Iteration 0
Train score = 10.0	Test score = 0.8606701493263245
Model save: checkpoints/checkpoints_semisupervised/checkpoint_dim-2_ntrain-7_lossfn-error_seed-1683/best.pkl
Epoch 20000	Iteration 20000
Train score = 1.0050369564362782e-10	Test score = 0.5612837076187134
Model save: checkpoints/checkpoints_semisupervised/checkpoint_dim-2_ntrain-7_lossfn-error_seed-1683/final.pkl
Model save: checkpoints/checkpoints_semisupervised/checkpoint_dim-2_ntrain-8_lossfn-error_seed-1683/best.pkl
Epoch 0	Iteration 0
Train score = 10.0	Test score = 0.8605772256851196
Model save: checkpoints/checkpoints_semisupervised/checkpoint_dim-2_ntrain-8_lossfn-error_seed-1683/best.pkl
Epoch 20000	Iteration 20000
Train score = 7.036713989272414e-10	Test score = 0.19438546895980835
Model save: checkpoints/checkpoints_semisupervised/checkpoint_dim-2_ntrain-8_lossfn-error_seed-1683/final.pkl
Model save: checkpoints/checkpoints_semisupervised/checkpoint_dim-2_ntrain-9_lossfn-error_seed-1683/best.pkl
Epoch 0	Iteration 0
Train score = 10.0	Test score = 0.8625196218490601
Model save: checkpoints/checkpoints_semisupervised/checkpoint_dim-2_ntrain-9_lossfn-error_seed-1683/best.pkl
Epoch 20000	Iteration 20000
Train score = 6.263928753469372e-07	Test score = 0.0462975949048996
Model save: checkpoints/checkpoints_semisupervised/checkpoint_dim-2_ntrain-9_lossfn-error_seed-1683/final.pkl
Model save: checkpoints/checkpoints_semisupervised/checkpoint_dim-2_ntrain-10_lossfn-error_seed-1683/best.pkl
Epoch 0	Iteration 0
Train score = 10.0	Test score = 0.8652052879333496
Model save: checkpoints/checkpoints_semisupervised/checkpoint_dim-2_ntrain-10_lossfn-error_seed-1683/best.pkl
Epoch 20000	Iteration 20000
Train score = 7.92540049587842e-06	Test score = 0.023475361987948418
Model save: checkpoints/checkpoints_semisupervised/checkpoint_dim-2_ntrain-10_lossfn-error_seed-1683/final.pkl
Model save: checkpoints/checkpoints_semisupervised/checkpoint_dim-2_ntrain-12_lossfn-error_seed-1683/best.pkl
Epoch 0	Iteration 0
Train score = 10.0	Test score = 0.8601817488670349
Model save: checkpoints/checkpoints_semisupervised/checkpoint_dim-2_ntrain-12_lossfn-error_seed-1683/best.pkl
Epoch 20000	Iteration 20000
Train score = 8.80351126397727e-06	Test score = 0.028885317966341972
Model save: checkpoints/checkpoints_semisupervised/checkpoint_dim-2_ntrain-12_lossfn-error_seed-1683/final.pkl
Model save: checkpoints/checkpoints_semisupervised/checkpoint_dim-2_ntrain-11_lossfn-error_seed-1683/best.pkl
Epoch 0	Iteration 0
Train score = 10.0	Test score = 0.8612903952598572
Model save: checkpoints/checkpoints_semisupervised/checkpoint_dim-2_ntrain-11_lossfn-error_seed-1683/best.pkl
Epoch 20000	Iteration 20000
Train score = 6.063273758627474e-06	Test score = 0.03496316447854042
Model save: checkpoints/checkpoints_semisupervised/checkpoint_dim-2_ntrain-11_lossfn-error_seed-1683/final.pkl
Model save: checkpoints/checkpoints_semisupervised/checkpoint_dim-2_ntrain-13_lossfn-error_seed-1683/best.pkl
Epoch 0	Iteration 0
Train score = 10.0	Test score = 0.8607494831085205
Model save: checkpoints/checkpoints_semisupervised/checkpoint_dim-2_ntrain-13_lossfn-error_seed-1683/best.pkl
Epoch 20000	Iteration 20000
Train score = 2.3323991626966745e-06	Test score = 0.02918410860002041
Model save: checkpoints/checkpoints_semisupervised/checkpoint_dim-2_ntrain-13_lossfn-error_seed-1683/final.pkl
Model save: checkpoints/checkpoints_semisupervised/checkpoint_dim-2_ntrain-14_lossfn-error_seed-1683/best.pkl
Epoch 0	Iteration 0
Train score = 10.0	Test score = 0.8624081015586853
Model save: checkpoints/checkpoints_semisupervised/checkpoint_dim-2_ntrain-14_lossfn-error_seed-1683/best.pkl
Epoch 20000	Iteration 20000
Train score = 2.2385731881513493e-06	Test score = 0.022654928267002106
Model save: checkpoints/checkpoints_semisupervised/checkpoint_dim-2_ntrain-14_lossfn-error_seed-1683/final.pkl
Model save: checkpoints/checkpoints_semisupervised/checkpoint_dim-2_ntrain-15_lossfn-error_seed-1683/best.pkl
Epoch 0	Iteration 0
Train score = 10.0	Test score = 0.862248957157135
Model save: checkpoints/checkpoints_semisupervised/checkpoint_dim-2_ntrain-15_lossfn-error_seed-1683/best.pkl
Epoch 20000	Iteration 20000
Train score = 3.1410665997100295e-06	Test score = 0.023023881018161774
Model save: checkpoints/checkpoints_semisupervised/checkpoint_dim-2_ntrain-15_lossfn-error_seed-1683/final.pkl
Model save: checkpoints/checkpoints_semisupervised/checkpoint_dim-2_ntrain-16_lossfn-error_seed-1683/best.pkl
Epoch 0	Iteration 0
Train score = 10.0	Test score = 0.8607776761054993
Model save: checkpoints/checkpoints_semisupervised/checkpoint_dim-2_ntrain-16_lossfn-error_seed-1683/best.pkl
Epoch 20000	Iteration 20000
Train score = 2.703033715079073e-06	Test score = 0.025242365896701813
Model save: checkpoints/checkpoints_semisupervised/checkpoint_dim-2_ntrain-16_lossfn-error_seed-1683/final.pkl
Model save: checkpoints/checkpoints_semisupervised/checkpoint_dim-2_ntrain-1_lossfn-norm_variable_seed-1683/best.pkl
Epoch 0	Iteration 0
Train score = 10.0	Test score = 0.8927939534187317
Epoch 20199	Iteration 20199
Train score = 4.194244396238389e-10	Test score = 2.648329973220825
Model save: checkpoints/checkpoints_semisupervised/checkpoint_dim-2_ntrain-1_lossfn-norm_variable_seed-1683/final.pkl
Model save: checkpoints/checkpoints_semisupervised/checkpoint_dim-2_ntrain-17_lossfn-error_seed-1683/best.pkl
Epoch 0	Iteration 0
Train score = 10.0	Test score = 0.860511064529419
Model save: checkpoints/checkpoints_semisupervised/checkpoint_dim-2_ntrain-17_lossfn-error_seed-1683/best.pkl
Epoch 20000	Iteration 20000
Train score = 1.3550367157222354e-06	Test score = 0.016240017488598824
Model save: checkpoints/checkpoints_semisupervised/checkpoint_dim-2_ntrain-17_lossfn-error_seed-1683/final.pkl
Model save: checkpoints/checkpoints_semisupervised/checkpoint_dim-2_ntrain-18_lossfn-error_seed-1683/best.pkl
Epoch 0	Iteration 0
Train score = 10.0	Test score = 0.8600162267684937
Model save: checkpoints/checkpoints_semisupervised/checkpoint_dim-2_ntrain-18_lossfn-error_seed-1683/best.pkl
Epoch 20000	Iteration 20000
Train score = 3.294801217634813e-06	Test score = 0.0019754376262426376
Model save: checkpoints/checkpoints_semisupervised/checkpoint_dim-2_ntrain-18_lossfn-error_seed-1683/final.pkl
Model save: checkpoints/checkpoints_semisupervised/checkpoint_dim-2_ntrain-19_lossfn-error_seed-1683/best.pkl
Epoch 0	Iteration 0
Train score = 10.0	Test score = 0.8599646687507629
Model save: checkpoints/checkpoints_semisupervised/checkpoint_dim-2_ntrain-19_lossfn-error_seed-1683/best.pkl
Epoch 20000	Iteration 20000
Train score = 4.06787830797839e-06	Test score = 0.0015585966175422072
Model save: checkpoints/checkpoints_semisupervised/checkpoint_dim-2_ntrain-19_lossfn-error_seed-1683/final.pkl
Model save: checkpoints/checkpoints_semisupervised/checkpoint_dim-2_ntrain-1_lossfn-norm_seed-1683/best.pkl
Epoch 0	Iteration 0
Train score = 10.0	Test score = 0.8927939534187317
Epoch 20000	Iteration 20000
Train score = 0.0	Test score = 1.8877981901168823
Model save: checkpoints/checkpoints_semisupervised/checkpoint_dim-2_ntrain-1_lossfn-norm_seed-1683/final.pkl
Model save: checkpoints/checkpoints_semisupervised/checkpoint_dim-2_ntrain-1_lossfn-det_seed-1683/best.pkl
Epoch 0	Iteration 0
Train score = 10.0	Test score = 0.8771637678146362
Epoch 20000	Iteration 20000
Train score = 1.9161048214755283e-07	Test score = 1.864229440689087
Model save: checkpoints/checkpoints_semisupervised/checkpoint_dim-2_ntrain-1_lossfn-det_seed-1683/final.pkl
Model save: checkpoints/checkpoints_semisupervised/checkpoint_dim-2_ntrain-20_lossfn-error_seed-1683/best.pkl
Epoch 0	Iteration 0
Train score = 10.0	Test score = 0.860588014125824
Model save: checkpoints/checkpoints_semisupervised/checkpoint_dim-2_ntrain-20_lossfn-error_seed-1683/best.pkl
Epoch 20000	Iteration 20000
Train score = 3.835136340057943e-06	Test score = 0.0013801384484395385
Model save: checkpoints/checkpoints_semisupervised/checkpoint_dim-2_ntrain-20_lossfn-error_seed-1683/final.pkl
Model save: checkpoints/checkpoints_semisupervised/checkpoint_dim-2_ntrain-21_lossfn-error_seed-1683/best.pkl
Epoch 0	Iteration 0
Train score = 10.0	Test score = 0.8666452765464783
Model save: checkpoints/checkpoints_semisupervised/checkpoint_dim-2_ntrain-21_lossfn-error_seed-1683/best.pkl
Epoch 20000	Iteration 20000
Train score = 5.276347565086326e-06	Test score = 0.0014934531645849347
Model save: checkpoints/checkpoints_semisupervised/checkpoint_dim-2_ntrain-21_lossfn-error_seed-1683/final.pkl
Model save: checkpoints/checkpoints_semisupervised/checkpoint_dim-2_ntrain-2_lossfn-norm_seed-1683/best.pkl
Epoch 0	Iteration 0
Train score = 10.0	Test score = 0.8658416271209717
Epoch 20000	Iteration 20000
Train score = 1.2980663086636923e-06	Test score = 1.3997944593429565
Model save: checkpoints/checkpoints_semisupervised/checkpoint_dim-2_ntrain-2_lossfn-norm_seed-1683/final.pkl
Model save: checkpoints/checkpoints_semisupervised/checkpoint_dim-2_ntrain-22_lossfn-error_seed-1683/best.pkl
Epoch 0	Iteration 0
Train score = 10.0	Test score = 0.863221287727356
Model save: checkpoints/checkpoints_semisupervised/checkpoint_dim-2_ntrain-22_lossfn-error_seed-1683/best.pkl
Epoch 20000	Iteration 20000
Train score = 5.1272422751935665e-06	Test score = 0.0011495387880131602
Model save: checkpoints/checkpoints_semisupervised/checkpoint_dim-2_ntrain-22_lossfn-error_seed-1683/final.pkl
Model save: checkpoints/checkpoints_semisupervised/checkpoint_dim-2_ntrain-1_lossfn-det_variable_seed-1683/best.pkl
Epoch 0	Iteration 0
Train score = 10.0	Test score = 0.8771637678146362
Epoch 20199	Iteration 20199
Train score = 1.5443796655745246e-05	Test score = 1.9965370893478394
Model save: checkpoints/checkpoints_semisupervised/checkpoint_dim-2_ntrain-1_lossfn-det_variable_seed-1683/final.pkl
Model save: checkpoints/checkpoints_semisupervised/checkpoint_dim-2_ntrain-23_lossfn-error_seed-1683/best.pkl
Epoch 0	Iteration 0
Train score = 10.0	Test score = 0.8630818128585815
Model save: checkpoints/checkpoints_semisupervised/checkpoint_dim-2_ntrain-23_lossfn-error_seed-1683/best.pkl
Epoch 20000	Iteration 20000
Train score = 6.761385975551093e-06	Test score = 0.0010111219016835093
Model save: checkpoints/checkpoints_semisupervised/checkpoint_dim-2_ntrain-23_lossfn-error_seed-1683/final.pkl
Model save: checkpoints/checkpoints_semisupervised/checkpoint_dim-2_ntrain-2_lossfn-norm_variable_seed-1683/best.pkl
Epoch 0	Iteration 0
Train score = 10.0	Test score = 0.8658416271209717
Epoch 20199	Iteration 20199
Train score = 3.1543867518024626e-10	Test score = 1.9343047142028809
Model save: checkpoints/checkpoints_semisupervised/checkpoint_dim-2_ntrain-2_lossfn-norm_variable_seed-1683/final.pkl
Model save: checkpoints/checkpoints_semisupervised/checkpoint_dim-2_ntrain-24_lossfn-error_seed-1683/best.pkl
Epoch 0	Iteration 0
Train score = 10.0	Test score = 0.8646923899650574
Model save: checkpoints/checkpoints_semisupervised/checkpoint_dim-2_ntrain-24_lossfn-error_seed-1683/best.pkl
Epoch 20000	Iteration 20000
Train score = 7.959320100781042e-06	Test score = 0.001159047707915306
Model save: checkpoints/checkpoints_semisupervised/checkpoint_dim-2_ntrain-24_lossfn-error_seed-1683/final.pkl
Model save: checkpoints/checkpoints_semisupervised/checkpoint_dim-2_ntrain-25_lossfn-error_seed-1683/best.pkl
Epoch 0	Iteration 0
Train score = 10.0	Test score = 0.8653231263160706
Model save: checkpoints/checkpoints_semisupervised/checkpoint_dim-2_ntrain-25_lossfn-error_seed-1683/best.pkl
Epoch 20000	Iteration 20000
Train score = 4.719414391729515e-06	Test score = 0.0009730159072205424
Model save: checkpoints/checkpoints_semisupervised/checkpoint_dim-2_ntrain-25_lossfn-error_seed-1683/final.pkl
Model save: checkpoints/checkpoints_semisupervised/checkpoint_dim-2_ntrain-26_lossfn-error_seed-1683/best.pkl
Epoch 0	Iteration 0
Train score = 10.0	Test score = 0.867371678352356
Model save: checkpoints/checkpoints_semisupervised/checkpoint_dim-2_ntrain-26_lossfn-error_seed-1683/best.pkl
Epoch 20000	Iteration 20000
Train score = 4.209739017824177e-06	Test score = 0.0008735610754229128
Model save: checkpoints/checkpoints_semisupervised/checkpoint_dim-2_ntrain-26_lossfn-error_seed-1683/final.pkl
Model save: checkpoints/checkpoints_semisupervised/checkpoint_dim-2_ntrain-3_lossfn-norm_seed-1683/best.pkl
Epoch 0	Iteration 0
Train score = 10.0	Test score = 0.8674193024635315
Epoch 20000	Iteration 20000
Train score = 5.438026029480625e-09	Test score = 1.682695746421814
Model save: checkpoints/checkpoints_semisupervised/checkpoint_dim-2_ntrain-3_lossfn-norm_seed-1683/final.pkl
Model save: checkpoints/checkpoints_semisupervised/checkpoint_dim-2_ntrain-27_lossfn-error_seed-1683/best.pkl
Epoch 0	Iteration 0
Train score = 10.0	Test score = 0.8610789775848389
Model save: checkpoints/checkpoints_semisupervised/checkpoint_dim-2_ntrain-27_lossfn-error_seed-1683/best.pkl
Epoch 20000	Iteration 20000
Train score = 4.705128503701417e-06	Test score = 0.0008332887664437294
Model save: checkpoints/checkpoints_semisupervised/checkpoint_dim-2_ntrain-27_lossfn-error_seed-1683/final.pkl
Model save: checkpoints/checkpoints_semisupervised/checkpoint_dim-2_ntrain-3_lossfn-norm_variable_seed-1683/best.pkl
Epoch 0	Iteration 0
Train score = 10.0	Test score = 0.8674193024635315
Epoch 20199	Iteration 20199
Train score = 2.5601587516632662e-09	Test score = 2.081089973449707
Model save: checkpoints/checkpoints_semisupervised/checkpoint_dim-2_ntrain-3_lossfn-norm_variable_seed-1683/final.pkl
Model save: checkpoints/checkpoints_semisupervised/checkpoint_dim-2_ntrain-28_lossfn-error_seed-1683/best.pkl
Epoch 0	Iteration 0
Train score = 10.0	Test score = 0.8646008372306824
Model save: checkpoints/checkpoints_semisupervised/checkpoint_dim-2_ntrain-28_lossfn-error_seed-1683/best.pkl
Epoch 20000	Iteration 20000
Train score = 4.451439053809736e-06	Test score = 0.0008322958601638675
Model save: checkpoints/checkpoints_semisupervised/checkpoint_dim-2_ntrain-28_lossfn-error_seed-1683/final.pkl
Model save: checkpoints/checkpoints_semisupervised/checkpoint_dim-2_ntrain-29_lossfn-error_seed-1683/best.pkl
Epoch 0	Iteration 0
Train score = 10.0	Test score = 0.8604221343994141
Model save: checkpoints/checkpoints_semisupervised/checkpoint_dim-2_ntrain-29_lossfn-error_seed-1683/best.pkl
Epoch 20000	Iteration 20000
Train score = 5.711625362891937e-06	Test score = 0.0008072761120274663
Model save: checkpoints/checkpoints_semisupervised/checkpoint_dim-2_ntrain-29_lossfn-error_seed-1683/final.pkl
Model save: checkpoints/checkpoints_semisupervised/checkpoint_dim-2_ntrain-30_lossfn-error_seed-1683/best.pkl
Epoch 0	Iteration 0
Train score = 10.0	Test score = 0.8653020858764648
Model save: checkpoints/checkpoints_semisupervised/checkpoint_dim-2_ntrain-30_lossfn-error_seed-1683/best.pkl
Epoch 20000	Iteration 20000
Train score = 5.358586349757388e-06	Test score = 0.0009243062813766301
Model save: checkpoints/checkpoints_semisupervised/checkpoint_dim-2_ntrain-30_lossfn-error_seed-1683/final.pkl
Model save: checkpoints/checkpoints_semisupervised/checkpoint_dim-2_ntrain-4_lossfn-norm_seed-1683/best.pkl
Epoch 0	Iteration 0
Train score = 10.0	Test score = 0.863229513168335
Epoch 20000	Iteration 20000
Train score = 9.998923564125128e-12	Test score = 1.8625283241271973
Model save: checkpoints/checkpoints_semisupervised/checkpoint_dim-2_ntrain-4_lossfn-norm_seed-1683/final.pkl
Model save: checkpoints/checkpoints_semisupervised/checkpoint_dim-2_ntrain-2_lossfn-det_seed-1683/best.pkl
Epoch 0	Iteration 0
Train score = 10.0	Test score = 0.8593556880950928
Epoch 20000	Iteration 20000
Train score = 4.445470494829351e-06	Test score = 2.862420082092285
Model save: checkpoints/checkpoints_semisupervised/checkpoint_dim-2_ntrain-2_lossfn-det_seed-1683/final.pkl
Model save: checkpoints/checkpoints_semisupervised/checkpoint_dim-2_ntrain-4_lossfn-norm_variable_seed-1683/best.pkl
Epoch 0	Iteration 0
Train score = 10.0	Test score = 0.863229513168335
Epoch 20199	Iteration 20199
Train score = 2.4209136917363594e-09	Test score = 1.2928258180618286
Model save: checkpoints/checkpoints_semisupervised/checkpoint_dim-2_ntrain-4_lossfn-norm_variable_seed-1683/final.pkl
Model save: checkpoints/checkpoints_semisupervised/checkpoint_dim-2_ntrain-2_lossfn-det_variable_seed-1683/best.pkl
Epoch 0	Iteration 0
Train score = 10.0	Test score = 0.8593556880950928
Epoch 20199	Iteration 20199
Train score = 3.2085596401998373e-09	Test score = 3.265164613723755
Model save: checkpoints/checkpoints_semisupervised/checkpoint_dim-2_ntrain-2_lossfn-det_variable_seed-1683/final.pkl
Model save: checkpoints/checkpoints_semisupervised/checkpoint_dim-2_ntrain-5_lossfn-norm_seed-1683/best.pkl
Epoch 0	Iteration 0
Train score = 10.0	Test score = 0.8668079376220703
Epoch 20000	Iteration 20000
Train score = 4.8883940451105445e-08	Test score = 2.054659843444824
Model save: checkpoints/checkpoints_semisupervised/checkpoint_dim-2_ntrain-5_lossfn-norm_seed-1683/final.pkl
Model save: checkpoints/checkpoints_semisupervised/checkpoint_dim-2_ntrain-5_lossfn-norm_variable_seed-1683/best.pkl
Epoch 0	Iteration 0
Train score = 10.0	Test score = 0.8668079376220703
Model save: checkpoints/checkpoints_semisupervised/checkpoint_dim-2_ntrain-5_lossfn-norm_variable_seed-1683/best.pkl
Epoch 20199	Iteration 20199
Train score = 4.813967890981985e-09	Test score = 0.6754216551780701
Model save: checkpoints/checkpoints_semisupervised/checkpoint_dim-2_ntrain-5_lossfn-norm_variable_seed-1683/final.pkl
Model save: checkpoints/checkpoints_semisupervised/checkpoint_dim-2_ntrain-6_lossfn-norm_seed-1683/best.pkl
Epoch 0	Iteration 0
Train score = 10.0	Test score = 0.8671042323112488
Epoch 20000	Iteration 20000
Train score = 4.283117959857918e-06	Test score = 1.4989780187606812
Model save: checkpoints/checkpoints_semisupervised/checkpoint_dim-2_ntrain-6_lossfn-norm_seed-1683/final.pkl
Model save: checkpoints/checkpoints_semisupervised/checkpoint_dim-2_ntrain-6_lossfn-norm_variable_seed-1683/best.pkl
Epoch 0	Iteration 0
Train score = 10.0	Test score = 0.8671042323112488
Model save: checkpoints/checkpoints_semisupervised/checkpoint_dim-2_ntrain-6_lossfn-norm_variable_seed-1683/best.pkl
Epoch 20199	Iteration 20199
Train score = 1.1077297301653743e-07	Test score = 0.6532096862792969
Model save: checkpoints/checkpoints_semisupervised/checkpoint_dim-2_ntrain-6_lossfn-norm_variable_seed-1683/final.pkl
Model save: checkpoints/checkpoints_semisupervised/checkpoint_dim-2_ntrain-3_lossfn-det_seed-1683/best.pkl
Epoch 0	Iteration 0
Train score = 10.0	Test score = 0.85922771692276
Epoch 20000	Iteration 20000
Train score = 4.513473362416365e-12	Test score = 3.1828835010528564
Model save: checkpoints/checkpoints_semisupervised/checkpoint_dim-2_ntrain-3_lossfn-det_seed-1683/final.pkl
Model save: checkpoints/checkpoints_semisupervised/checkpoint_dim-2_ntrain-3_lossfn-det_variable_seed-1683/best.pkl
Epoch 0	Iteration 0
Train score = 10.0	Test score = 0.85922771692276
Epoch 20199	Iteration 20199
Train score = 9.884359997158754e-07	Test score = 3.555114984512329
Model save: checkpoints/checkpoints_semisupervised/checkpoint_dim-2_ntrain-3_lossfn-det_variable_seed-1683/final.pkl
Model save: checkpoints/checkpoints_semisupervised/checkpoint_dim-2_ntrain-7_lossfn-norm_seed-1683/best.pkl
Epoch 0	Iteration 0
Train score = 10.0	Test score = 0.8633872270584106
Model save: checkpoints/checkpoints_semisupervised/checkpoint_dim-2_ntrain-7_lossfn-norm_seed-1683/best.pkl
Epoch 20000	Iteration 20000
Train score = 1.5247967818932118e-11	Test score = 0.6199849247932434
Model save: checkpoints/checkpoints_semisupervised/checkpoint_dim-2_ntrain-7_lossfn-norm_seed-1683/final.pkl
Model save: checkpoints/checkpoints_semisupervised/checkpoint_dim-2_ntrain-7_lossfn-norm_variable_seed-1683/best.pkl
Epoch 0	Iteration 0
Train score = 10.0	Test score = 0.8633872270584106
Model save: checkpoints/checkpoints_semisupervised/checkpoint_dim-2_ntrain-7_lossfn-norm_variable_seed-1683/best.pkl
Epoch 20199	Iteration 20199
Train score = 5.7512878903764886e-09	Test score = 0.3189876675605774
Model save: checkpoints/checkpoints_semisupervised/checkpoint_dim-2_ntrain-7_lossfn-norm_variable_seed-1683/final.pkl
Model save: checkpoints/checkpoints_semisupervised/checkpoint_dim-2_ntrain-8_lossfn-norm_seed-1683/best.pkl
Epoch 0	Iteration 0
Train score = 10.0	Test score = 0.8689973950386047
Model save: checkpoints/checkpoints_semisupervised/checkpoint_dim-2_ntrain-8_lossfn-norm_seed-1683/best.pkl
Epoch 20000	Iteration 20000
Train score = 6.952608488930423e-10	Test score = 0.19847601652145386
Model save: checkpoints/checkpoints_semisupervised/checkpoint_dim-2_ntrain-8_lossfn-norm_seed-1683/final.pkl
Model save: checkpoints/checkpoints_semisupervised/checkpoint_dim-2_ntrain-8_lossfn-norm_variable_seed-1683/best.pkl
Epoch 0	Iteration 0
Train score = 10.0	Test score = 0.8689973950386047
Model save: checkpoints/checkpoints_semisupervised/checkpoint_dim-2_ntrain-8_lossfn-norm_variable_seed-1683/best.pkl
Epoch 20199	Iteration 20199
Train score = 8.044553396757692e-07	Test score = 0.03305983915925026
Model save: checkpoints/checkpoints_semisupervised/checkpoint_dim-2_ntrain-8_lossfn-norm_variable_seed-1683/final.pkl
Model save: checkpoints/checkpoints_semisupervised/checkpoint_dim-2_ntrain-4_lossfn-det_seed-1683/best.pkl
Epoch 0	Iteration 0
Train score = 10.0	Test score = 0.8596978187561035
Epoch 20000	Iteration 20000
Train score = 8.440813326071606e-11	Test score = 2.465949058532715
Model save: checkpoints/checkpoints_semisupervised/checkpoint_dim-2_ntrain-4_lossfn-det_seed-1683/final.pkl
Model save: checkpoints/checkpoints_semisupervised/checkpoint_dim-2_ntrain-4_lossfn-det_variable_seed-1683/best.pkl
Epoch 0	Iteration 0
Train score = 10.0	Test score = 0.8596978187561035
Epoch 20199	Iteration 20199
Train score = 1.231801682877176e-08	Test score = 2.7223732471466064
Model save: checkpoints/checkpoints_semisupervised/checkpoint_dim-2_ntrain-4_lossfn-det_variable_seed-1683/final.pkl
Model save: checkpoints/checkpoints_semisupervised/checkpoint_dim-2_ntrain-9_lossfn-norm_seed-1683/best.pkl
Epoch 0	Iteration 0
Train score = 10.0	Test score = 0.8703456521034241
Model save: checkpoints/checkpoints_semisupervised/checkpoint_dim-2_ntrain-9_lossfn-norm_seed-1683/best.pkl
Epoch 20000	Iteration 20000
Train score = 7.258096843543171e-07	Test score = 0.04581678658723831
Model save: checkpoints/checkpoints_semisupervised/checkpoint_dim-2_ntrain-9_lossfn-norm_seed-1683/final.pkl
Model save: checkpoints/checkpoints_semisupervised/checkpoint_dim-2_ntrain-9_lossfn-norm_variable_seed-1683/best.pkl
Epoch 0	Iteration 0
Train score = 10.0	Test score = 0.8703456521034241
Model save: checkpoints/checkpoints_semisupervised/checkpoint_dim-2_ntrain-9_lossfn-norm_variable_seed-1683/best.pkl
Epoch 20199	Iteration 20199
Train score = 2.6728985176305287e-05	Test score = 0.03415407985448837
Model save: checkpoints/checkpoints_semisupervised/checkpoint_dim-2_ntrain-9_lossfn-norm_variable_seed-1683/final.pkl
Model save: checkpoints/checkpoints_semisupervised/checkpoint_dim-2_ntrain-10_lossfn-norm_seed-1683/best.pkl
Epoch 0	Iteration 0
Train score = 10.0	Test score = 0.8742910027503967
Model save: checkpoints/checkpoints_semisupervised/checkpoint_dim-2_ntrain-10_lossfn-norm_seed-1683/best.pkl
Epoch 20000	Iteration 20000
Train score = 9.799943654797971e-06	Test score = 0.0219081100076437
Model save: checkpoints/checkpoints_semisupervised/checkpoint_dim-2_ntrain-10_lossfn-norm_seed-1683/final.pkl
Model save: checkpoints/checkpoints_semisupervised/checkpoint_dim-2_ntrain-5_lossfn-det_seed-1683/best.pkl
Epoch 0	Iteration 0
Train score = 10.0	Test score = 0.8595498204231262
Epoch 20000	Iteration 20000
Train score = 4.796401753992541e-06	Test score = 2.554194688796997
Model save: checkpoints/checkpoints_semisupervised/checkpoint_dim-2_ntrain-5_lossfn-det_seed-1683/final.pkl
Model save: checkpoints/checkpoints_semisupervised/checkpoint_dim-2_ntrain-10_lossfn-norm_variable_seed-1683/best.pkl
Epoch 0	Iteration 0
Train score = 10.0	Test score = 0.8742910027503967
Model save: checkpoints/checkpoints_semisupervised/checkpoint_dim-2_ntrain-10_lossfn-norm_variable_seed-1683/best.pkl
Epoch 20199	Iteration 20199
Train score = 3.99731143261306e-05	Test score = 0.026572834700345993
Model save: checkpoints/checkpoints_semisupervised/checkpoint_dim-2_ntrain-10_lossfn-norm_variable_seed-1683/final.pkl
Model save: checkpoints/checkpoints_semisupervised/checkpoint_dim-2_ntrain-5_lossfn-det_variable_seed-1683/best.pkl
Epoch 0	Iteration 0
Train score = 10.0	Test score = 0.8595498204231262
Epoch 20199	Iteration 20199
Train score = 2.0386453414289463e-08	Test score = 2.601149320602417
Model save: checkpoints/checkpoints_semisupervised/checkpoint_dim-2_ntrain-5_lossfn-det_variable_seed-1683/final.pkl
Model save: checkpoints/checkpoints_semisupervised/checkpoint_dim-2_ntrain-11_lossfn-norm_seed-1683/best.pkl
Epoch 0	Iteration 0
Train score = 10.0	Test score = 0.8798435926437378
Model save: checkpoints/checkpoints_semisupervised/checkpoint_dim-2_ntrain-11_lossfn-norm_seed-1683/best.pkl
Epoch 20000	Iteration 20000
Train score = 7.97744269220857e-06	Test score = 0.03496098145842552
Model save: checkpoints/checkpoints_semisupervised/checkpoint_dim-2_ntrain-11_lossfn-norm_seed-1683/final.pkl
Model save: checkpoints/checkpoints_semisupervised/checkpoint_dim-2_ntrain-11_lossfn-norm_variable_seed-1683/best.pkl
Epoch 0	Iteration 0
Train score = 10.0	Test score = 0.8798435926437378
Model save: checkpoints/checkpoints_semisupervised/checkpoint_dim-2_ntrain-11_lossfn-norm_variable_seed-1683/best.pkl
Epoch 20199	Iteration 20199
Train score = 3.329200990265235e-05	Test score = 0.021410329267382622
Model save: checkpoints/checkpoints_semisupervised/checkpoint_dim-2_ntrain-11_lossfn-norm_variable_seed-1683/final.pkl
Model save: checkpoints/checkpoints_semisupervised/checkpoint_dim-2_ntrain-12_lossfn-norm_seed-1683/best.pkl
Epoch 0	Iteration 0
Train score = 10.0	Test score = 0.8721914291381836
Model save: checkpoints/checkpoints_semisupervised/checkpoint_dim-2_ntrain-12_lossfn-norm_seed-1683/best.pkl
Epoch 20000	Iteration 20000
Train score = 3.857755018543685e-06	Test score = 0.02597685530781746
Model save: checkpoints/checkpoints_semisupervised/checkpoint_dim-2_ntrain-12_lossfn-norm_seed-1683/final.pkl
Model save: checkpoints/checkpoints_semisupervised/checkpoint_dim-2_ntrain-6_lossfn-det_seed-1683/best.pkl
Epoch 0	Iteration 0
Train score = 10.0	Test score = 0.8598560094833374
Epoch 20000	Iteration 20000
Train score = 5.295593963339229e-10	Test score = 1.2176231145858765
Model save: checkpoints/checkpoints_semisupervised/checkpoint_dim-2_ntrain-6_lossfn-det_seed-1683/final.pkl
Model save: checkpoints/checkpoints_semisupervised/checkpoint_dim-2_ntrain-12_lossfn-norm_variable_seed-1683/best.pkl
Epoch 0	Iteration 0
Train score = 10.0	Test score = 0.8721914291381836
Model save: checkpoints/checkpoints_semisupervised/checkpoint_dim-2_ntrain-12_lossfn-norm_variable_seed-1683/best.pkl
Epoch 20199	Iteration 20199
Train score = 2.0100535039091483e-05	Test score = 0.018360530957579613
Model save: checkpoints/checkpoints_semisupervised/checkpoint_dim-2_ntrain-12_lossfn-norm_variable_seed-1683/final.pkl
Model save: checkpoints/checkpoints_semisupervised/checkpoint_dim-2_ntrain-13_lossfn-norm_seed-1683/best.pkl
Epoch 0	Iteration 0
Train score = 10.0	Test score = 0.8773727416992188
Model save: checkpoints/checkpoints_semisupervised/checkpoint_dim-2_ntrain-13_lossfn-norm_seed-1683/best.pkl
Epoch 20000	Iteration 20000
Train score = 1.998775360334548e-06	Test score = 0.02756713703274727
Model save: checkpoints/checkpoints_semisupervised/checkpoint_dim-2_ntrain-13_lossfn-norm_seed-1683/final.pkl
Model save: checkpoints/checkpoints_semisupervised/checkpoint_dim-2_ntrain-6_lossfn-det_variable_seed-1683/best.pkl
Epoch 0	Iteration 0
Train score = 10.0	Test score = 0.8598560094833374
Epoch 20199	Iteration 20199
Train score = 5.069170583738014e-06	Test score = 1.0285682678222656
Model save: checkpoints/checkpoints_semisupervised/checkpoint_dim-2_ntrain-6_lossfn-det_variable_seed-1683/final.pkl
Model save: checkpoints/checkpoints_semisupervised/checkpoint_dim-2_ntrain-13_lossfn-norm_variable_seed-1683/best.pkl
Epoch 0	Iteration 0
Train score = 10.0	Test score = 0.8773727416992188
Model save: checkpoints/checkpoints_semisupervised/checkpoint_dim-2_ntrain-13_lossfn-norm_variable_seed-1683/best.pkl
Epoch 20199	Iteration 20199
Train score = 6.6477891778049525e-06	Test score = 0.017919160425662994
Model save: checkpoints/checkpoints_semisupervised/checkpoint_dim-2_ntrain-13_lossfn-norm_variable_seed-1683/final.pkl
Model save: checkpoints/checkpoints_semisupervised/checkpoint_dim-2_ntrain-14_lossfn-norm_seed-1683/best.pkl
Epoch 0	Iteration 0
Train score = 10.0	Test score = 0.8797662854194641
Model save: checkpoints/checkpoints_semisupervised/checkpoint_dim-2_ntrain-14_lossfn-norm_seed-1683/best.pkl
Epoch 20000	Iteration 20000
Train score = 2.7659152692649513e-06	Test score = 0.021382691338658333
Model save: checkpoints/checkpoints_semisupervised/checkpoint_dim-2_ntrain-14_lossfn-norm_seed-1683/final.pkl
Model save: checkpoints/checkpoints_semisupervised/checkpoint_dim-2_ntrain-7_lossfn-det_seed-1683/best.pkl
Epoch 0	Iteration 0
Train score = 10.0	Test score = 0.8605376482009888
Model save: checkpoints/checkpoints_semisupervised/checkpoint_dim-2_ntrain-7_lossfn-det_seed-1683/best.pkl
Epoch 20000	Iteration 20000
Train score = 1.5143184484145422e-08	Test score = 0.6422480940818787
Model save: checkpoints/checkpoints_semisupervised/checkpoint_dim-2_ntrain-7_lossfn-det_seed-1683/final.pkl
Model save: checkpoints/checkpoints_semisupervised/checkpoint_dim-2_ntrain-14_lossfn-norm_variable_seed-1683/best.pkl
Epoch 0	Iteration 0
Train score = 10.0	Test score = 0.8797662854194641
Model save: checkpoints/checkpoints_semisupervised/checkpoint_dim-2_ntrain-14_lossfn-norm_variable_seed-1683/best.pkl
Epoch 20199	Iteration 20199
Train score = 7.859584002289921e-06	Test score = 0.014604058116674423
Model save: checkpoints/checkpoints_semisupervised/checkpoint_dim-2_ntrain-14_lossfn-norm_variable_seed-1683/final.pkl
Model save: checkpoints/checkpoints_semisupervised/checkpoint_dim-2_ntrain-7_lossfn-det_variable_seed-1683/best.pkl
Epoch 0	Iteration 0
Train score = 10.0	Test score = 0.8605376482009888
Model save: checkpoints/checkpoints_semisupervised/checkpoint_dim-2_ntrain-7_lossfn-det_variable_seed-1683/best.pkl
Epoch 20199	Iteration 20199
Train score = 2.5113556603173492e-06	Test score = 0.5902245044708252
Model save: checkpoints/checkpoints_semisupervised/checkpoint_dim-2_ntrain-7_lossfn-det_variable_seed-1683/final.pkl
Model save: checkpoints/checkpoints_semisupervised/checkpoint_dim-2_ntrain-15_lossfn-norm_seed-1683/best.pkl
Epoch 0	Iteration 0
Train score = 10.0	Test score = 0.8810935020446777
Model save: checkpoints/checkpoints_semisupervised/checkpoint_dim-2_ntrain-15_lossfn-norm_seed-1683/best.pkl
Epoch 20000	Iteration 20000
Train score = 3.390297933947295e-06	Test score = 0.02156575210392475
Model save: checkpoints/checkpoints_semisupervised/checkpoint_dim-2_ntrain-15_lossfn-norm_seed-1683/final.pkl
Model save: checkpoints/checkpoints_semisupervised/checkpoint_dim-2_ntrain-15_lossfn-norm_variable_seed-1683/best.pkl
Epoch 0	Iteration 0
Train score = 10.0	Test score = 0.8810935020446777
Model save: checkpoints/checkpoints_semisupervised/checkpoint_dim-2_ntrain-15_lossfn-norm_variable_seed-1683/best.pkl
Epoch 20199	Iteration 20199
Train score = 7.669349542993587e-06	Test score = 0.014335695654153824
Model save: checkpoints/checkpoints_semisupervised/checkpoint_dim-2_ntrain-15_lossfn-norm_variable_seed-1683/final.pkl
Model save: checkpoints/checkpoints_semisupervised/checkpoint_dim-2_ntrain-16_lossfn-norm_seed-1683/best.pkl
Epoch 0	Iteration 0
Train score = 10.0	Test score = 0.8809241652488708
Model save: checkpoints/checkpoints_semisupervised/checkpoint_dim-2_ntrain-16_lossfn-norm_seed-1683/best.pkl
Epoch 20000	Iteration 20000
Train score = 2.863650934159523e-06	Test score = 0.025387197732925415
Model save: checkpoints/checkpoints_semisupervised/checkpoint_dim-2_ntrain-16_lossfn-norm_seed-1683/final.pkl
Model save: checkpoints/checkpoints_semisupervised/checkpoint_dim-2_ntrain-8_lossfn-det_seed-1683/best.pkl
Epoch 0	Iteration 0
Train score = 10.0	Test score = 0.860065758228302
Model save: checkpoints/checkpoints_semisupervised/checkpoint_dim-2_ntrain-8_lossfn-det_seed-1683/best.pkl
Epoch 20000	Iteration 20000
Train score = 8.239159114964423e-07	Test score = 0.06598418205976486
Model save: checkpoints/checkpoints_semisupervised/checkpoint_dim-2_ntrain-8_lossfn-det_seed-1683/final.pkl
Model save: checkpoints/checkpoints_semisupervised/checkpoint_dim-2_ntrain-16_lossfn-norm_variable_seed-1683/best.pkl
Epoch 0	Iteration 0
Train score = 10.0	Test score = 0.8809241652488708
Model save: checkpoints/checkpoints_semisupervised/checkpoint_dim-2_ntrain-16_lossfn-norm_variable_seed-1683/best.pkl
Epoch 20199	Iteration 20199
Train score = 8.474141395709012e-06	Test score = 0.015644175931811333
Model save: checkpoints/checkpoints_semisupervised/checkpoint_dim-2_ntrain-16_lossfn-norm_variable_seed-1683/final.pkl
Model save: checkpoints/checkpoints_semisupervised/checkpoint_dim-2_ntrain-8_lossfn-det_variable_seed-1683/best.pkl
Epoch 0	Iteration 0
Train score = 10.0	Test score = 0.860065758228302
Model save: checkpoints/checkpoints_semisupervised/checkpoint_dim-2_ntrain-8_lossfn-det_variable_seed-1683/best.pkl
Epoch 20199	Iteration 20199
Train score = 1.4927558368071914e-05	Test score = 0.08854224532842636
Model save: checkpoints/checkpoints_semisupervised/checkpoint_dim-2_ntrain-8_lossfn-det_variable_seed-1683/final.pkl
Model save: checkpoints/checkpoints_semisupervised/checkpoint_dim-2_ntrain-17_lossfn-norm_seed-1683/best.pkl
Epoch 0	Iteration 0
Train score = 10.0	Test score = 0.8769236207008362
Model save: checkpoints/checkpoints_semisupervised/checkpoint_dim-2_ntrain-17_lossfn-norm_seed-1683/best.pkl
Epoch 20000	Iteration 20000
Train score = 2.3652089566894574e-06	Test score = 0.015857255086302757
Model save: checkpoints/checkpoints_semisupervised/checkpoint_dim-2_ntrain-17_lossfn-norm_seed-1683/final.pkl
Model save: checkpoints/checkpoints_semisupervised/checkpoint_dim-2_ntrain-17_lossfn-norm_variable_seed-1683/best.pkl
Epoch 0	Iteration 0
Train score = 10.0	Test score = 0.8769236207008362
Model save: checkpoints/checkpoints_semisupervised/checkpoint_dim-2_ntrain-17_lossfn-norm_variable_seed-1683/best.pkl
Epoch 20199	Iteration 20199
Train score = 6.197554739628686e-06	Test score = 0.009701997973024845
Model save: checkpoints/checkpoints_semisupervised/checkpoint_dim-2_ntrain-17_lossfn-norm_variable_seed-1683/final.pkl
Model save: checkpoints/checkpoints_semisupervised/checkpoint_dim-2_ntrain-18_lossfn-norm_seed-1683/best.pkl
Epoch 0	Iteration 0
Train score = 10.0	Test score = 0.8747637271881104
Model save: checkpoints/checkpoints_semisupervised/checkpoint_dim-2_ntrain-18_lossfn-norm_seed-1683/best.pkl
Epoch 20000	Iteration 20000
Train score = 9.326033250545152e-06	Test score = 0.0020077417138963938
Model save: checkpoints/checkpoints_semisupervised/checkpoint_dim-2_ntrain-18_lossfn-norm_seed-1683/final.pkl
Model save: checkpoints/checkpoints_semisupervised/checkpoint_dim-2_ntrain-9_lossfn-det_seed-1683/best.pkl
Epoch 0	Iteration 0
Train score = 10.0	Test score = 0.860738217830658
Model save: checkpoints/checkpoints_semisupervised/checkpoint_dim-2_ntrain-9_lossfn-det_seed-1683/best.pkl
Epoch 20000	Iteration 20000
Train score = 7.016303243290167e-06	Test score = 0.04797457158565521
Model save: checkpoints/checkpoints_semisupervised/checkpoint_dim-2_ntrain-9_lossfn-det_seed-1683/final.pkl
Model save: checkpoints/checkpoints_semisupervised/checkpoint_dim-2_ntrain-18_lossfn-norm_variable_seed-1683/best.pkl
Epoch 0	Iteration 0
Train score = 10.0	Test score = 0.8747637271881104
Model save: checkpoints/checkpoints_semisupervised/checkpoint_dim-2_ntrain-18_lossfn-norm_variable_seed-1683/best.pkl
Epoch 20199	Iteration 20199
Train score = 1.0329458746127784e-05	Test score = 0.002596412319689989
Model save: checkpoints/checkpoints_semisupervised/checkpoint_dim-2_ntrain-18_lossfn-norm_variable_seed-1683/final.pkl
Model save: checkpoints/checkpoints_semisupervised/checkpoint_dim-2_ntrain-9_lossfn-det_variable_seed-1683/best.pkl
Epoch 0	Iteration 0
Train score = 10.0	Test score = 0.860738217830658
Model save: checkpoints/checkpoints_semisupervised/checkpoint_dim-2_ntrain-9_lossfn-det_variable_seed-1683/best.pkl
Epoch 20199	Iteration 20199
Train score = 2.6813238946488127e-05	Test score = 0.08989529311656952
Model save: checkpoints/checkpoints_semisupervised/checkpoint_dim-2_ntrain-9_lossfn-det_variable_seed-1683/final.pkl
Model save: checkpoints/checkpoints_semisupervised/checkpoint_dim-2_ntrain-19_lossfn-norm_seed-1683/best.pkl
Epoch 0	Iteration 0
Train score = 10.0	Test score = 0.8764373064041138
Model save: checkpoints/checkpoints_semisupervised/checkpoint_dim-2_ntrain-19_lossfn-norm_seed-1683/best.pkl
Epoch 20000	Iteration 20000
Train score = 5.224007509241346e-06	Test score = 0.001450562966056168
Model save: checkpoints/checkpoints_semisupervised/checkpoint_dim-2_ntrain-19_lossfn-norm_seed-1683/final.pkl
Model save: checkpoints/checkpoints_semisupervised/checkpoint_dim-2_ntrain-19_lossfn-norm_variable_seed-1683/best.pkl
Epoch 0	Iteration 0
Train score = 10.0	Test score = 0.8764373064041138
Model save: checkpoints/checkpoints_semisupervised/checkpoint_dim-2_ntrain-19_lossfn-norm_variable_seed-1683/best.pkl
Epoch 20199	Iteration 20199
Train score = 1.0855899745365605e-05	Test score = 0.002033824799582362
Model save: checkpoints/checkpoints_semisupervised/checkpoint_dim-2_ntrain-19_lossfn-norm_variable_seed-1683/final.pkl
Model save: checkpoints/checkpoints_semisupervised/checkpoint_dim-2_ntrain-20_lossfn-norm_seed-1683/best.pkl
Epoch 0	Iteration 0
Train score = 10.0	Test score = 0.8757356405258179
Model save: checkpoints/checkpoints_semisupervised/checkpoint_dim-2_ntrain-20_lossfn-norm_seed-1683/best.pkl
Epoch 20000	Iteration 20000
Train score = 5.344273631635588e-06	Test score = 0.0015405126614496112
Model save: checkpoints/checkpoints_semisupervised/checkpoint_dim-2_ntrain-20_lossfn-norm_seed-1683/final.pkl
Model save: checkpoints/checkpoints_semisupervised/checkpoint_dim-2_ntrain-20_lossfn-norm_variable_seed-1683/best.pkl
Epoch 0	Iteration 0
Train score = 10.0	Test score = 0.8757356405258179
Model save: checkpoints/checkpoints_semisupervised/checkpoint_dim-2_ntrain-20_lossfn-norm_variable_seed-1683/best.pkl
Epoch 20199	Iteration 20199
Train score = 9.867983862932306e-06	Test score = 0.0019453366985544562
Model save: checkpoints/checkpoints_semisupervised/checkpoint_dim-2_ntrain-20_lossfn-norm_variable_seed-1683/final.pkl
Model save: checkpoints/checkpoints_semisupervised/checkpoint_dim-2_ntrain-10_lossfn-det_seed-1683/best.pkl
Epoch 0	Iteration 0
Train score = 10.0	Test score = 0.8606693744659424
Model save: checkpoints/checkpoints_semisupervised/checkpoint_dim-2_ntrain-10_lossfn-det_seed-1683/best.pkl
Epoch 20000	Iteration 20000
Train score = 1.1932414054172114e-05	Test score = 0.03433120250701904
Model save: checkpoints/checkpoints_semisupervised/checkpoint_dim-2_ntrain-10_lossfn-det_seed-1683/final.pkl
Model save: checkpoints/checkpoints_semisupervised/checkpoint_dim-2_ntrain-10_lossfn-det_variable_seed-1683/best.pkl
Epoch 0	Iteration 0
Train score = 10.0	Test score = 0.8606693744659424
Model save: checkpoints/checkpoints_semisupervised/checkpoint_dim-2_ntrain-10_lossfn-det_variable_seed-1683/best.pkl
Epoch 20199	Iteration 20199
Train score = 4.350255767349154e-05	Test score = 0.07648825645446777
Model save: checkpoints/checkpoints_semisupervised/checkpoint_dim-2_ntrain-10_lossfn-det_variable_seed-1683/final.pkl
Model save: checkpoints/checkpoints_semisupervised/checkpoint_dim-2_ntrain-21_lossfn-norm_seed-1683/best.pkl
Epoch 0	Iteration 0
Train score = 10.0	Test score = 0.8756254315376282
Model save: checkpoints/checkpoints_semisupervised/checkpoint_dim-2_ntrain-21_lossfn-norm_seed-1683/best.pkl
Epoch 20000	Iteration 20000
Train score = 5.45614784641657e-06	Test score = 0.000953502079937607
Model save: checkpoints/checkpoints_semisupervised/checkpoint_dim-2_ntrain-21_lossfn-norm_seed-1683/final.pkl
Model save: checkpoints/checkpoints_semisupervised/checkpoint_dim-2_ntrain-21_lossfn-norm_variable_seed-1683/best.pkl
Epoch 0	Iteration 0
Train score = 10.0	Test score = 0.8756254315376282
Model save: checkpoints/checkpoints_semisupervised/checkpoint_dim-2_ntrain-21_lossfn-norm_variable_seed-1683/best.pkl
Epoch 20199	Iteration 20199
Train score = 1.1438641195127275e-05	Test score = 0.0014414413599297404
Model save: checkpoints/checkpoints_semisupervised/checkpoint_dim-2_ntrain-21_lossfn-norm_variable_seed-1683/final.pkl
Model save: checkpoints/checkpoints_semisupervised/checkpoint_dim-2_ntrain-22_lossfn-norm_seed-1683/best.pkl
Epoch 0	Iteration 0
Train score = 10.0	Test score = 0.877522349357605
Model save: checkpoints/checkpoints_semisupervised/checkpoint_dim-2_ntrain-22_lossfn-norm_seed-1683/best.pkl
Epoch 20000	Iteration 20000
Train score = 4.233562776789768e-06	Test score = 0.0009237627382390201
Model save: checkpoints/checkpoints_semisupervised/checkpoint_dim-2_ntrain-22_lossfn-norm_seed-1683/final.pkl
Model save: checkpoints/checkpoints_semisupervised/checkpoint_dim-2_ntrain-11_lossfn-det_seed-1683/best.pkl
Epoch 0	Iteration 0
Train score = 10.0	Test score = 0.8598973155021667
Model save: checkpoints/checkpoints_semisupervised/checkpoint_dim-2_ntrain-11_lossfn-det_seed-1683/best.pkl
Epoch 20000	Iteration 20000
Train score = 1.8395032384432852e-05	Test score = 0.013017948716878891
Model save: checkpoints/checkpoints_semisupervised/checkpoint_dim-2_ntrain-11_lossfn-det_seed-1683/final.pkl
Model save: checkpoints/checkpoints_semisupervised/checkpoint_dim-2_ntrain-22_lossfn-norm_variable_seed-1683/best.pkl
Epoch 0	Iteration 0
Train score = 10.0	Test score = 0.877522349357605
Model save: checkpoints/checkpoints_semisupervised/checkpoint_dim-2_ntrain-22_lossfn-norm_variable_seed-1683/best.pkl
Epoch 20199	Iteration 20199
Train score = 1.2622143913176842e-05	Test score = 0.0015244295354932547
Model save: checkpoints/checkpoints_semisupervised/checkpoint_dim-2_ntrain-22_lossfn-norm_variable_seed-1683/final.pkl
Model save: checkpoints/checkpoints_semisupervised/checkpoint_dim-2_ntrain-23_lossfn-norm_seed-1683/best.pkl
Epoch 0	Iteration 0
Train score = 10.0	Test score = 0.8784905672073364
Model save: checkpoints/checkpoints_semisupervised/checkpoint_dim-2_ntrain-23_lossfn-norm_seed-1683/best.pkl
Epoch 20000	Iteration 20000
Train score = 3.818396635324461e-06	Test score = 0.000744410150218755
Model save: checkpoints/checkpoints_semisupervised/checkpoint_dim-2_ntrain-23_lossfn-norm_seed-1683/final.pkl
Model save: checkpoints/checkpoints_semisupervised/checkpoint_dim-2_ntrain-11_lossfn-det_variable_seed-1683/best.pkl
Epoch 0	Iteration 0
Train score = 10.0	Test score = 0.8598973155021667
Model save: checkpoints/checkpoints_semisupervised/checkpoint_dim-2_ntrain-11_lossfn-det_variable_seed-1683/best.pkl
Epoch 20199	Iteration 20199
Train score = 6.523814226966351e-05	Test score = 0.03091094270348549
Model save: checkpoints/checkpoints_semisupervised/checkpoint_dim-2_ntrain-11_lossfn-det_variable_seed-1683/final.pkl
Model save: checkpoints/checkpoints_semisupervised/checkpoint_dim-2_ntrain-23_lossfn-norm_variable_seed-1683/best.pkl
Epoch 0	Iteration 0
Train score = 10.0	Test score = 0.8784905672073364
Model save: checkpoints/checkpoints_semisupervised/checkpoint_dim-2_ntrain-23_lossfn-norm_variable_seed-1683/best.pkl
Epoch 20199	Iteration 20199
Train score = 1.124329173762817e-05	Test score = 0.0012349680764600635
Model save: checkpoints/checkpoints_semisupervised/checkpoint_dim-2_ntrain-23_lossfn-norm_variable_seed-1683/final.pkl
Model save: checkpoints/checkpoints_semisupervised/checkpoint_dim-2_ntrain-24_lossfn-norm_seed-1683/best.pkl
Epoch 0	Iteration 0
Train score = 10.0	Test score = 0.8787700533866882
Model save: checkpoints/checkpoints_semisupervised/checkpoint_dim-2_ntrain-24_lossfn-norm_seed-1683/best.pkl
Epoch 20000	Iteration 20000
Train score = 4.277812422515126e-06	Test score = 0.0007807558868080378
Model save: checkpoints/checkpoints_semisupervised/checkpoint_dim-2_ntrain-24_lossfn-norm_seed-1683/final.pkl
Model save: checkpoints/checkpoints_semisupervised/checkpoint_dim-2_ntrain-24_lossfn-norm_variable_seed-1683/best.pkl
Epoch 0	Iteration 0
Train score = 10.0	Test score = 0.8787700533866882
Model save: checkpoints/checkpoints_semisupervised/checkpoint_dim-2_ntrain-24_lossfn-norm_variable_seed-1683/best.pkl
Epoch 20199	Iteration 20199
Train score = 1.0686522728065029e-05	Test score = 0.001251158188097179
Model save: checkpoints/checkpoints_semisupervised/checkpoint_dim-2_ntrain-24_lossfn-norm_variable_seed-1683/final.pkl
Model save: checkpoints/checkpoints_semisupervised/checkpoint_dim-2_ntrain-12_lossfn-det_seed-1683/best.pkl
Epoch 0	Iteration 0
Train score = 10.0	Test score = 0.8598060011863708
Model save: checkpoints/checkpoints_semisupervised/checkpoint_dim-2_ntrain-12_lossfn-det_seed-1683/best.pkl
Epoch 20000	Iteration 20000
Train score = 3.351943178131478e-06	Test score = 0.0065919929184019566
Model save: checkpoints/checkpoints_semisupervised/checkpoint_dim-2_ntrain-12_lossfn-det_seed-1683/final.pkl
Model save: checkpoints/checkpoints_semisupervised/checkpoint_dim-2_ntrain-25_lossfn-norm_seed-1683/best.pkl
Epoch 0	Iteration 0
Train score = 10.0	Test score = 0.8787699341773987
Model save: checkpoints/checkpoints_semisupervised/checkpoint_dim-2_ntrain-25_lossfn-norm_seed-1683/best.pkl
Epoch 20000	Iteration 20000
Train score = 1.3078561096335761e-05	Test score = 0.0007496345206163824
Model save: checkpoints/checkpoints_semisupervised/checkpoint_dim-2_ntrain-25_lossfn-norm_seed-1683/final.pkl
Model save: checkpoints/checkpoints_semisupervised/checkpoint_dim-2_ntrain-12_lossfn-det_variable_seed-1683/best.pkl
Epoch 0	Iteration 0
Train score = 10.0	Test score = 0.8598060011863708
Model save: checkpoints/checkpoints_semisupervised/checkpoint_dim-2_ntrain-12_lossfn-det_variable_seed-1683/best.pkl
Epoch 20199	Iteration 20199
Train score = 3.077127621509135e-05	Test score = 0.03291330486536026
Model save: checkpoints/checkpoints_semisupervised/checkpoint_dim-2_ntrain-12_lossfn-det_variable_seed-1683/final.pkl
Model save: checkpoints/checkpoints_semisupervised/checkpoint_dim-2_ntrain-25_lossfn-norm_variable_seed-1683/best.pkl
Epoch 0	Iteration 0
Train score = 10.0	Test score = 0.8787699341773987
Model save: checkpoints/checkpoints_semisupervised/checkpoint_dim-2_ntrain-25_lossfn-norm_variable_seed-1683/best.pkl
Epoch 20199	Iteration 20199
Train score = 9.370286534249317e-06	Test score = 0.0010986831039190292
Model save: checkpoints/checkpoints_semisupervised/checkpoint_dim-2_ntrain-25_lossfn-norm_variable_seed-1683/final.pkl
Model save: checkpoints/checkpoints_semisupervised/checkpoint_dim-2_ntrain-26_lossfn-norm_seed-1683/best.pkl
Epoch 0	Iteration 0
Train score = 10.0	Test score = 0.8787555694580078
Model save: checkpoints/checkpoints_semisupervised/checkpoint_dim-2_ntrain-26_lossfn-norm_seed-1683/best.pkl
Epoch 20000	Iteration 20000
Train score = 4.4404582695278805e-06	Test score = 0.0007192317862063646
Model save: checkpoints/checkpoints_semisupervised/checkpoint_dim-2_ntrain-26_lossfn-norm_seed-1683/final.pkl
Model save: checkpoints/checkpoints_semisupervised/checkpoint_dim-2_ntrain-13_lossfn-det_seed-1683/best.pkl
Epoch 0	Iteration 0
Train score = 10.0	Test score = 0.8603643178939819
Model save: checkpoints/checkpoints_semisupervised/checkpoint_dim-2_ntrain-13_lossfn-det_seed-1683/best.pkl
Epoch 20000	Iteration 20000
Train score = 7.030670531094074e-06	Test score = 0.008480163291096687
Model save: checkpoints/checkpoints_semisupervised/checkpoint_dim-2_ntrain-13_lossfn-det_seed-1683/final.pkl
Model save: checkpoints/checkpoints_semisupervised/checkpoint_dim-2_ntrain-26_lossfn-norm_variable_seed-1683/best.pkl
Epoch 0	Iteration 0
Train score = 10.0	Test score = 0.8787555694580078
Model save: checkpoints/checkpoints_semisupervised/checkpoint_dim-2_ntrain-26_lossfn-norm_variable_seed-1683/best.pkl
Epoch 20199	Iteration 20199
Train score = 9.085648343898356e-06	Test score = 0.0011016539065167308
Model save: checkpoints/checkpoints_semisupervised/checkpoint_dim-2_ntrain-26_lossfn-norm_variable_seed-1683/final.pkl
Model save: checkpoints/checkpoints_semisupervised/checkpoint_dim-2_ntrain-27_lossfn-norm_seed-1683/best.pkl
Epoch 0	Iteration 0
Train score = 10.0	Test score = 0.8785642385482788
Model save: checkpoints/checkpoints_semisupervised/checkpoint_dim-2_ntrain-27_lossfn-norm_seed-1683/best.pkl
Epoch 20000	Iteration 20000
Train score = 4.839156645175535e-06	Test score = 0.0006491209496743977
Model save: checkpoints/checkpoints_semisupervised/checkpoint_dim-2_ntrain-27_lossfn-norm_seed-1683/final.pkl
Model save: checkpoints/checkpoints_semisupervised/checkpoint_dim-2_ntrain-13_lossfn-det_variable_seed-1683/best.pkl
Epoch 0	Iteration 0
Train score = 10.0	Test score = 0.8603643178939819
Model save: checkpoints/checkpoints_semisupervised/checkpoint_dim-2_ntrain-13_lossfn-det_variable_seed-1683/best.pkl
Epoch 20199	Iteration 20199
Train score = 3.0944480386096984e-05	Test score = 0.03061644919216633
Model save: checkpoints/checkpoints_semisupervised/checkpoint_dim-2_ntrain-13_lossfn-det_variable_seed-1683/final.pkl
Model save: checkpoints/checkpoints_semisupervised/checkpoint_dim-2_ntrain-27_lossfn-norm_variable_seed-1683/best.pkl
Epoch 0	Iteration 0
Train score = 10.0	Test score = 0.8785642385482788
Model save: checkpoints/checkpoints_semisupervised/checkpoint_dim-2_ntrain-27_lossfn-norm_variable_seed-1683/best.pkl
Epoch 20199	Iteration 20199
Train score = 1.0180447134189308e-05	Test score = 0.001029214821755886
Model save: checkpoints/checkpoints_semisupervised/checkpoint_dim-2_ntrain-27_lossfn-norm_variable_seed-1683/final.pkl
Model save: checkpoints/checkpoints_semisupervised/checkpoint_dim-2_ntrain-28_lossfn-norm_seed-1683/best.pkl
Epoch 0	Iteration 0
Train score = 10.0	Test score = 0.8786794543266296
Model save: checkpoints/checkpoints_semisupervised/checkpoint_dim-2_ntrain-28_lossfn-norm_seed-1683/best.pkl
Epoch 20000	Iteration 20000
Train score = 4.807086497748969e-06	Test score = 0.0006285247509367764
Model save: checkpoints/checkpoints_semisupervised/checkpoint_dim-2_ntrain-28_lossfn-norm_seed-1683/final.pkl
Model save: checkpoints/checkpoints_semisupervised/checkpoint_dim-2_ntrain-14_lossfn-det_seed-1683/best.pkl
Epoch 0	Iteration 0
Train score = 10.0	Test score = 0.8603802919387817
Model save: checkpoints/checkpoints_semisupervised/checkpoint_dim-2_ntrain-14_lossfn-det_seed-1683/best.pkl
Epoch 20000	Iteration 20000
Train score = 5.3665435189032e-06	Test score = 0.008784857578575611
Model save: checkpoints/checkpoints_semisupervised/checkpoint_dim-2_ntrain-14_lossfn-det_seed-1683/final.pkl
Model save: checkpoints/checkpoints_semisupervised/checkpoint_dim-2_ntrain-28_lossfn-norm_variable_seed-1683/best.pkl
Epoch 0	Iteration 0
Train score = 10.0	Test score = 0.8786794543266296
Model save: checkpoints/checkpoints_semisupervised/checkpoint_dim-2_ntrain-28_lossfn-norm_variable_seed-1683/best.pkl
Epoch 20199	Iteration 20199
Train score = 9.711485290608834e-06	Test score = 0.001013573375530541
Model save: checkpoints/checkpoints_semisupervised/checkpoint_dim-2_ntrain-28_lossfn-norm_variable_seed-1683/final.pkl
Model save: checkpoints/checkpoints_semisupervised/checkpoint_dim-2_ntrain-29_lossfn-norm_seed-1683/best.pkl
Epoch 0	Iteration 0
Train score = 10.0	Test score = 0.8784182071685791
Model save: checkpoints/checkpoints_semisupervised/checkpoint_dim-2_ntrain-29_lossfn-norm_seed-1683/best.pkl
Epoch 20000	Iteration 20000
Train score = 1.3073218724457547e-05	Test score = 0.0011119521223008633
Model save: checkpoints/checkpoints_semisupervised/checkpoint_dim-2_ntrain-29_lossfn-norm_seed-1683/final.pkl
Model save: checkpoints/checkpoints_semisupervised/checkpoint_dim-2_ntrain-14_lossfn-det_variable_seed-1683/best.pkl
Epoch 0	Iteration 0
Train score = 10.0	Test score = 0.8603802919387817
Model save: checkpoints/checkpoints_semisupervised/checkpoint_dim-2_ntrain-14_lossfn-det_variable_seed-1683/best.pkl
Epoch 20199	Iteration 20199
Train score = 3.101721449638717e-05	Test score = 0.027844727039337158
Model save: checkpoints/checkpoints_semisupervised/checkpoint_dim-2_ntrain-14_lossfn-det_variable_seed-1683/final.pkl
Model save: checkpoints/checkpoints_semisupervised/checkpoint_dim-2_ntrain-29_lossfn-norm_variable_seed-1683/best.pkl
Epoch 0	Iteration 0
Train score = 10.0	Test score = 0.8784182071685791
Model save: checkpoints/checkpoints_semisupervised/checkpoint_dim-2_ntrain-29_lossfn-norm_variable_seed-1683/best.pkl
Epoch 20199	Iteration 20199
Train score = 1.6905822121771052e-05	Test score = 0.0015067772474139929
Model save: checkpoints/checkpoints_semisupervised/checkpoint_dim-2_ntrain-29_lossfn-norm_variable_seed-1683/final.pkl
Model save: checkpoints/checkpoints_semisupervised/checkpoint_dim-2_ntrain-30_lossfn-norm_seed-1683/best.pkl
Epoch 0	Iteration 0
Train score = 10.0	Test score = 0.878623902797699
Model save: checkpoints/checkpoints_semisupervised/checkpoint_dim-2_ntrain-30_lossfn-norm_seed-1683/best.pkl
Epoch 20000	Iteration 20000
Train score = 1.4054461644263938e-05	Test score = 0.0012410676572471857
Model save: checkpoints/checkpoints_semisupervised/checkpoint_dim-2_ntrain-30_lossfn-norm_seed-1683/final.pkl
Model save: checkpoints/checkpoints_semisupervised/checkpoint_dim-2_ntrain-15_lossfn-det_seed-1683/best.pkl
Epoch 0	Iteration 0
Train score = 10.0	Test score = 0.8604394793510437
Model save: checkpoints/checkpoints_semisupervised/checkpoint_dim-2_ntrain-15_lossfn-det_seed-1683/best.pkl
Epoch 20000	Iteration 20000
Train score = 5.040922587795649e-06	Test score = 0.00883448775857687
Model save: checkpoints/checkpoints_semisupervised/checkpoint_dim-2_ntrain-15_lossfn-det_seed-1683/final.pkl
Model save: checkpoints/checkpoints_semisupervised/checkpoint_dim-2_ntrain-30_lossfn-norm_variable_seed-1683/best.pkl
Epoch 0	Iteration 0
Train score = 10.0	Test score = 0.878623902797699
Model save: checkpoints/checkpoints_semisupervised/checkpoint_dim-2_ntrain-30_lossfn-norm_variable_seed-1683/best.pkl
Epoch 20199	Iteration 20199
Train score = 1.884499579318799e-05	Test score = 0.0016588550060987473
Model save: checkpoints/checkpoints_semisupervised/checkpoint_dim-2_ntrain-30_lossfn-norm_variable_seed-1683/final.pkl
Model save: checkpoints/checkpoints_semisupervised/checkpoint_dim-2_ntrain-15_lossfn-det_variable_seed-1683/best.pkl
Epoch 0	Iteration 0
Train score = 10.0	Test score = 0.8604394793510437
Model save: checkpoints/checkpoints_semisupervised/checkpoint_dim-2_ntrain-15_lossfn-det_variable_seed-1683/best.pkl
Epoch 20199	Iteration 20199
Train score = 2.7545778721105307e-05	Test score = 0.027293946593999863
Model save: checkpoints/checkpoints_semisupervised/checkpoint_dim-2_ntrain-15_lossfn-det_variable_seed-1683/final.pkl
Model save: checkpoints/checkpoints_semisupervised/checkpoint_dim-2_ntrain-16_lossfn-det_seed-1683/best.pkl
Epoch 0	Iteration 0
Train score = 10.0	Test score = 0.8604540228843689
Model save: checkpoints/checkpoints_semisupervised/checkpoint_dim-2_ntrain-16_lossfn-det_seed-1683/best.pkl
Epoch 20000	Iteration 20000
Train score = 4.469395207706839e-06	Test score = 0.00862724706530571
Model save: checkpoints/checkpoints_semisupervised/checkpoint_dim-2_ntrain-16_lossfn-det_seed-1683/final.pkl
Model save: checkpoints/checkpoints_semisupervised/checkpoint_dim-2_ntrain-16_lossfn-det_variable_seed-1683/best.pkl
Epoch 0	Iteration 0
Train score = 10.0	Test score = 0.8604540228843689
Model save: checkpoints/checkpoints_semisupervised/checkpoint_dim-2_ntrain-16_lossfn-det_variable_seed-1683/best.pkl
Epoch 20199	Iteration 20199
Train score = 2.7112479074276052e-05	Test score = 0.025032568722963333
Model save: checkpoints/checkpoints_semisupervised/checkpoint_dim-2_ntrain-16_lossfn-det_variable_seed-1683/final.pkl
Model save: checkpoints/checkpoints_semisupervised/checkpoint_dim-2_ntrain-17_lossfn-det_seed-1683/best.pkl
Epoch 0	Iteration 0
Train score = 10.0	Test score = 0.859994113445282
Model save: checkpoints/checkpoints_semisupervised/checkpoint_dim-2_ntrain-17_lossfn-det_seed-1683/best.pkl
Epoch 20000	Iteration 20000
Train score = 6.069045866752276e-06	Test score = 0.002159085590392351
Model save: checkpoints/checkpoints_semisupervised/checkpoint_dim-2_ntrain-17_lossfn-det_seed-1683/final.pkl
Model save: checkpoints/checkpoints_semisupervised/checkpoint_dim-2_ntrain-17_lossfn-det_variable_seed-1683/best.pkl
Epoch 0	Iteration 0
Train score = 10.0	Test score = 0.859994113445282
Model save: checkpoints/checkpoints_semisupervised/checkpoint_dim-2_ntrain-17_lossfn-det_variable_seed-1683/best.pkl
Epoch 20199	Iteration 20199
Train score = 1.2707707355730236e-05	Test score = 0.0031235511414706707
Model save: checkpoints/checkpoints_semisupervised/checkpoint_dim-2_ntrain-17_lossfn-det_variable_seed-1683/final.pkl
Model save: checkpoints/checkpoints_semisupervised/checkpoint_dim-2_ntrain-18_lossfn-det_seed-1683/best.pkl
Epoch 0	Iteration 0
Train score = 10.0	Test score = 0.859720766544342
Model save: checkpoints/checkpoints_semisupervised/checkpoint_dim-2_ntrain-18_lossfn-det_seed-1683/best.pkl
Epoch 20000	Iteration 20000
Train score = 6.573945938725956e-06	Test score = 0.0012624255614355206
Model save: checkpoints/checkpoints_semisupervised/checkpoint_dim-2_ntrain-18_lossfn-det_seed-1683/final.pkl
Model save: checkpoints/checkpoints_semisupervised/checkpoint_dim-2_ntrain-18_lossfn-det_variable_seed-1683/best.pkl
Epoch 0	Iteration 0
Train score = 10.0	Test score = 0.859720766544342
Model save: checkpoints/checkpoints_semisupervised/checkpoint_dim-2_ntrain-18_lossfn-det_variable_seed-1683/best.pkl
Epoch 20199	Iteration 20199
Train score = 2.0842206140514463e-05	Test score = 0.00216441391967237
Model save: checkpoints/checkpoints_semisupervised/checkpoint_dim-2_ntrain-18_lossfn-det_variable_seed-1683/final.pkl
Model save: checkpoints/checkpoints_semisupervised/checkpoint_dim-2_ntrain-19_lossfn-det_seed-1683/best.pkl
Epoch 0	Iteration 0
Train score = 10.0	Test score = 0.8597091436386108
Model save: checkpoints/checkpoints_semisupervised/checkpoint_dim-2_ntrain-19_lossfn-det_seed-1683/best.pkl
Epoch 20000	Iteration 20000
Train score = 7.95132655184716e-06	Test score = 0.0011975178495049477
Model save: checkpoints/checkpoints_semisupervised/checkpoint_dim-2_ntrain-19_lossfn-det_seed-1683/final.pkl
Model save: checkpoints/checkpoints_semisupervised/checkpoint_dim-2_ntrain-19_lossfn-det_variable_seed-1683/best.pkl
Epoch 0	Iteration 0
Train score = 10.0	Test score = 0.8597091436386108
Model save: checkpoints/checkpoints_semisupervised/checkpoint_dim-2_ntrain-19_lossfn-det_variable_seed-1683/best.pkl
Epoch 20199	Iteration 20199
Train score = 1.485960547142895e-05	Test score = 0.0016501471400260925
Model save: checkpoints/checkpoints_semisupervised/checkpoint_dim-2_ntrain-19_lossfn-det_variable_seed-1683/final.pkl
Model save: checkpoints/checkpoints_semisupervised/checkpoint_dim-2_ntrain-20_lossfn-det_seed-1683/best.pkl
Epoch 0	Iteration 0
Train score = 10.0	Test score = 0.8597345352172852
Model save: checkpoints/checkpoints_semisupervised/checkpoint_dim-2_ntrain-20_lossfn-det_seed-1683/best.pkl
Epoch 20000	Iteration 20000
Train score = 8.179616997949779e-06	Test score = 0.0010725082829594612
Model save: checkpoints/checkpoints_semisupervised/checkpoint_dim-2_ntrain-20_lossfn-det_seed-1683/final.pkl
Model save: checkpoints/checkpoints_semisupervised/checkpoint_dim-2_ntrain-20_lossfn-det_variable_seed-1683/best.pkl
Epoch 0	Iteration 0
Train score = 10.0	Test score = 0.8597345352172852
Model save: checkpoints/checkpoints_semisupervised/checkpoint_dim-2_ntrain-20_lossfn-det_variable_seed-1683/best.pkl
Epoch 20199	Iteration 20199
Train score = 1.6912501450860873e-05	Test score = 0.0014720970066264272
Model save: checkpoints/checkpoints_semisupervised/checkpoint_dim-2_ntrain-20_lossfn-det_variable_seed-1683/final.pkl
Model save: checkpoints/checkpoints_semisupervised/checkpoint_dim-2_ntrain-21_lossfn-det_seed-1683/best.pkl
Epoch 0	Iteration 0
Train score = 10.0	Test score = 0.8596054911613464
Model save: checkpoints/checkpoints_semisupervised/checkpoint_dim-2_ntrain-21_lossfn-det_seed-1683/best.pkl
Epoch 20000	Iteration 20000
Train score = 9.552244591759518e-06	Test score = 0.001227122382260859
Model save: checkpoints/checkpoints_semisupervised/checkpoint_dim-2_ntrain-21_lossfn-det_seed-1683/final.pkl
Model save: checkpoints/checkpoints_semisupervised/checkpoint_dim-2_ntrain-21_lossfn-det_variable_seed-1683/best.pkl
Epoch 0	Iteration 0
Train score = 10.0	Test score = 0.8596054911613464
Model save: checkpoints/checkpoints_semisupervised/checkpoint_dim-2_ntrain-21_lossfn-det_variable_seed-1683/best.pkl
Epoch 20199	Iteration 20199
Train score = 2.1093857867526822e-05	Test score = 0.00121709902305156
Model save: checkpoints/checkpoints_semisupervised/checkpoint_dim-2_ntrain-21_lossfn-det_variable_seed-1683/final.pkl
Model save: checkpoints/checkpoints_semisupervised/checkpoint_dim-2_ntrain-22_lossfn-det_seed-1683/best.pkl
Epoch 0	Iteration 0
Train score = 10.0	Test score = 0.859523594379425
Model save: checkpoints/checkpoints_semisupervised/checkpoint_dim-2_ntrain-22_lossfn-det_seed-1683/best.pkl
Epoch 20000	Iteration 20000
Train score = 9.762683475855738e-06	Test score = 0.0010357772698625922
Model save: checkpoints/checkpoints_semisupervised/checkpoint_dim-2_ntrain-22_lossfn-det_seed-1683/final.pkl
Model save: checkpoints/checkpoints_semisupervised/checkpoint_dim-2_ntrain-22_lossfn-det_variable_seed-1683/best.pkl
Epoch 0	Iteration 0
Train score = 10.0	Test score = 0.859523594379425
Model save: checkpoints/checkpoints_semisupervised/checkpoint_dim-2_ntrain-22_lossfn-det_variable_seed-1683/best.pkl
Epoch 20199	Iteration 20199
Train score = 1.5397359675262123e-05	Test score = 0.0010191223118454218
Model save: checkpoints/checkpoints_semisupervised/checkpoint_dim-2_ntrain-22_lossfn-det_variable_seed-1683/final.pkl
Model save: checkpoints/checkpoints_semisupervised/checkpoint_dim-2_ntrain-23_lossfn-det_seed-1683/best.pkl
Epoch 0	Iteration 0
Train score = 10.0	Test score = 0.8595201969146729
Model save: checkpoints/checkpoints_semisupervised/checkpoint_dim-2_ntrain-23_lossfn-det_seed-1683/best.pkl
Epoch 20000	Iteration 20000
Train score = 1.3418890375760384e-05	Test score = 0.0006459896103478968
Model save: checkpoints/checkpoints_semisupervised/checkpoint_dim-2_ntrain-23_lossfn-det_seed-1683/final.pkl
Model save: checkpoints/checkpoints_semisupervised/checkpoint_dim-2_ntrain-23_lossfn-det_variable_seed-1683/best.pkl
Epoch 0	Iteration 0
Train score = 10.0	Test score = 0.8595201969146729
Model save: checkpoints/checkpoints_semisupervised/checkpoint_dim-2_ntrain-23_lossfn-det_variable_seed-1683/best.pkl
Epoch 20199	Iteration 20199
Train score = 1.552963294670917e-05	Test score = 0.0007899192278273404
Model save: checkpoints/checkpoints_semisupervised/checkpoint_dim-2_ntrain-23_lossfn-det_variable_seed-1683/final.pkl
Model save: checkpoints/checkpoints_semisupervised/checkpoint_dim-2_ntrain-24_lossfn-det_seed-1683/best.pkl
Epoch 0	Iteration 0
Train score = 10.0	Test score = 0.8595129251480103
Model save: checkpoints/checkpoints_semisupervised/checkpoint_dim-2_ntrain-24_lossfn-det_seed-1683/best.pkl
Epoch 20000	Iteration 20000
Train score = 1.2404287190292962e-05	Test score = 0.0006323363049887121
Model save: checkpoints/checkpoints_semisupervised/checkpoint_dim-2_ntrain-24_lossfn-det_seed-1683/final.pkl
Model save: checkpoints/checkpoints_semisupervised/checkpoint_dim-2_ntrain-24_lossfn-det_variable_seed-1683/best.pkl
Epoch 0	Iteration 0
Train score = 10.0	Test score = 0.8595129251480103
Model save: checkpoints/checkpoints_semisupervised/checkpoint_dim-2_ntrain-24_lossfn-det_variable_seed-1683/best.pkl
Epoch 20199	Iteration 20199
Train score = 1.3472626960719936e-05	Test score = 0.0007583460537716746
Model save: checkpoints/checkpoints_semisupervised/checkpoint_dim-2_ntrain-24_lossfn-det_variable_seed-1683/final.pkl
Model save: checkpoints/checkpoints_semisupervised/checkpoint_dim-2_ntrain-25_lossfn-det_seed-1683/best.pkl
Epoch 0	Iteration 0
Train score = 10.0	Test score = 0.8595632314682007
Model save: checkpoints/checkpoints_semisupervised/checkpoint_dim-2_ntrain-25_lossfn-det_seed-1683/best.pkl
Epoch 20000	Iteration 20000
Train score = 8.169196007656865e-06	Test score = 0.0004402669728733599
Model save: checkpoints/checkpoints_semisupervised/checkpoint_dim-2_ntrain-25_lossfn-det_seed-1683/final.pkl
Model save: checkpoints/checkpoints_semisupervised/checkpoint_dim-2_ntrain-25_lossfn-det_variable_seed-1683/best.pkl
Epoch 0	Iteration 0
Train score = 10.0	Test score = 0.8595632314682007
Model save: checkpoints/checkpoints_semisupervised/checkpoint_dim-2_ntrain-25_lossfn-det_variable_seed-1683/best.pkl
Epoch 20199	Iteration 20199
Train score = 8.427662578469608e-06	Test score = 0.000504788476973772
Model save: checkpoints/checkpoints_semisupervised/checkpoint_dim-2_ntrain-25_lossfn-det_variable_seed-1683/final.pkl
Model save: checkpoints/checkpoints_semisupervised/checkpoint_dim-2_ntrain-26_lossfn-det_seed-1683/best.pkl
Epoch 0	Iteration 0
Train score = 10.0	Test score = 0.8596934676170349
Model save: checkpoints/checkpoints_semisupervised/checkpoint_dim-2_ntrain-26_lossfn-det_seed-1683/best.pkl
Epoch 20000	Iteration 20000
Train score = 7.966106750245672e-06	Test score = 0.00041232319199480116
Model save: checkpoints/checkpoints_semisupervised/checkpoint_dim-2_ntrain-26_lossfn-det_seed-1683/final.pkl
Model save: checkpoints/checkpoints_semisupervised/checkpoint_dim-2_ntrain-26_lossfn-det_variable_seed-1683/best.pkl
Epoch 0	Iteration 0
Train score = 10.0	Test score = 0.8596934676170349
Model save: checkpoints/checkpoints_semisupervised/checkpoint_dim-2_ntrain-26_lossfn-det_variable_seed-1683/best.pkl
Epoch 20199	Iteration 20199
Train score = 1.0997941899404395e-05	Test score = 0.0004767718492075801
Model save: checkpoints/checkpoints_semisupervised/checkpoint_dim-2_ntrain-26_lossfn-det_variable_seed-1683/final.pkl
Model save: checkpoints/checkpoints_semisupervised/checkpoint_dim-2_ntrain-27_lossfn-det_seed-1683/best.pkl
Epoch 0	Iteration 0
Train score = 10.0	Test score = 0.8595369458198547
Model save: checkpoints/checkpoints_semisupervised/checkpoint_dim-2_ntrain-27_lossfn-det_seed-1683/best.pkl
Epoch 20000	Iteration 20000
Train score = 1.2721657185466029e-05	Test score = 0.0003948761150240898
Model save: checkpoints/checkpoints_semisupervised/checkpoint_dim-2_ntrain-27_lossfn-det_seed-1683/final.pkl
Model save: checkpoints/checkpoints_semisupervised/checkpoint_dim-2_ntrain-27_lossfn-det_variable_seed-1683/best.pkl
Epoch 0	Iteration 0
Train score = 10.0	Test score = 0.8595369458198547
Model save: checkpoints/checkpoints_semisupervised/checkpoint_dim-2_ntrain-27_lossfn-det_variable_seed-1683/best.pkl
Epoch 20199	Iteration 20199
Train score = 8.873121259966865e-06	Test score = 0.0004419934411998838
Model save: checkpoints/checkpoints_semisupervised/checkpoint_dim-2_ntrain-27_lossfn-det_variable_seed-1683/final.pkl
Model save: checkpoints/checkpoints_semisupervised/checkpoint_dim-2_ntrain-28_lossfn-det_seed-1683/best.pkl
Epoch 0	Iteration 0
Train score = 10.0	Test score = 0.8594595789909363
Model save: checkpoints/checkpoints_semisupervised/checkpoint_dim-2_ntrain-28_lossfn-det_seed-1683/best.pkl
Epoch 20000	Iteration 20000
Train score = 1.3569500879384577e-05	Test score = 0.000520222180057317
Model save: checkpoints/checkpoints_semisupervised/checkpoint_dim-2_ntrain-28_lossfn-det_seed-1683/final.pkl
Model save: checkpoints/checkpoints_semisupervised/checkpoint_dim-2_ntrain-28_lossfn-det_variable_seed-1683/best.pkl
Epoch 0	Iteration 0
Train score = 10.0	Test score = 0.8594595789909363
Model save: checkpoints/checkpoints_semisupervised/checkpoint_dim-2_ntrain-28_lossfn-det_variable_seed-1683/best.pkl
Epoch 20199	Iteration 20199
Train score = 1.3331092304724734e-05	Test score = 0.0005907976301386952
Model save: checkpoints/checkpoints_semisupervised/checkpoint_dim-2_ntrain-28_lossfn-det_variable_seed-1683/final.pkl
Model save: checkpoints/checkpoints_semisupervised/checkpoint_dim-2_ntrain-29_lossfn-det_seed-1683/best.pkl
Epoch 0	Iteration 0
Train score = 10.0	Test score = 0.8594661355018616
Model save: checkpoints/checkpoints_semisupervised/checkpoint_dim-2_ntrain-29_lossfn-det_seed-1683/best.pkl
Epoch 20000	Iteration 20000
Train score = 1.1464419003459625e-05	Test score = 0.000369076820788905
Model save: checkpoints/checkpoints_semisupervised/checkpoint_dim-2_ntrain-29_lossfn-det_seed-1683/final.pkl
Model save: checkpoints/checkpoints_semisupervised/checkpoint_dim-2_ntrain-29_lossfn-det_variable_seed-1683/best.pkl
Epoch 0	Iteration 0
Train score = 10.0	Test score = 0.8594661355018616
Model save: checkpoints/checkpoints_semisupervised/checkpoint_dim-2_ntrain-29_lossfn-det_variable_seed-1683/best.pkl
Epoch 20199	Iteration 20199
Train score = 7.896807801444083e-06	Test score = 0.0004442776262294501
Model save: checkpoints/checkpoints_semisupervised/checkpoint_dim-2_ntrain-29_lossfn-det_variable_seed-1683/final.pkl
Model save: checkpoints/checkpoints_semisupervised/checkpoint_dim-2_ntrain-30_lossfn-det_seed-1683/best.pkl
Epoch 0	Iteration 0
Train score = 10.0	Test score = 0.8594780564308167
Model save: checkpoints/checkpoints_semisupervised/checkpoint_dim-2_ntrain-30_lossfn-det_seed-1683/best.pkl
Epoch 20000	Iteration 20000
Train score = 7.276490578078665e-06	Test score = 0.00038147129816934466
Model save: checkpoints/checkpoints_semisupervised/checkpoint_dim-2_ntrain-30_lossfn-det_seed-1683/final.pkl
Model save: checkpoints/checkpoints_semisupervised/checkpoint_dim-2_ntrain-30_lossfn-det_variable_seed-1683/best.pkl
Epoch 0	Iteration 0
Train score = 10.0	Test score = 0.8594780564308167
Model save: checkpoints/checkpoints_semisupervised/checkpoint_dim-2_ntrain-30_lossfn-det_variable_seed-1683/best.pkl
Epoch 20199	Iteration 20199
Train score = 7.910989552328829e-06	Test score = 0.0004575314815156162
Model save: checkpoints/checkpoints_semisupervised/checkpoint_dim-2_ntrain-30_lossfn-det_variable_seed-1683/final.pkl
