Model save: checkpoints/checkpoints_semisupervised/checkpoint_dim-2_ntrain-1_lossfn-detnorm_seed-1683/best.pkl
Epoch 0	Iteration 0
Train score = 10.0	Test score = 0.8842175006866455
Epoch 20000	Iteration 20000
Train score = 3.908204959657269e-08	Test score = 1.9113523960113525
Model save: checkpoints/checkpoints_semisupervised/checkpoint_dim-2_ntrain-1_lossfn-detnorm_seed-1683/final.pkl
Model save: checkpoints/checkpoints_semisupervised/checkpoint_dim-2_ntrain-1_lossfn-detnorm_variable_seed-1683/best.pkl
Epoch 0	Iteration 0
Train score = 10.0	Test score = 0.8842175006866455
Epoch 20199	Iteration 20199
Train score = 9.146450263841643e-10	Test score = 1.8414558172225952
Model save: checkpoints/checkpoints_semisupervised/checkpoint_dim-2_ntrain-1_lossfn-detnorm_variable_seed-1683/final.pkl
Model save: checkpoints/checkpoints_semisupervised/checkpoint_dim-2_ntrain-2_lossfn-detnorm_seed-1683/best.pkl
Epoch 0	Iteration 0
Train score = 10.0	Test score = 0.8658132553100586
Epoch 20000	Iteration 20000
Train score = 1.3390261122125935e-09	Test score = 2.767543077468872
Model save: checkpoints/checkpoints_semisupervised/checkpoint_dim-2_ntrain-2_lossfn-detnorm_seed-1683/final.pkl
Model save: checkpoints/checkpoints_semisupervised/checkpoint_dim-2_ntrain-2_lossfn-detnorm_variable_seed-1683/best.pkl
Epoch 0	Iteration 0
Train score = 10.0	Test score = 0.8658132553100586
Epoch 20199	Iteration 20199
Train score = 1.3396225240214221e-09	Test score = 2.692917823791504
Model save: checkpoints/checkpoints_semisupervised/checkpoint_dim-2_ntrain-2_lossfn-detnorm_variable_seed-1683/final.pkl
Model save: checkpoints/checkpoints_semisupervised/checkpoint_dim-2_ntrain-3_lossfn-detnorm_seed-1683/best.pkl
Epoch 0	Iteration 0
Train score = 10.0	Test score = 0.8666361570358276
Epoch 20000	Iteration 20000
Train score = 1.5161840966754214e-12	Test score = 3.178112745285034
Model save: checkpoints/checkpoints_semisupervised/checkpoint_dim-2_ntrain-3_lossfn-detnorm_seed-1683/final.pkl
Model save: checkpoints/checkpoints_semisupervised/checkpoint_dim-2_ntrain-3_lossfn-detnorm_variable_seed-1683/best.pkl
Epoch 0	Iteration 0
Train score = 10.0	Test score = 0.8666361570358276
Epoch 20199	Iteration 20199
Train score = 3.120650546861725e-07	Test score = 3.163581371307373
Model save: checkpoints/checkpoints_semisupervised/checkpoint_dim-2_ntrain-3_lossfn-detnorm_variable_seed-1683/final.pkl
Model save: checkpoints/checkpoints_semisupervised/checkpoint_dim-2_ntrain-4_lossfn-detnorm_seed-1683/best.pkl
Epoch 0	Iteration 0
Train score = 10.0	Test score = 0.8596420884132385
Epoch 20000	Iteration 20000
Train score = 2.9257680580485612e-06	Test score = 2.6277847290039062
Model save: checkpoints/checkpoints_semisupervised/checkpoint_dim-2_ntrain-4_lossfn-detnorm_seed-1683/final.pkl
Model save: checkpoints/checkpoints_semisupervised/checkpoint_dim-2_ntrain-4_lossfn-detnorm_variable_seed-1683/best.pkl
Epoch 0	Iteration 0
Train score = 10.0	Test score = 0.8596420884132385
Model save: checkpoints/checkpoints_semisupervised/checkpoint_dim-2_ntrain-4_lossfn-detnorm_variable_seed-1683/best.pkl
Epoch 20199	Iteration 20199
Train score = 1.3854723590611684e-08	Test score = 0.2600368857383728
Model save: checkpoints/checkpoints_semisupervised/checkpoint_dim-2_ntrain-4_lossfn-detnorm_variable_seed-1683/final.pkl
Model save: checkpoints/checkpoints_semisupervised/checkpoint_dim-2_ntrain-5_lossfn-detnorm_seed-1683/best.pkl
Epoch 0	Iteration 0
Train score = 10.0	Test score = 0.8591954112052917
Epoch 20000	Iteration 20000
Train score = 1.1842342384493776e-10	Test score = 2.784538984298706
Model save: checkpoints/checkpoints_semisupervised/checkpoint_dim-2_ntrain-5_lossfn-detnorm_seed-1683/final.pkl
Model save: checkpoints/checkpoints_semisupervised/checkpoint_dim-2_ntrain-5_lossfn-detnorm_variable_seed-1683/best.pkl
Epoch 0	Iteration 0
Train score = 10.0	Test score = 0.8591954112052917
Model save: checkpoints/checkpoints_semisupervised/checkpoint_dim-2_ntrain-5_lossfn-detnorm_variable_seed-1683/best.pkl
Epoch 20199	Iteration 20199
Train score = 2.0184955928925774e-08	Test score = 0.1975841224193573
Model save: checkpoints/checkpoints_semisupervised/checkpoint_dim-2_ntrain-5_lossfn-detnorm_variable_seed-1683/final.pkl
Model save: checkpoints/checkpoints_semisupervised/checkpoint_dim-2_ntrain-6_lossfn-detnorm_seed-1683/best.pkl
Epoch 0	Iteration 0
Train score = 10.0	Test score = 0.8588077425956726
Epoch 20000	Iteration 20000
Train score = 1.5259521424226818e-09	Test score = 1.423972487449646
Model save: checkpoints/checkpoints_semisupervised/checkpoint_dim-2_ntrain-6_lossfn-detnorm_seed-1683/final.pkl
Model save: checkpoints/checkpoints_semisupervised/checkpoint_dim-2_ntrain-6_lossfn-detnorm_variable_seed-1683/best.pkl
Epoch 0	Iteration 0
Train score = 10.0	Test score = 0.8588077425956726
Model save: checkpoints/checkpoints_semisupervised/checkpoint_dim-2_ntrain-6_lossfn-detnorm_variable_seed-1683/best.pkl
Epoch 20199	Iteration 20199
Train score = 4.244963918154099e-07	Test score = 0.0697200745344162
Model save: checkpoints/checkpoints_semisupervised/checkpoint_dim-2_ntrain-6_lossfn-detnorm_variable_seed-1683/final.pkl
Model save: checkpoints/checkpoints_semisupervised/checkpoint_dim-2_ntrain-7_lossfn-detnorm_seed-1683/best.pkl
Epoch 0	Iteration 0
Train score = 10.0	Test score = 0.8608963489532471
Model save: checkpoints/checkpoints_semisupervised/checkpoint_dim-2_ntrain-7_lossfn-detnorm_seed-1683/best.pkl
Epoch 20000	Iteration 20000
Train score = 1.9746670076870032e-08	Test score = 0.5846141576766968
Model save: checkpoints/checkpoints_semisupervised/checkpoint_dim-2_ntrain-7_lossfn-detnorm_seed-1683/final.pkl
Model save: checkpoints/checkpoints_semisupervised/checkpoint_dim-2_ntrain-7_lossfn-detnorm_variable_seed-1683/best.pkl
Epoch 0	Iteration 0
Train score = 10.0	Test score = 0.8608963489532471
Model save: checkpoints/checkpoints_semisupervised/checkpoint_dim-2_ntrain-7_lossfn-detnorm_variable_seed-1683/best.pkl
Epoch 20199	Iteration 20199
Train score = 1.9943515781051246e-06	Test score = 0.057639218866825104
Model save: checkpoints/checkpoints_semisupervised/checkpoint_dim-2_ntrain-7_lossfn-detnorm_variable_seed-1683/final.pkl
Model save: checkpoints/checkpoints_semisupervised/checkpoint_dim-2_ntrain-8_lossfn-detnorm_seed-1683/best.pkl
Epoch 0	Iteration 0
Train score = 10.0	Test score = 0.8609617948532104
Model save: checkpoints/checkpoints_semisupervised/checkpoint_dim-2_ntrain-8_lossfn-detnorm_seed-1683/best.pkl
Epoch 20000	Iteration 20000
Train score = 6.813897925894707e-07	Test score = 0.04877926781773567
Model save: checkpoints/checkpoints_semisupervised/checkpoint_dim-2_ntrain-8_lossfn-detnorm_seed-1683/final.pkl
Model save: checkpoints/checkpoints_semisupervised/checkpoint_dim-2_ntrain-8_lossfn-detnorm_variable_seed-1683/best.pkl
Epoch 0	Iteration 0
Train score = 10.0	Test score = 0.8609617948532104
Model save: checkpoints/checkpoints_semisupervised/checkpoint_dim-2_ntrain-8_lossfn-detnorm_variable_seed-1683/best.pkl
Epoch 20199	Iteration 20199
Train score = 2.1326999558368698e-05	Test score = 0.0760035589337349
Model save: checkpoints/checkpoints_semisupervised/checkpoint_dim-2_ntrain-8_lossfn-detnorm_variable_seed-1683/final.pkl
Model save: checkpoints/checkpoints_semisupervised/checkpoint_dim-2_ntrain-9_lossfn-detnorm_seed-1683/best.pkl
Epoch 0	Iteration 0
Train score = 10.0	Test score = 0.8681603670120239
Model save: checkpoints/checkpoints_semisupervised/checkpoint_dim-2_ntrain-9_lossfn-detnorm_seed-1683/best.pkl
Epoch 20000	Iteration 20000
Train score = 8.127351975417696e-06	Test score = 0.0423739068210125
Model save: checkpoints/checkpoints_semisupervised/checkpoint_dim-2_ntrain-9_lossfn-detnorm_seed-1683/final.pkl
Model save: checkpoints/checkpoints_semisupervised/checkpoint_dim-2_ntrain-9_lossfn-detnorm_variable_seed-1683/best.pkl
Epoch 0	Iteration 0
Train score = 10.0	Test score = 0.8681603670120239
Model save: checkpoints/checkpoints_semisupervised/checkpoint_dim-2_ntrain-9_lossfn-detnorm_variable_seed-1683/best.pkl
Epoch 20199	Iteration 20199
Train score = 3.359250331413932e-05	Test score = 0.07731816172599792
Model save: checkpoints/checkpoints_semisupervised/checkpoint_dim-2_ntrain-9_lossfn-detnorm_variable_seed-1683/final.pkl
Model save: checkpoints/checkpoints_semisupervised/checkpoint_dim-2_ntrain-10_lossfn-detnorm_seed-1683/best.pkl
Epoch 0	Iteration 0
Train score = 10.0	Test score = 0.8683142066001892
Model save: checkpoints/checkpoints_semisupervised/checkpoint_dim-2_ntrain-10_lossfn-detnorm_seed-1683/best.pkl
Epoch 20000	Iteration 20000
Train score = 1.062330284185009e-05	Test score = 0.02347966842353344
Model save: checkpoints/checkpoints_semisupervised/checkpoint_dim-2_ntrain-10_lossfn-detnorm_seed-1683/final.pkl
Model save: checkpoints/checkpoints_semisupervised/checkpoint_dim-2_ntrain-10_lossfn-detnorm_variable_seed-1683/best.pkl
Epoch 0	Iteration 0
Train score = 10.0	Test score = 0.8683142066001892
Model save: checkpoints/checkpoints_semisupervised/checkpoint_dim-2_ntrain-10_lossfn-detnorm_variable_seed-1683/best.pkl
Epoch 20199	Iteration 20199
Train score = 4.7708854253869504e-05	Test score = 0.06455238908529282
Model save: checkpoints/checkpoints_semisupervised/checkpoint_dim-2_ntrain-10_lossfn-detnorm_variable_seed-1683/final.pkl
Model save: checkpoints/checkpoints_semisupervised/checkpoint_dim-2_ntrain-11_lossfn-detnorm_seed-1683/best.pkl
Epoch 0	Iteration 0
Train score = 10.0	Test score = 0.8612399697303772
Model save: checkpoints/checkpoints_semisupervised/checkpoint_dim-2_ntrain-11_lossfn-detnorm_seed-1683/best.pkl
Epoch 20000	Iteration 20000
Train score = 2.0337358364486136e-05	Test score = 0.010849347338080406
Model save: checkpoints/checkpoints_semisupervised/checkpoint_dim-2_ntrain-11_lossfn-detnorm_seed-1683/final.pkl
Model save: checkpoints/checkpoints_semisupervised/checkpoint_dim-2_ntrain-11_lossfn-detnorm_variable_seed-1683/best.pkl
Epoch 0	Iteration 0
Train score = 10.0	Test score = 0.8612399697303772
Model save: checkpoints/checkpoints_semisupervised/checkpoint_dim-2_ntrain-11_lossfn-detnorm_variable_seed-1683/best.pkl
Epoch 20199	Iteration 20199
Train score = 8.021645044209436e-05	Test score = 0.027864422649145126
Model save: checkpoints/checkpoints_semisupervised/checkpoint_dim-2_ntrain-11_lossfn-detnorm_variable_seed-1683/final.pkl
Model save: checkpoints/checkpoints_semisupervised/checkpoint_dim-2_ntrain-12_lossfn-detnorm_seed-1683/best.pkl
Epoch 0	Iteration 0
Train score = 10.0	Test score = 0.8588384389877319
Model save: checkpoints/checkpoints_semisupervised/checkpoint_dim-2_ntrain-12_lossfn-detnorm_seed-1683/best.pkl
Epoch 20000	Iteration 20000
Train score = 4.066566816618433e-06	Test score = 0.008917706087231636
Model save: checkpoints/checkpoints_semisupervised/checkpoint_dim-2_ntrain-12_lossfn-detnorm_seed-1683/final.pkl
Model save: checkpoints/checkpoints_semisupervised/checkpoint_dim-2_ntrain-12_lossfn-detnorm_variable_seed-1683/best.pkl
Epoch 0	Iteration 0
Train score = 10.0	Test score = 0.8588384389877319
Model save: checkpoints/checkpoints_semisupervised/checkpoint_dim-2_ntrain-12_lossfn-detnorm_variable_seed-1683/best.pkl
Epoch 20199	Iteration 20199
Train score = 4.7140805691014975e-05	Test score = 0.03123905137181282
Model save: checkpoints/checkpoints_semisupervised/checkpoint_dim-2_ntrain-12_lossfn-detnorm_variable_seed-1683/final.pkl
Model save: checkpoints/checkpoints_semisupervised/checkpoint_dim-2_ntrain-13_lossfn-detnorm_seed-1683/best.pkl
Epoch 0	Iteration 0
Train score = 10.0	Test score = 0.8615635633468628
Model save: checkpoints/checkpoints_semisupervised/checkpoint_dim-2_ntrain-13_lossfn-detnorm_seed-1683/best.pkl
Epoch 20000	Iteration 20000
Train score = 7.1546419349033386e-06	Test score = 0.011937575414776802
Model save: checkpoints/checkpoints_semisupervised/checkpoint_dim-2_ntrain-13_lossfn-detnorm_seed-1683/final.pkl
Model save: checkpoints/checkpoints_semisupervised/checkpoint_dim-2_ntrain-13_lossfn-detnorm_variable_seed-1683/best.pkl
Epoch 0	Iteration 0
Train score = 10.0	Test score = 0.8615635633468628
Model save: checkpoints/checkpoints_semisupervised/checkpoint_dim-2_ntrain-13_lossfn-detnorm_variable_seed-1683/best.pkl
Epoch 20199	Iteration 20199
Train score = 3.671762169688009e-05	Test score = 0.028314420953392982
Model save: checkpoints/checkpoints_semisupervised/checkpoint_dim-2_ntrain-13_lossfn-detnorm_variable_seed-1683/final.pkl
Model save: checkpoints/checkpoints_semisupervised/checkpoint_dim-2_ntrain-14_lossfn-detnorm_seed-1683/best.pkl
Epoch 0	Iteration 0
Train score = 10.0	Test score = 0.8600378632545471
Model save: checkpoints/checkpoints_semisupervised/checkpoint_dim-2_ntrain-14_lossfn-detnorm_seed-1683/best.pkl
Epoch 20000	Iteration 20000
Train score = 6.420135832740925e-06	Test score = 0.008638176135718822
Model save: checkpoints/checkpoints_semisupervised/checkpoint_dim-2_ntrain-14_lossfn-detnorm_seed-1683/final.pkl
Model save: checkpoints/checkpoints_semisupervised/checkpoint_dim-2_ntrain-14_lossfn-detnorm_variable_seed-1683/best.pkl
Epoch 0	Iteration 0
Train score = 10.0	Test score = 0.8600378632545471
Model save: checkpoints/checkpoints_semisupervised/checkpoint_dim-2_ntrain-14_lossfn-detnorm_variable_seed-1683/best.pkl
Epoch 20199	Iteration 20199
Train score = 3.933942934963852e-05	Test score = 0.022231044247746468
Model save: checkpoints/checkpoints_semisupervised/checkpoint_dim-2_ntrain-14_lossfn-detnorm_variable_seed-1683/final.pkl
Model save: checkpoints/checkpoints_semisupervised/checkpoint_dim-2_ntrain-15_lossfn-detnorm_seed-1683/best.pkl
Epoch 0	Iteration 0
Train score = 10.0	Test score = 0.8605530858039856
Model save: checkpoints/checkpoints_semisupervised/checkpoint_dim-2_ntrain-15_lossfn-detnorm_seed-1683/best.pkl
Epoch 20000	Iteration 20000
Train score = 6.256972937990213e-06	Test score = 0.009144284762442112
Model save: checkpoints/checkpoints_semisupervised/checkpoint_dim-2_ntrain-15_lossfn-detnorm_seed-1683/final.pkl
Model save: checkpoints/checkpoints_semisupervised/checkpoint_dim-2_ntrain-15_lossfn-detnorm_variable_seed-1683/best.pkl
Epoch 0	Iteration 0
Train score = 10.0	Test score = 0.8605530858039856
Model save: checkpoints/checkpoints_semisupervised/checkpoint_dim-2_ntrain-15_lossfn-detnorm_variable_seed-1683/best.pkl
Epoch 20199	Iteration 20199
Train score = 3.251042653573677e-05	Test score = 0.02126956917345524
Model save: checkpoints/checkpoints_semisupervised/checkpoint_dim-2_ntrain-15_lossfn-detnorm_variable_seed-1683/final.pkl
Model save: checkpoints/checkpoints_semisupervised/checkpoint_dim-2_ntrain-16_lossfn-detnorm_seed-1683/best.pkl
Epoch 0	Iteration 0
Train score = 10.0	Test score = 0.8614295125007629
Model save: checkpoints/checkpoints_semisupervised/checkpoint_dim-2_ntrain-16_lossfn-detnorm_seed-1683/best.pkl
Epoch 20000	Iteration 20000
Train score = 5.805379259982146e-06	Test score = 0.009307777509093285
Model save: checkpoints/checkpoints_semisupervised/checkpoint_dim-2_ntrain-16_lossfn-detnorm_seed-1683/final.pkl
Model save: checkpoints/checkpoints_semisupervised/checkpoint_dim-2_ntrain-16_lossfn-detnorm_variable_seed-1683/best.pkl
Epoch 0	Iteration 0
Train score = 10.0	Test score = 0.8614295125007629
Model save: checkpoints/checkpoints_semisupervised/checkpoint_dim-2_ntrain-16_lossfn-detnorm_variable_seed-1683/best.pkl
Epoch 20199	Iteration 20199
Train score = 3.343288699397817e-05	Test score = 0.019005699083209038
Model save: checkpoints/checkpoints_semisupervised/checkpoint_dim-2_ntrain-16_lossfn-detnorm_variable_seed-1683/final.pkl
Model save: checkpoints/checkpoints_semisupervised/checkpoint_dim-2_ntrain-17_lossfn-detnorm_seed-1683/best.pkl
Epoch 0	Iteration 0
Train score = 10.0	Test score = 0.8614408373832703
Model save: checkpoints/checkpoints_semisupervised/checkpoint_dim-2_ntrain-17_lossfn-detnorm_seed-1683/best.pkl
Epoch 20000	Iteration 20000
Train score = 6.450832643167814e-06	Test score = 0.00198828661814332
Model save: checkpoints/checkpoints_semisupervised/checkpoint_dim-2_ntrain-17_lossfn-detnorm_seed-1683/final.pkl
Model save: checkpoints/checkpoints_semisupervised/checkpoint_dim-2_ntrain-17_lossfn-detnorm_variable_seed-1683/best.pkl
Epoch 0	Iteration 0
Train score = 10.0	Test score = 0.8614408373832703
Model save: checkpoints/checkpoints_semisupervised/checkpoint_dim-2_ntrain-17_lossfn-detnorm_variable_seed-1683/best.pkl
Epoch 20199	Iteration 20199
Train score = 1.6755548131186515e-05	Test score = 0.0029095339123159647
Model save: checkpoints/checkpoints_semisupervised/checkpoint_dim-2_ntrain-17_lossfn-detnorm_variable_seed-1683/final.pkl
Model save: checkpoints/checkpoints_semisupervised/checkpoint_dim-2_ntrain-18_lossfn-detnorm_seed-1683/best.pkl
Epoch 0	Iteration 0
Train score = 10.0	Test score = 0.860650897026062
Model save: checkpoints/checkpoints_semisupervised/checkpoint_dim-2_ntrain-18_lossfn-detnorm_seed-1683/best.pkl
Epoch 20000	Iteration 20000
Train score = 1.808797605917789e-05	Test score = 0.0009613533038645983
Model save: checkpoints/checkpoints_semisupervised/checkpoint_dim-2_ntrain-18_lossfn-detnorm_seed-1683/final.pkl
Model save: checkpoints/checkpoints_semisupervised/checkpoint_dim-2_ntrain-18_lossfn-detnorm_variable_seed-1683/best.pkl
Epoch 0	Iteration 0
Train score = 10.0	Test score = 0.860650897026062
Model save: checkpoints/checkpoints_semisupervised/checkpoint_dim-2_ntrain-18_lossfn-detnorm_variable_seed-1683/best.pkl
Epoch 20199	Iteration 20199
Train score = 2.1209451006143354e-05	Test score = 0.002011937089264393
Model save: checkpoints/checkpoints_semisupervised/checkpoint_dim-2_ntrain-18_lossfn-detnorm_variable_seed-1683/final.pkl
Model save: checkpoints/checkpoints_semisupervised/checkpoint_dim-2_ntrain-19_lossfn-detnorm_seed-1683/best.pkl
Epoch 0	Iteration 0
Train score = 10.0	Test score = 0.8609509468078613
Model save: checkpoints/checkpoints_semisupervised/checkpoint_dim-2_ntrain-19_lossfn-detnorm_seed-1683/best.pkl
Epoch 20000	Iteration 20000
Train score = 6.995825515332399e-06	Test score = 0.0010507294209674
Model save: checkpoints/checkpoints_semisupervised/checkpoint_dim-2_ntrain-19_lossfn-detnorm_seed-1683/final.pkl
Model save: checkpoints/checkpoints_semisupervised/checkpoint_dim-2_ntrain-19_lossfn-detnorm_variable_seed-1683/best.pkl
Epoch 0	Iteration 0
Train score = 10.0	Test score = 0.8609509468078613
Model save: checkpoints/checkpoints_semisupervised/checkpoint_dim-2_ntrain-19_lossfn-detnorm_variable_seed-1683/best.pkl
Epoch 20199	Iteration 20199
Train score = 1.899814924399834e-05	Test score = 0.0018192282877862453
Model save: checkpoints/checkpoints_semisupervised/checkpoint_dim-2_ntrain-19_lossfn-detnorm_variable_seed-1683/final.pkl
Model save: checkpoints/checkpoints_semisupervised/checkpoint_dim-2_ntrain-20_lossfn-detnorm_seed-1683/best.pkl
Epoch 0	Iteration 0
Train score = 10.0	Test score = 0.8655574321746826
Model save: checkpoints/checkpoints_semisupervised/checkpoint_dim-2_ntrain-20_lossfn-detnorm_seed-1683/best.pkl
Epoch 20000	Iteration 20000
Train score = 8.269979844044428e-06	Test score = 0.0009213024750351906
Model save: checkpoints/checkpoints_semisupervised/checkpoint_dim-2_ntrain-20_lossfn-detnorm_seed-1683/final.pkl
Model save: checkpoints/checkpoints_semisupervised/checkpoint_dim-2_ntrain-20_lossfn-detnorm_variable_seed-1683/best.pkl
Epoch 0	Iteration 0
Train score = 10.0	Test score = 0.8655574321746826
Model save: checkpoints/checkpoints_semisupervised/checkpoint_dim-2_ntrain-20_lossfn-detnorm_variable_seed-1683/best.pkl
Epoch 20199	Iteration 20199
Train score = 1.7721555195748806e-05	Test score = 0.0014616000698879361
Model save: checkpoints/checkpoints_semisupervised/checkpoint_dim-2_ntrain-20_lossfn-detnorm_variable_seed-1683/final.pkl
Model save: checkpoints/checkpoints_semisupervised/checkpoint_dim-2_ntrain-21_lossfn-detnorm_seed-1683/best.pkl
Epoch 0	Iteration 0
Train score = 10.0	Test score = 0.8693938851356506
Model save: checkpoints/checkpoints_semisupervised/checkpoint_dim-2_ntrain-21_lossfn-detnorm_seed-1683/best.pkl
Epoch 20000	Iteration 20000
Train score = 1.2106466783734504e-05	Test score = 0.0011186104966327548
Model save: checkpoints/checkpoints_semisupervised/checkpoint_dim-2_ntrain-21_lossfn-detnorm_seed-1683/final.pkl
Model save: checkpoints/checkpoints_semisupervised/checkpoint_dim-2_ntrain-21_lossfn-detnorm_variable_seed-1683/best.pkl
Epoch 0	Iteration 0
Train score = 10.0	Test score = 0.8693938851356506
Model save: checkpoints/checkpoints_semisupervised/checkpoint_dim-2_ntrain-21_lossfn-detnorm_variable_seed-1683/best.pkl
Epoch 20199	Iteration 20199
Train score = 2.0425321054062806e-05	Test score = 0.0013061800273135304
Model save: checkpoints/checkpoints_semisupervised/checkpoint_dim-2_ntrain-21_lossfn-detnorm_variable_seed-1683/final.pkl
Model save: checkpoints/checkpoints_semisupervised/checkpoint_dim-2_ntrain-22_lossfn-detnorm_seed-1683/best.pkl
Epoch 0	Iteration 0
Train score = 10.0	Test score = 0.8660081028938293
Model save: checkpoints/checkpoints_semisupervised/checkpoint_dim-2_ntrain-22_lossfn-detnorm_seed-1683/best.pkl
Epoch 20000	Iteration 20000
Train score = 9.982354640669655e-06	Test score = 0.0007994013139978051
Model save: checkpoints/checkpoints_semisupervised/checkpoint_dim-2_ntrain-22_lossfn-detnorm_seed-1683/final.pkl
Model save: checkpoints/checkpoints_semisupervised/checkpoint_dim-2_ntrain-22_lossfn-detnorm_variable_seed-1683/best.pkl
Epoch 0	Iteration 0
Train score = 10.0	Test score = 0.8660081028938293
Model save: checkpoints/checkpoints_semisupervised/checkpoint_dim-2_ntrain-22_lossfn-detnorm_variable_seed-1683/best.pkl
Epoch 20199	Iteration 20199
Train score = 1.7637992641539313e-05	Test score = 0.0008179368451237679
Model save: checkpoints/checkpoints_semisupervised/checkpoint_dim-2_ntrain-22_lossfn-detnorm_variable_seed-1683/final.pkl
Model save: checkpoints/checkpoints_semisupervised/checkpoint_dim-2_ntrain-23_lossfn-detnorm_seed-1683/best.pkl
Epoch 0	Iteration 0
Train score = 10.0	Test score = 0.8677483201026917
Model save: checkpoints/checkpoints_semisupervised/checkpoint_dim-2_ntrain-23_lossfn-detnorm_seed-1683/best.pkl
Epoch 20000	Iteration 20000
Train score = 1.2145964319643099e-05	Test score = 0.0005036339280195534
Model save: checkpoints/checkpoints_semisupervised/checkpoint_dim-2_ntrain-23_lossfn-detnorm_seed-1683/final.pkl
Model save: checkpoints/checkpoints_semisupervised/checkpoint_dim-2_ntrain-23_lossfn-detnorm_variable_seed-1683/best.pkl
Epoch 0	Iteration 0
Train score = 10.0	Test score = 0.8677483201026917
Model save: checkpoints/checkpoints_semisupervised/checkpoint_dim-2_ntrain-23_lossfn-detnorm_variable_seed-1683/best.pkl
Epoch 20199	Iteration 20199
Train score = 1.9613458789535798e-05	Test score = 0.0006646842230111361
Model save: checkpoints/checkpoints_semisupervised/checkpoint_dim-2_ntrain-23_lossfn-detnorm_variable_seed-1683/final.pkl
Model save: checkpoints/checkpoints_semisupervised/checkpoint_dim-2_ntrain-24_lossfn-detnorm_seed-1683/best.pkl
Epoch 0	Iteration 0
Train score = 10.0	Test score = 0.8713829517364502
Model save: checkpoints/checkpoints_semisupervised/checkpoint_dim-2_ntrain-24_lossfn-detnorm_seed-1683/best.pkl
Epoch 20000	Iteration 20000
Train score = 1.4985058442107402e-05	Test score = 0.0005725190276280046
Model save: checkpoints/checkpoints_semisupervised/checkpoint_dim-2_ntrain-24_lossfn-detnorm_seed-1683/final.pkl
Model save: checkpoints/checkpoints_semisupervised/checkpoint_dim-2_ntrain-24_lossfn-detnorm_variable_seed-1683/best.pkl
Epoch 0	Iteration 0
Train score = 10.0	Test score = 0.8713829517364502
Model save: checkpoints/checkpoints_semisupervised/checkpoint_dim-2_ntrain-24_lossfn-detnorm_variable_seed-1683/best.pkl
Epoch 20199	Iteration 20199
Train score = 1.6849415260367095e-05	Test score = 0.0006824323791079223
Model save: checkpoints/checkpoints_semisupervised/checkpoint_dim-2_ntrain-24_lossfn-detnorm_variable_seed-1683/final.pkl
Model save: checkpoints/checkpoints_semisupervised/checkpoint_dim-2_ntrain-25_lossfn-detnorm_seed-1683/best.pkl
Epoch 0	Iteration 0
Train score = 10.0	Test score = 0.8719013333320618
Model save: checkpoints/checkpoints_semisupervised/checkpoint_dim-2_ntrain-25_lossfn-detnorm_seed-1683/best.pkl
Epoch 20000	Iteration 20000
Train score = 9.781389053387102e-06	Test score = 0.0004134375776629895
Model save: checkpoints/checkpoints_semisupervised/checkpoint_dim-2_ntrain-25_lossfn-detnorm_seed-1683/final.pkl
Model save: checkpoints/checkpoints_semisupervised/checkpoint_dim-2_ntrain-25_lossfn-detnorm_variable_seed-1683/best.pkl
Epoch 0	Iteration 0
Train score = 10.0	Test score = 0.8719013333320618
Model save: checkpoints/checkpoints_semisupervised/checkpoint_dim-2_ntrain-25_lossfn-detnorm_variable_seed-1683/best.pkl
Epoch 20199	Iteration 20199
Train score = 1.1139449270558544e-05	Test score = 0.00047170041943900287
Model save: checkpoints/checkpoints_semisupervised/checkpoint_dim-2_ntrain-25_lossfn-detnorm_variable_seed-1683/final.pkl
Model save: checkpoints/checkpoints_semisupervised/checkpoint_dim-2_ntrain-26_lossfn-detnorm_seed-1683/best.pkl
Epoch 0	Iteration 0
Train score = 10.0	Test score = 0.8686293959617615
Model save: checkpoints/checkpoints_semisupervised/checkpoint_dim-2_ntrain-26_lossfn-detnorm_seed-1683/best.pkl
Epoch 20000	Iteration 20000
Train score = 1.0975889381370507e-05	Test score = 0.00049089320236817
Model save: checkpoints/checkpoints_semisupervised/checkpoint_dim-2_ntrain-26_lossfn-detnorm_seed-1683/final.pkl
Model save: checkpoints/checkpoints_semisupervised/checkpoint_dim-2_ntrain-26_lossfn-detnorm_variable_seed-1683/best.pkl
Epoch 0	Iteration 0
Train score = 10.0	Test score = 0.8686293959617615
Model save: checkpoints/checkpoints_semisupervised/checkpoint_dim-2_ntrain-26_lossfn-detnorm_variable_seed-1683/best.pkl
Epoch 20199	Iteration 20199
Train score = 1.0842500159924384e-05	Test score = 0.00045983141171745956
Model save: checkpoints/checkpoints_semisupervised/checkpoint_dim-2_ntrain-26_lossfn-detnorm_variable_seed-1683/final.pkl
Model save: checkpoints/checkpoints_semisupervised/checkpoint_dim-2_ntrain-27_lossfn-detnorm_seed-1683/best.pkl
Epoch 0	Iteration 0
Train score = 10.0	Test score = 0.8665333986282349
Model save: checkpoints/checkpoints_semisupervised/checkpoint_dim-2_ntrain-27_lossfn-detnorm_seed-1683/best.pkl
Epoch 20000	Iteration 20000
Train score = 9.72168163571041e-06	Test score = 0.0003031673259101808
Model save: checkpoints/checkpoints_semisupervised/checkpoint_dim-2_ntrain-27_lossfn-detnorm_seed-1683/final.pkl
Model save: checkpoints/checkpoints_semisupervised/checkpoint_dim-2_ntrain-27_lossfn-detnorm_variable_seed-1683/best.pkl
Epoch 0	Iteration 0
Train score = 10.0	Test score = 0.8665333986282349
Model save: checkpoints/checkpoints_semisupervised/checkpoint_dim-2_ntrain-27_lossfn-detnorm_variable_seed-1683/best.pkl
Epoch 20199	Iteration 20199
Train score = 1.4557615941157565e-05	Test score = 0.00043784084846265614
Model save: checkpoints/checkpoints_semisupervised/checkpoint_dim-2_ntrain-27_lossfn-detnorm_variable_seed-1683/final.pkl
Model save: checkpoints/checkpoints_semisupervised/checkpoint_dim-2_ntrain-28_lossfn-detnorm_seed-1683/best.pkl
Epoch 0	Iteration 0
Train score = 10.0	Test score = 0.8740290403366089
Model save: checkpoints/checkpoints_semisupervised/checkpoint_dim-2_ntrain-28_lossfn-detnorm_seed-1683/best.pkl
Epoch 20000	Iteration 20000
Train score = 7.674391781620216e-06	Test score = 0.00032343753264285624
Model save: checkpoints/checkpoints_semisupervised/checkpoint_dim-2_ntrain-28_lossfn-detnorm_seed-1683/final.pkl
Model save: checkpoints/checkpoints_semisupervised/checkpoint_dim-2_ntrain-28_lossfn-detnorm_variable_seed-1683/best.pkl
Epoch 0	Iteration 0
Train score = 10.0	Test score = 0.8740290403366089
Model save: checkpoints/checkpoints_semisupervised/checkpoint_dim-2_ntrain-28_lossfn-detnorm_variable_seed-1683/best.pkl
Epoch 20199	Iteration 20199
Train score = 1.0977390957123134e-05	Test score = 0.0004233230138197541
Model save: checkpoints/checkpoints_semisupervised/checkpoint_dim-2_ntrain-28_lossfn-detnorm_variable_seed-1683/final.pkl
Model save: checkpoints/checkpoints_semisupervised/checkpoint_dim-2_ntrain-29_lossfn-detnorm_seed-1683/best.pkl
Epoch 0	Iteration 0
Train score = 10.0	Test score = 0.864162027835846
Model save: checkpoints/checkpoints_semisupervised/checkpoint_dim-2_ntrain-29_lossfn-detnorm_seed-1683/best.pkl
Epoch 20000	Iteration 20000
Train score = 1.577759212523233e-05	Test score = 0.0004181667463853955
Model save: checkpoints/checkpoints_semisupervised/checkpoint_dim-2_ntrain-29_lossfn-detnorm_seed-1683/final.pkl
Model save: checkpoints/checkpoints_semisupervised/checkpoint_dim-2_ntrain-29_lossfn-detnorm_variable_seed-1683/best.pkl
Epoch 0	Iteration 0
Train score = 10.0	Test score = 0.864162027835846
Model save: checkpoints/checkpoints_semisupervised/checkpoint_dim-2_ntrain-29_lossfn-detnorm_variable_seed-1683/best.pkl
Epoch 20199	Iteration 20199
Train score = 8.126474313030485e-06	Test score = 0.00035491352900862694
Model save: checkpoints/checkpoints_semisupervised/checkpoint_dim-2_ntrain-29_lossfn-detnorm_variable_seed-1683/final.pkl
Model save: checkpoints/checkpoints_semisupervised/checkpoint_dim-2_ntrain-30_lossfn-detnorm_seed-1683/best.pkl
Epoch 0	Iteration 0
Train score = 10.0	Test score = 0.867824375629425
Model save: checkpoints/checkpoints_semisupervised/checkpoint_dim-2_ntrain-30_lossfn-detnorm_seed-1683/best.pkl
Epoch 20000	Iteration 20000
Train score = 8.032529876800254e-06	Test score = 0.0003168631228618324
Model save: checkpoints/checkpoints_semisupervised/checkpoint_dim-2_ntrain-30_lossfn-detnorm_seed-1683/final.pkl
Model save: checkpoints/checkpoints_semisupervised/checkpoint_dim-2_ntrain-30_lossfn-detnorm_variable_seed-1683/best.pkl
Epoch 0	Iteration 0
Train score = 10.0	Test score = 0.867824375629425
Model save: checkpoints/checkpoints_semisupervised/checkpoint_dim-2_ntrain-30_lossfn-detnorm_variable_seed-1683/best.pkl
Epoch 20199	Iteration 20199
Train score = 8.495079782733228e-06	Test score = 0.000370218011084944
Model save: checkpoints/checkpoints_semisupervised/checkpoint_dim-2_ntrain-30_lossfn-detnorm_variable_seed-1683/final.pkl
